Log file open, 02/24/17 15:04:31
LogInit:Display: Running engine for game: Soulless
LogPlatformFile: Not using cached read wrapper
LogInit:Display: RandInit(466680022) SRandInit(466680022).
LogTaskGraph: Started task graph with 5 named threads and 7 total threads with 1 sets of task threads.
LogStats: Stats thread started at 0.376950
LogPluginManager: Loaded Plugin Paper2D, From C:/Program Files/Epic Games/4.13/Engine/Plugins/2D/Paper2D/Paper2D.uplugin
LogPluginManager: Loaded Plugin LightPropagationVolume, From C:/Program Files/Epic Games/4.13/Engine/Plugins/Blendables/LightPropagationVolume/LightPropagationVolume.uplugin
LogPluginManager: Loaded Plugin BlankPlugin, From C:/Program Files/Epic Games/4.13/Engine/Plugins/Developer/BlankPlugin/BlankPlugin.uplugin
LogPluginManager: Loaded Plugin CodeLiteSourceCodeAccess, From C:/Program Files/Epic Games/4.13/Engine/Plugins/Developer/CodeLiteSourceCodeAccess/CodeLiteSourceCodeAccess.uplugin
LogPluginManager: Loaded Plugin GitSourceControl, From C:/Program Files/Epic Games/4.13/Engine/Plugins/Developer/GitSourceControl/GitSourceControl.uplugin
LogPluginManager: Loaded Plugin KDevelopSourceCodeAccess, From C:/Program Files/Epic Games/4.13/Engine/Plugins/Developer/KDevelopSourceCodeAccess/KDevelopSourceCodeAccess.uplugin
LogPluginManager: Loaded Plugin NullSourceCodeAccess, From C:/Program Files/Epic Games/4.13/Engine/Plugins/Developer/NullSourceCodeAccess/NullSourceCodeAccess.uplugin
LogPluginManager: Loaded Plugin OneSkyLocalizationService, From C:/Program Files/Epic Games/4.13/Engine/Plugins/Developer/OneSkyLocalizationService/OneSkyLocalizationService.uplugin
LogPluginManager: Loaded Plugin PerforceSourceControl, From C:/Program Files/Epic Games/4.13/Engine/Plugins/Developer/PerforceSourceControl/PerforceSourceControl.uplugin
LogPluginManager: Loaded Plugin SubversionSourceControl, From C:/Program Files/Epic Games/4.13/Engine/Plugins/Developer/SubversionSourceControl/SubversionSourceControl.uplugin
LogPluginManager: Loaded Plugin UObjectPlugin, From C:/Program Files/Epic Games/4.13/Engine/Plugins/Developer/UObjectPlugin/UObjectPlugin.uplugin
LogPluginManager: Loaded Plugin VisualStudioSourceCodeAccess, From C:/Program Files/Epic Games/4.13/Engine/Plugins/Developer/VisualStudioSourceCodeAccess/VisualStudioSourceCodeAccess.uplugin
LogPluginManager: Loaded Plugin XCodeSourceCodeAccess, From C:/Program Files/Epic Games/4.13/Engine/Plugins/Developer/XCodeSourceCodeAccess/XCodeSourceCodeAccess.uplugin
LogPluginManager: Loaded Plugin EpicSurvey, From C:/Program Files/Epic Games/4.13/Engine/Plugins/Editor/EpicSurvey/EpicSurvey.uplugin
LogPluginManager: Loaded Plugin MacGraphicsSwitching, From C:/Program Files/Epic Games/4.13/Engine/Plugins/Editor/MacGraphicsSwitching/MacGraphicsSwitching.uplugin
LogPluginManager: Loaded Plugin MobileLauncherProfileWizard, From C:/Program Files/Epic Games/4.13/Engine/Plugins/Editor/MobileLauncherProfileWizard/MobileLauncherProfileWizard.uplugin
LogPluginManager: Loaded Plugin PluginBrowser, From C:/Program Files/Epic Games/4.13/Engine/Plugins/Editor/PluginBrowser/PluginBrowser.uplugin
LogPluginManager: Loaded Plugin SpeedTreeImporter, From C:/Program Files/Epic Games/4.13/Engine/Plugins/Editor/SpeedTreeImporter/SpeedTreeImporter.uplugin
LogPluginManager: Loaded Plugin SuperSearchEditor, From C:/Program Files/Epic Games/4.13/Engine/Plugins/Editor/SuperSearchEditor/SuperSearchEditor.uplugin
LogPluginManager: Loaded Plugin AlembicImporter, From C:/Program Files/Epic Games/4.13/Engine/Plugins/Experimental/AlembicImporter/AlembicImporter.uplugin
LogPluginManager: Loaded Plugin BlueprintStats, From C:/Program Files/Epic Games/4.13/Engine/Plugins/Experimental/BlueprintStats/BlueprintStats.uplugin
LogPluginManager: Loaded Plugin CharacterAI, From C:/Program Files/Epic Games/4.13/Engine/Plugins/Experimental/CharacterAI/CharacterAI.uplugin
LogPluginManager: Loaded Plugin CodeEditor, From C:/Program Files/Epic Games/4.13/Engine/Plugins/Experimental/CodeEditor/CodeEditor.uplugin
LogPluginManager: Loaded Plugin CodeView, From C:/Program Files/Epic Games/4.13/Engine/Plugins/Experimental/CodeView/CodeView.uplugin
LogPluginManager: Loaded Plugin HTML5Networking, From C:/Program Files/Epic Games/4.13/Engine/Plugins/Experimental/HTML5Networking/HTML5Networking.uplugin
LogPluginManager: Loaded Plugin LiveEditor, From C:/Program Files/Epic Games/4.13/Engine/Plugins/Experimental/LiveEditor/LiveEditor.uplugin
LogPluginManager: Loaded Plugin OSVR, From C:/Program Files/Epic Games/4.13/Engine/Plugins/Experimental/OSVR/OSVR.uplugin
LogPluginManager: Loaded Plugin Phya, From C:/Program Files/Epic Games/4.13/Engine/Plugins/Experimental/Phya/Phya.uplugin
LogPluginManager: Loaded Plugin SignificanceManager, From C:/Program Files/Epic Games/4.13/Engine/Plugins/Experimental/SignificanceManager/SignificanceManager.uplugin
LogPluginManager: Loaded Plugin SimpleHMD, From C:/Program Files/Epic Games/4.13/Engine/Plugins/Experimental/SimpleHMD/SimpleHMD.uplugin
LogPluginManager: Loaded Plugin StereoPanorama, From C:/Program Files/Epic Games/4.13/Engine/Plugins/Experimental/StereoPanorama/StereoPanorama.uplugin
LogPluginManager: Loaded Plugin StructBox, From C:/Program Files/Epic Games/4.13/Engine/Plugins/Experimental/StructBox/StructBox.uplugin
LogPluginManager: Loaded Plugin AndroidMedia, From C:/Program Files/Epic Games/4.13/Engine/Plugins/Media/AndroidMedia/AndroidMedia.uplugin
LogPluginManager: Loaded Plugin AvfMedia, From C:/Program Files/Epic Games/4.13/Engine/Plugins/Media/AvfMedia/AvfMedia.uplugin
LogPluginManager: Loaded Plugin MediaPlayerEditor, From C:/Program Files/Epic Games/4.13/Engine/Plugins/Media/MediaPlayerEditor/MediaPlayerEditor.uplugin
LogPluginManager: Loaded Plugin WmfMedia, From C:/Program Files/Epic Games/4.13/Engine/Plugins/Media/WmfMedia/WmfMedia.uplugin
LogPluginManager: Loaded Plugin MessagingDebugger, From C:/Program Files/Epic Games/4.13/Engine/Plugins/Messaging/MessagingDebugger/MessagingDebugger.uplugin
LogPluginManager: Loaded Plugin TcpMessaging, From C:/Program Files/Epic Games/4.13/Engine/Plugins/Messaging/TcpMessaging/TcpMessaging.uplugin
LogPluginManager: Loaded Plugin UdpMessaging, From C:/Program Files/Epic Games/4.13/Engine/Plugins/Messaging/UdpMessaging/UdpMessaging.uplugin
LogPluginManager: Loaded Plugin LevelSequenceEditor, From C:/Program Files/Epic Games/4.13/Engine/Plugins/MovieScene/LevelSequenceEditor/LevelSequenceEditor.uplugin
LogPluginManager: Loaded Plugin MatineeToLevelSequence, From C:/Program Files/Epic Games/4.13/Engine/Plugins/MovieScene/MatineeToLevelSequence/MatineeToLevelSequence.uplugin
LogPluginManager: Loaded Plugin NetcodeUnitTest, From C:/Program Files/Epic Games/4.13/Engine/Plugins/NetcodeUnitTest/NetcodeUnitTest/NetcodeUnitTest.uplugin
LogPluginManager: Loaded Plugin NUTUnrealEngine4, From C:/Program Files/Epic Games/4.13/Engine/Plugins/NetcodeUnitTest/NUTUnrealEngine4/NUTUnrealEngine4.uplugin
LogPluginManager: Loaded Plugin OnlineSubsystemGooglePlay, From C:/Program Files/Epic Games/4.13/Engine/Plugins/Online/Android/OnlineSubsystemGooglePlay/OnlineSubsystemGooglePlay.uplugin
LogPluginManager: Loaded Plugin OnlineSubsystemIOS, From C:/Program Files/Epic Games/4.13/Engine/Plugins/Online/IOS/OnlineSubsystemIOS/OnlineSubsystemIOS.uplugin
LogPluginManager: Loaded Plugin OnlineFramework, From C:/Program Files/Epic Games/4.13/Engine/Plugins/Online/OnlineFramework/OnlineFramework.uplugin
LogPluginManager: Loaded Plugin OnlineSubsystem, From C:/Program Files/Epic Games/4.13/Engine/Plugins/Online/OnlineSubsystem/OnlineSubsystem.uplugin
LogPluginManager: Loaded Plugin OnlineSubsystemAmazon, From C:/Program Files/Epic Games/4.13/Engine/Plugins/Online/OnlineSubsystemAmazon/OnlineSubsystemAmazon.uplugin
LogPluginManager: Loaded Plugin OnlineSubsystemFacebook, From C:/Program Files/Epic Games/4.13/Engine/Plugins/Online/OnlineSubsystemFacebook/OnlineSubsystemFacebook.uplugin
LogPluginManager: Loaded Plugin OnlineSubsystemNull, From C:/Program Files/Epic Games/4.13/Engine/Plugins/Online/OnlineSubsystemNull/OnlineSubsystemNull.uplugin
LogPluginManager: Loaded Plugin OnlineSubsystemOculus, From C:/Program Files/Epic Games/4.13/Engine/Plugins/Online/OnlineSubsystemOculus/OnlineSubsystemOculus.uplugin
LogPluginManager: Loaded Plugin OnlineSubsystemSteam, From C:/Program Files/Epic Games/4.13/Engine/Plugins/Online/OnlineSubsystemSteam/OnlineSubsystemSteam.uplugin
LogPluginManager: Loaded Plugin OnlineSubsystemUtils, From C:/Program Files/Epic Games/4.13/Engine/Plugins/Online/OnlineSubsystemUtils/OnlineSubsystemUtils.uplugin
LogPluginManager: Loaded Plugin IOSTapJoy, From C:/Program Files/Epic Games/4.13/Engine/Plugins/Runtime/Advertising/IOSTapJoy/IOSTapJoy.uplugin
LogPluginManager: Loaded Plugin AnalyticsBlueprintLibrary, From C:/Program Files/Epic Games/4.13/Engine/Plugins/Runtime/Analytics/AnalyticsBlueprintLibrary/AnalyticsBlueprintLibrary.uplugin
LogPluginManager: Loaded Plugin AnalyticsMulticast, From C:/Program Files/Epic Games/4.13/Engine/Plugins/Runtime/Analytics/AnalyticsMulticast/AnalyticsMulticast.uplugin
LogPluginManager: Loaded Plugin Apsalar, From C:/Program Files/Epic Games/4.13/Engine/Plugins/Runtime/Analytics/Apsalar/Apsalar.uplugin
LogPluginManager: Loaded Plugin FileLogging, From C:/Program Files/Epic Games/4.13/Engine/Plugins/Runtime/Analytics/FileLogging/FileLogging.uplugin
LogPluginManager: Loaded Plugin Flurry, From C:/Program Files/Epic Games/4.13/Engine/Plugins/Runtime/Analytics/Flurry/Flurry.uplugin
LogPluginManager: Loaded Plugin AndroidDeviceProfileSelector, From C:/Program Files/Epic Games/4.13/Engine/Plugins/Runtime/AndroidDeviceProfileSelector/AndroidDeviceProfileSelector.uplugin
LogPluginManager: Loaded Plugin AndroidMoviePlayer, From C:/Program Files/Epic Games/4.13/Engine/Plugins/Runtime/AndroidMoviePlayer/AndroidMoviePlayer.uplugin
LogPluginManager: Loaded Plugin AppleMoviePlayer, From C:/Program Files/Epic Games/4.13/Engine/Plugins/Runtime/AppleMoviePlayer/AppleMoviePlayer.uplugin
LogPluginManager: Loaded Plugin ArchVisCharacter, From C:/Program Files/Epic Games/4.13/Engine/Plugins/Runtime/ArchVisCharacter/ArchVisCharacter.uplugin
LogPluginManager: Loaded Plugin CableComponent, From C:/Program Files/Epic Games/4.13/Engine/Plugins/Runtime/CableComponent/CableComponent.uplugin
LogPluginManager: Loaded Plugin CustomMeshComponent, From C:/Program Files/Epic Games/4.13/Engine/Plugins/Runtime/CustomMeshComponent/CustomMeshComponent.uplugin
LogPluginManager: Loaded Plugin ExampleDeviceProfileSelector, From C:/Program Files/Epic Games/4.13/Engine/Plugins/Runtime/ExampleDeviceProfileSelector/ExampleDeviceProfileSelector.uplugin
LogPluginManager: Loaded Plugin GearVR, From C:/Program Files/Epic Games/4.13/Engine/Plugins/Runtime/GearVR/GearVR.uplugin
LogPluginManager: Loaded Plugin GoogleVRController, From C:/Program Files/Epic Games/4.13/Engine/Plugins/Runtime/GoogleVR/GoogleVRController/GoogleVRController.uplugin
LogPluginManager: Loaded Plugin GoogleVRHMD, From C:/Program Files/Epic Games/4.13/Engine/Plugins/Runtime/GoogleVR/GoogleVRHMD/GoogleVRHMD.uplugin
LogPluginManager: Loaded Plugin IOSDeviceProfileSelector, From C:/Program Files/Epic Games/4.13/Engine/Plugins/Runtime/IOSDeviceProfileSelector/IOSDeviceProfileSelector.uplugin
LogPluginManager: Loaded Plugin LeapMotion, From C:/Program Files/Epic Games/4.13/Engine/Plugins/Runtime/LeapMotion/LeapMotion.uplugin
LogPluginManager: Loaded Plugin LinuxDeviceProfileSelector, From C:/Program Files/Epic Games/4.13/Engine/Plugins/Runtime/LinuxDeviceProfileSelector/LinuxDeviceProfileSelector.uplugin
LogPluginManager: Loaded Plugin LiveEditorListenServer, From C:/Program Files/Epic Games/4.13/Engine/Plugins/Runtime/LiveEditorListenServer/LiveEditorListenServer.uplugin
LogPluginManager: Loaded Plugin OculusAudio, From C:/Program Files/Epic Games/4.13/Engine/Plugins/Runtime/OculusAudio/OculusAudio.uplugin
LogPluginManager: Loaded Plugin OculusInput, From C:/Program Files/Epic Games/4.13/Engine/Plugins/Runtime/OculusInput/OculusInput.uplugin
LogPluginManager: Loaded Plugin OculusLibrary, From C:/Program Files/Epic Games/4.13/Engine/Plugins/Runtime/OculusLibrary/OculusLibrary.uplugin
LogPluginManager: Loaded Plugin OculusRift, From C:/Program Files/Epic Games/4.13/Engine/Plugins/Runtime/OculusRift/OculusRift.uplugin
LogPluginManager: Loaded Plugin Oodle, From C:/Program Files/Epic Games/4.13/Engine/Plugins/Runtime/PacketHandlers/CompressionComponents/Oodle/Oodle.uplugin
LogPluginManager: Loaded Plugin ProceduralMeshComponent, From C:/Program Files/Epic Games/4.13/Engine/Plugins/Runtime/ProceduralMeshComponent/ProceduralMeshComponent.uplugin
LogPluginManager: Loaded Plugin SoundMod, From C:/Program Files/Epic Games/4.13/Engine/Plugins/Runtime/SoundMod/SoundMod.uplugin
LogPluginManager: Loaded Plugin SoundVisualizations, From C:/Program Files/Epic Games/4.13/Engine/Plugins/Runtime/SoundVisualizations/SoundVisualizations.uplugin
LogPluginManager: Loaded Plugin SteamController, From C:/Program Files/Epic Games/4.13/Engine/Plugins/Runtime/Steam/SteamController/SteamController.uplugin
LogPluginManager: Loaded Plugin SteamVR, From C:/Program Files/Epic Games/4.13/Engine/Plugins/Runtime/Steam/SteamVR/SteamVR.uplugin
LogPluginManager: Loaded Plugin WebBrowserWidget, From C:/Program Files/Epic Games/4.13/Engine/Plugins/Runtime/WebBrowserWidget/WebBrowserWidget.uplugin
LogPluginManager: Loaded Plugin WindowsDeviceProfileSelector, From C:/Program Files/Epic Games/4.13/Engine/Plugins/Runtime/WindowsDeviceProfileSelector/WindowsDeviceProfileSelector.uplugin
LogPluginManager: Loaded Plugin WindowsMoviePlayer, From C:/Program Files/Epic Games/4.13/Engine/Plugins/Runtime/WindowsMoviePlayer/WindowsMoviePlayer.uplugin
LogPluginManager: Loaded Plugin ScriptPlugin, From C:/Program Files/Epic Games/4.13/Engine/Plugins/ScriptPlugin/ScriptPlugin.uplugin
LogPluginManager: Loaded Plugin SlateRemote, From C:/Program Files/Epic Games/4.13/Engine/Plugins/Slate/SlateRemote/SlateRemote.uplugin
LogInit: Using libcurl 7.47.1
LogInit:  - built for x86_64-pc-win32
LogInit:  - supports SSL with WinSSL
LogInit:  - other features:
LogInit:      CURL_VERSION_SSL
LogInit:      CURL_VERSION_IPV6
LogInit:      CURL_VERSION_ASYNCHDNS
LogInit:      CURL_VERSION_LARGEFILE
LogInit:      CURL_VERSION_IDN
LogInit:  CurlRequestOptions (configurable via config and command line):
LogInit:  - bVerifyPeer = false  - Libcurl will NOT verify peer certificate
LogInit:  - bUseHttpProxy = false  - Libcurl will NOT use HTTP proxy
LogInit:  - bDontReuseConnections = false  - Libcurl will reuse connections
LogInit:  - CertBundlePath = nullptr  - Libcurl will use whatever was configured at build time.
LogInit: Build: ++UE4+Release-4.13-CL-3172292
LogInit: Engine Version: 4.13.2-3172292+++UE4+Release-4.13
LogInit: Compatible Engine Version: 4.13.0-3106830+++UE4+Release-4.13
LogInit: Net CL: 3172292
LogDevObjectVersion: Number of dev versions registered: 13
LogDevObjectVersion:   Dev-Blueprints (B0D832E4-1F89-4F0D-ACCF-7EB736FD4AA2): 5
LogDevObjectVersion:   Dev-Build (E1C64328-A22C-4D53-A36C-8E866417BD8C): 0
LogDevObjectVersion:   Dev-Core (375EC13C-06E4-48FB-B500-84F0262A717E): 1
LogDevObjectVersion:   Dev-Editor (E4B068ED-F494-42E9-A231-DA0B2E46BB41): 6
LogDevObjectVersion:   Dev-Framework (CFFC743F-43B0-4480-9391-14DF171D2073): 12
LogDevObjectVersion:   Dev-Mobile (B02B49B5-BB20-44E9-A304-32B752E40360): 0
LogDevObjectVersion:   Dev-Networking (A4E4105C-59A1-49B5-A7C5-40C4547EDFEE): 0
LogDevObjectVersion:   Dev-Online (39C831C9-5AE6-47DC-9A44-9C173E1C8E7C): 0
LogDevObjectVersion:   Dev-Physics (78F01B33-EBEA-4F98-B9B4-84EACCB95AA2): 0
LogDevObjectVersion:   Dev-Platform (6631380F-2D4D-43E0-8009-CF276956A95A): 0
LogDevObjectVersion:   Dev-Rendering (12F88B9F-8875-4AFC-A67C-D90C383ABD29): 4
LogDevObjectVersion:   Dev-Sequencer (7B5AE74C-D270-4C10-A958-57980B212A5A): 0
LogDevObjectVersion:   Dev-VR (D7296918-1DD6-4BDD-9DE2-64A83CC13884): 0
LogInit: Compiled (64-bit): Oct 24 2016 14:29:06
LogInit: Compiled with Visual C++: 19.00.23026.00
LogInit: Build Configuration: Development
LogInit: Branch Name: ++UE4+Release-4.13
LogInit: Command line:  
LogInit: Base directory: C:/Program Files/Epic Games/4.13/Engine/Binaries/Win64/
LogInit: Installed Engine Build: 1
LogInit: Presizing for max 8388607 objects, including 0 objects not considered by GC, pre-allocating 0 bytes for permanent pool.
LogInit: Object subsystem initialized
[2017.02.24-20.04.32:603][  0]LogInit: Selected Device Profile: [Windows]
[2017.02.24-20.04.32:603][  0]LogInit: Applying CVar settings loaded from the selected device profile: [Windows]
[2017.02.24-20.04.32:631][  0]LogInit: Computer: MAEBEKNOT-PC
[2017.02.24-20.04.32:631][  0]LogInit: User: MaebeKnot
[2017.02.24-20.04.32:631][  0]LogInit: CPU Page size=65536, Cores=3
[2017.02.24-20.04.32:631][  0]LogInit: High frequency timer resolution =3.429450 MHz
[2017.02.24-20.04.32:631][  0]LogMemory: Memory total: Physical=15.9GB (16GB approx)
[2017.02.24-20.04.32:631][  0]LogMemory: Platform Memory Stats for Windows
[2017.02.24-20.04.32:631][  0]LogMemory: Process Physical Memory: 256.45 MB used, 256.45 MB peak
[2017.02.24-20.04.32:631][  0]LogMemory: Process Virtual Memory: 259.90 MB used, 259.90 MB peak
[2017.02.24-20.04.32:631][  0]LogMemory: Physical Memory: 5974.01 MB used, 16285.13 MB total
[2017.02.24-20.04.32:631][  0]LogMemory: Virtual Memory: 622.48 MB used, 134217728.00 MB total
[2017.02.24-20.04.33:699][  0]LogTextLocalizationManager: No specific translations for ('en-US') exist, so ('en') translations will be used.
[2017.02.24-20.04.38:197][  0]LogD3D11RHI: D3D11 adapters:
[2017.02.24-20.04.38:245][  0]LogD3D11RHI:    0. 'NVIDIA GeForce GTX 760' (Feature Level 11_0)
[2017.02.24-20.04.38:245][  0]LogD3D11RHI:       2017/0/8142 MB DedicatedVideo/DedicatedSystem/SharedSystem, Outputs:2, VendorId:0x10de
[2017.02.24-20.04.38:261][  0]LogD3D11RHI:    1. 'Microsoft Basic Render Driver' (Feature Level 11_0)
[2017.02.24-20.04.38:261][  0]LogD3D11RHI:       0/0/8142 MB DedicatedVideo/DedicatedSystem/SharedSystem, Outputs:0, VendorId:0x1414
[2017.02.24-20.04.38:261][  0]LogD3D11RHI: Chosen D3D11 Adapter: 0
[2017.02.24-20.04.38:269][  0]LogD3D11RHI: Creating new Direct3DDevice
[2017.02.24-20.04.38:269][  0]LogD3D11RHI:     GPU DeviceId: 0x1187 (for the marketing name, search the web for "GPU Device Id")
[2017.02.24-20.04.38:269][  0]LogWindows: EnumDisplayDevices:
[2017.02.24-20.04.38:269][  0]LogWindows:    0. 'NVIDIA GeForce GTX 760' (P:0 D:1)
[2017.02.24-20.04.38:270][  0]LogWindows:    1. 'NVIDIA GeForce GTX 760' (P:1 D:1)
[2017.02.24-20.04.38:270][  0]LogWindows:    2. 'NVIDIA GeForce GTX 760' (P:0 D:0)
[2017.02.24-20.04.38:270][  0]LogWindows:    3. 'NVIDIA GeForce GTX 760' (P:0 D:0)
[2017.02.24-20.04.38:270][  0]LogWindows: DebugString: FoundDriverCount:4 
[2017.02.24-20.04.38:270][  0]LogD3D11RHI:     Adapter Name: NVIDIA GeForce GTX 760
[2017.02.24-20.04.38:270][  0]LogD3D11RHI:   Driver Version: 378.49 (internal:21.21.13.7849, unified:378.49)
[2017.02.24-20.04.38:270][  0]LogD3D11RHI:      Driver Date: 1-20-2017
[2017.02.24-20.04.38:270][  0]LogRHI: Texture pool is 1361 MB (70% of 1945 MB)
[2017.02.24-20.04.38:311][  0]LogD3D11RHI: Async texture creation enabled
[2017.02.24-20.04.38:332][  0]LogD3D11RHI: GPU Timing Frequency: 1000.000000 (Debug: 2 2)
[2017.02.24-20.04.38:333][  0]LogShaderCompilers: Guid format shader working directory is 22 characters bigger than the processId version (G:/GitHub/Soulless/Soulless/Intermediate/Shaders/WorkingDirectory/2184/).
[2017.02.24-20.04.38:333][  0]LogShaderCompilers: Cleaned the shader compiler working directory 'C:/Users/MAEBEK~1/AppData/Local/Temp/UnrealShaderWorkingDir/88A04344453A3D8AF851339E5FB62B13/'.
[2017.02.24-20.04.38:333][  0]LogShaderCompilers:Display: Using Local Shader Compiler.
[2017.02.24-20.04.45:270][  0]LogTemp:Display: Loaded TP AllDesktopTargetPlatform
[2017.02.24-20.04.45:320][  0]LogTemp:Display: Loaded TP WindowsClientTargetPlatform
[2017.02.24-20.04.45:366][  0]LogTemp:Display: Loaded TP WindowsNoEditorTargetPlatform
[2017.02.24-20.04.45:411][  0]LogTemp:Display: Loaded TP WindowsServerTargetPlatform
[2017.02.24-20.04.45:481][  0]LogTemp:Display: Loaded TP WindowsTargetPlatform
[2017.02.24-20.04.45:544][  0]LogTemp:Display: Loaded TP AndroidTargetPlatform
[2017.02.24-20.04.45:620][  0]LogTemp:Display: Loaded TP Android_ASTCTargetPlatform
[2017.02.24-20.04.45:706][  0]LogTemp:Display: Loaded TP Android_ATCTargetPlatform
[2017.02.24-20.04.45:783][  0]LogTemp:Display: Loaded TP Android_DXTTargetPlatform
[2017.02.24-20.04.45:809][  0]LogTemp:Display: Loaded TP Android_ETC1TargetPlatform
[2017.02.24-20.04.45:890][  0]LogTemp:Display: Loaded TP Android_ETC2TargetPlatform
[2017.02.24-20.04.46:044][  0]LogTemp:Display: Loaded TP Android_MultiTargetPlatform
[2017.02.24-20.04.46:044][  0]LogTemp:Display: Loaded TP Android_PVRTCTargetPlatform
[2017.02.24-20.04.46:119][  0]LogTemp:Display: Loaded TP HTML5TargetPlatform
[2017.02.24-20.04.46:293][  0]LogTemp:Display: Loaded TP IOSTargetPlatform
[2017.02.24-20.04.46:313][  0]LogTemp:Display: Loaded TP TVOSTargetPlatform
[2017.02.24-20.04.46:363][  0]LogTemp:Display: Loaded TP LinuxClientTargetPlatform
[2017.02.24-20.04.46:417][  0]LogTemp:Display: Loaded TP LinuxNoEditorTargetPlatform
[2017.02.24-20.04.46:495][  0]LogTemp:Display: Loaded TP LinuxServerTargetPlatform
[2017.02.24-20.04.46:566][  0]LogTemp:Display: Loaded TP LinuxTargetPlatform
[2017.02.24-20.04.46:566][  0]LogTargetPlatformManager:Display: Building Assets For Windows
[2017.02.24-20.04.48:195][  0]LogDerivedDataCache:Display: Max Cache Size: 512 MB
[2017.02.24-20.04.49:014][  0]LogDerivedDataCache: Loaded boot cache 0.82s 80MB C:/Users/MaebeKnot/AppData/Local/UnrealEngine/4.13/DerivedDataCache/Boot.ddc.
[2017.02.24-20.04.49:014][  0]LogDerivedDataCache:Display: Loaded Boot cache: C:/Users/MaebeKnot/AppData/Local/UnrealEngine/4.13/DerivedDataCache/Boot.ddc
[2017.02.24-20.04.49:014][  0]LogDerivedDataCache: FDerivedDataBackendGraph:  Pak pak cache file G:/GitHub/Soulless/Soulless/DerivedDataCache/DDC.ddp not found, will not use a pak cache.
[2017.02.24-20.04.49:014][  0]LogDerivedDataCache: Unable to find inner node Pak for hierarchical cache Hierarchy.
[2017.02.24-20.04.49:014][  0]LogDerivedDataCache: FDerivedDataBackendGraph:  CompressedPak pak cache file G:/GitHub/Soulless/Soulless/DerivedDataCache/Compressed.ddp not found, will not use a pak cache.
[2017.02.24-20.04.49:014][  0]LogDerivedDataCache: Unable to find inner node CompressedPak for hierarchical cache Hierarchy.
[2017.02.24-20.04.49:060][  0]LogDerivedDataCache:Display: Pak cache opened for reading ../../../Engine/DerivedDataCache/Compressed.ddp.
[2017.02.24-20.04.49:085][  0]LogDerivedDataCache: Using Local data cache path C:/Users/MaebeKnot/AppData/Local/UnrealEngine/Common/DerivedDataCache: Writable
[2017.02.24-20.04.52:317][  0]LogInit: Selected Device Profile: [Windows]
[2017.02.24-20.04.52:490][  0]LogContentStreaming: Texture pool size is 0.00 MB
[2017.02.24-20.04.52:725][  0]LogMeshUtilities: No automatic mesh reduction module available
[2017.02.24-20.04.52:725][  0]LogMeshUtilities: No automatic mesh merging module available
[2017.02.24-20.04.52:725][  0]LogMeshUtilities: No distributed automatic mesh merging module available
[2017.02.24-20.04.53:355][  0]LogMaterial: Uniform references updated for custom material expression Custom.
[2017.02.24-20.04.56:254][  0]LogNetVersion: GetLocalNetworkVersion: CL: 3106830, ProjectName: soulless, ProjectVersion: , EngineNetworkVersion: 1, GameNetworkVersion: 0, NetworkChecksum: 194504639
[2017.02.24-20.04.56:415][  0]LogAssetRegistry: FAssetRegistry took 0.0222 seconds to start up
[2017.02.24-20.04.56:458][  0]LogPackageLocalizationCache: Processed 3 localized package path(s) for 2 prioritized culture(s) in 0.036838 seconds
[2017.02.24-20.04.56:466][  0]LogUObjectArray: 29782 objects as part of root set at end of initial load.
[2017.02.24-20.04.56:466][  0]LogUObjectAllocator: 6126776 out of 0 bytes used by permanent object pool.
[2017.02.24-20.04.56:466][  0]LogUObjectArray: CloseDisregardForGC: 0/0 objects in disregard for GC pool
[2017.02.24-20.04.56:608][  0]LogInit: WinSock: version 1.1 (2.2), MaxSocks=32767, MaxUdp=65467
[2017.02.24-20.05.07:145][  0]LogSlate: SlateFontCache - WITH_FREETYPE: 1, WITH_HARFBUZZ: 1
[2017.02.24-20.05.07:145][  0]LogSlate: SlateFontCache - WITH_FREETYPE: 1, WITH_HARFBUZZ: 1
[2017.02.24-20.05.35:249][  0]LogTcpMessaging: Initializing TcpMessaging bridge
[2017.02.24-20.05.35:585][  0]LogUdpMessaging: Initializing bridge on interface 0.0.0.0:0 to multicast group 230.0.0.1:6666.
[2017.02.24-20.05.37:161][  0]SourceControl: Info Source control is disabled
[2017.02.24-20.05.38:215][  0]SourceControl: Info Source control is disabled
[2017.02.24-20.05.38:587][  0]SourceControl: Info Source control is disabled
[2017.02.24-20.05.38:736][  0]SourceControl: Info Source control is disabled
[2017.02.24-20.05.41:615][  0]LogEngine: Initializing Engine...
[2017.02.24-20.05.41:728][  0]LogHMD: Failed to initialize OpenVR with code 108
[2017.02.24-20.05.42:159][  0]LogAIModule: Creating AISystem for world Untitled
[2017.02.24-20.05.42:223][  0]LogInit: XAudio2 using 'Speakers (Realtek High Definition Audio)' : 2 channels at 48 kHz using 32 bits per sample (channel mask 0x3)
[2017.02.24-20.05.42:265][  0]LogInit: FAudioDevice initialized.
[2017.02.24-20.05.42:351][  0]LogDerivedDataCache: Saved boot cache 0.09s 80MB C:/Users/MaebeKnot/AppData/Local/UnrealEngine/4.13/DerivedDataCache/Boot.ddc.
[2017.02.24-20.05.42:369][  0]LogInit: Texture streaming: Enabled
[2017.02.24-20.05.42:661][  0]LogWindowsTextInputMethodSystem:Display: IME system now deactivated.
[2017.02.24-20.05.43:741][  0]LogInit: Transaction tracking system initialized
[2017.02.24-20.05.45:505][  0]BlueprintLog: New page: Editor Load
[2017.02.24-20.05.48:203][  0]LocalizationService: Info Localization service is disabled
[2017.02.24-20.05.50:476][  0]LogConsoleResponse:Display: 
[2017.02.24-20.05.52:914][  0]LogCook:Display: Max memory allowance for cook 16384mb min free memory 0mb
[2017.02.24-20.05.52:914][  0]LogCook:Display: Mobile HDR setting 1
[2017.02.24-20.05.53:671][  0]LogFileCache: Scanning file cache for directory 'G:/GitHub/Soulless/Soulless/Content/' took 0.02s
[2017.02.24-20.05.59:018][  0]SourceControl: Info Source control is disabled
[2017.02.24-20.05.59:018][  0]Cmd: MAP LOAD FILE="G:/GitHub/Soulless/Soulless/Content/TowerDefense/Levels/GameLevel.umap" TEMPLATE=0 SHOWPROGRESS=1 FEATURELEVEL=3
[2017.02.24-20.05.59:019][  0]LightingResults: New page: Lighting Build
[2017.02.24-20.05.59:025][  0]MapCheck: New page: Map Check
[2017.02.24-20.05.59:025][  0]LightingResults: New page: Lighting Build
[2017.02.24-20.06.00:571][  0]LogAIModule: Creating AISystem for world GameLevel
[2017.02.24-20.06.00:792][  0]LogEditorServer: Finished looking for orphan Actors (0.000 secs)
[2017.02.24-20.06.00:794][  0]Cmd: MAP CHECKDEP NOCLEARLOG
[2017.02.24-20.06.01:025][  0]MapCheck: Info Map check complete: 0 Error(s), 0 Warning(s), took 231.178ms to complete.
[2017.02.24-20.06.01:028][  0]LogFileHelpers: Loading map 'GameLevel' took 2.010
[2017.02.24-20.06.01:831][  0]LogCollectionManager: Loaded 0 collections in 0.003389 seconds
[2017.02.24-20.06.01:904][  0]LogFileCache: Scanning file cache for directory 'G:/GitHub/Soulless/Soulless/Saved/Collections/' took 0.01s
[2017.02.24-20.06.01:904][  0]LogFileCache: Scanning file cache for directory 'G:/GitHub/Soulless/Soulless/Content/Developers/MaebeKnot/Collections/' took 0.01s
[2017.02.24-20.06.01:905][  0]LogFileCache: Scanning file cache for directory 'G:/GitHub/Soulless/Soulless/Content/Collections/' took 0.01s
[2017.02.24-20.06.01:905][  0]LogCollectionManager: Rebuilt the GUID cache for 0 collections in 0.000011 seconds
[2017.02.24-20.06.01:919][  0]LogContentBrowser: Native class hierarchy populated in 0.0138 seconds. Added 2141 classes and 415 folders.
[2017.02.24-20.06.01:925][  0]LogStats: UGameplayTagsManager::ConstructGameplayTagTree: Construct from data asset -  0.000 s
[2017.02.24-20.06.01:925][  0]LogStats: UGameplayTagsManager::ConstructGameplayTagTree: GameplayTagTreeChangedEvent.Broadcast -  0.000 s
[2017.02.24-20.06.01:926][  0]LogContentBrowser: Native class hierarchy updated for 'GameplayTags' in 0.0008 seconds. Added 12 classes and 0 folders.
[2017.02.24-20.06.01:935][  0]LogContentBrowser: Native class hierarchy updated for 'WidgetCarousel' in 0.0006 seconds. Added 0 classes and 0 folders.
[2017.02.24-20.06.05:362][  0]LogContentBrowser: Native class hierarchy updated for 'AddContentDialog' in 0.0007 seconds. Added 0 classes and 0 folders.
[2017.02.24-20.06.05:932][  0]LogContentBrowser: Native class hierarchy updated for 'SceneOutliner' in 0.0008 seconds. Added 1 classes and 2 folders.
[2017.02.24-20.06.06:418][  0]LogContentBrowser: Native class hierarchy updated for 'WorldBrowser' in 0.0007 seconds. Added 1 classes and 3 folders.
[2017.02.24-20.06.06:473][  0]LogCrashTracker: Crashtracker disabled due to settings.
[2017.02.24-20.06.06:481][  0]LogUObjectGlobals:Warning: Failed to find object 'Class None.'
[2017.02.24-20.06.06:638][  0]LogContentBrowser: Native class hierarchy updated for 'HierarchicalLODOutliner' in 0.0010 seconds. Added 1 classes and 2 folders.
[2017.02.24-20.06.06:639][  0]LogLoad: (Engine Initialization) Total time: 99.88 seconds
[2017.02.24-20.06.06:639][  0]LogLoad: (Engine Initialization) Total Blueprint compile time: 0.18 seconds
[2017.02.24-20.06.06:639][  0]LogExternalProfiler: Found external profiler: VSPerf
[2017.02.24-20.06.06:639][  0]LogExternalProfiler: Using external profiler: VSPerf
[2017.02.24-20.06.06:648][  0]LogOcInput: OculusInput pre-init called
[2017.02.24-20.06.06:677][  0]LogContentStreaming: Texture pool size now 800 MB
[2017.02.24-20.06.07:335][  1]LogRenderer: Reallocating scene render targets to support 848x404 (Frame:2).
[2017.02.24-20.06.07:546][  3]LogAssetRegistry: Asset discovery search completed in 71.1529 seconds
[2017.02.24-20.06.07:546][  3]LogCollectionManager: Rebuilt the object cache for 0 collections in 0.000001 seconds (found 0 objects)
[2017.02.24-20.06.07:546][  3]LogCollectionManager: Fixed up redirectors for 0 collections in 0.000057 seconds (updated 0 objects)
[2017.02.24-20.25.43:816][405]LogBlueprintUserMessages: Early PlayInEditor Detection: Level '/Game/TowerDefense/Levels/GameLevel.GameLevel:PersistentLevel' has LevelScriptBlueprint '/Game/TowerDefense/Levels/GameLevel.GameLevel:PersistentLevel.GameLevel' with GeneratedClass '/Game/TowerDefense/Levels/GameLevel.GameLevel_C' with ClassGeneratedBy '/Game/TowerDefense/Levels/GameLevel.GameLevel:PersistentLevel.GameLevel'
[2017.02.24-20.25.43:816][405]LogPlayLevel: PlayLevel: No blueprints needed recompiling
[2017.02.24-20.25.43:817][405]PIE: New page: PIE session: GameLevel (Feb 24, 2017, 10:25:43 AM)
[2017.02.24-20.25.43:824][405]LogPlayLevel: Creating play world package: /Game/TowerDefense/Levels/UEDPIE_0_GameLevel
[2017.02.24-20.25.43:839][405]LogPlayLevel: PIE: StaticDuplicateObject took: (0.014771s)
[2017.02.24-20.25.43:841][405]LogAIModule: Creating AISystem for world GameLevel
[2017.02.24-20.25.43:841][405]LogPlayLevel: PIE: World Init took: (0.002380s)
[2017.02.24-20.25.43:842][405]LogPlayLevel: PIE: Created PIE world by copying editor world from /Game/TowerDefense/Levels/GameLevel.GameLevel to /Game/TowerDefense/Levels/UEDPIE_0_GameLevel.GameLevel (0.017724s)
[2017.02.24-20.25.43:900][405]LogInit: XAudio2 using 'Speakers (Realtek High Definition Audio)' : 2 channels at 48 kHz using 32 bits per sample (channel mask 0x3)
[2017.02.24-20.25.43:918][405]LogInit: FAudioDevice initialized.
[2017.02.24-20.25.45:820][405]LogWorld: Game class is 'TDGameMode_C'
[2017.02.24-20.25.45:825][405]LogWorld: Bringing World /Game/TowerDefense/Levels/UEDPIE_0_GameLevel.GameLevel up for play (max tick rate 0) at 2017.02.24-15.25.45
[2017.02.24-20.25.45:826][405]LogWorld: Bringing up level for play took: 0.003166
[2017.02.24-20.25.45:835][405]LogContentBrowser: Native class hierarchy updated for 'MovieSceneCapture' in 0.0016 seconds. Added 11 classes and 0 folders.
[2017.02.24-20.25.45:835][405]LogGameMode:Display: Match State Changed from EnteringMap to WaitingToStart
[2017.02.24-20.25.45:835][405]LogGameState: Match State Changed from EnteringMap to WaitingToStart
[2017.02.24-20.25.45:835][405]LogGameMode:Display: Match State Changed from WaitingToStart to InProgress
[2017.02.24-20.25.45:843][405]LogGameState: Match State Changed from WaitingToStart to InProgress
[2017.02.24-20.25.45:849][405]PIE: Info Play in editor start time for /Game/TowerDefense/Levels/UEDPIE_0_GameLevel 1.82
[2017.02.24-20.25.45:850][405]LogBlueprintUserMessages: Late PlayInEditor Detection: Level '/Game/TowerDefense/Levels/GameLevel.GameLevel:PersistentLevel' has LevelScriptBlueprint '/Game/TowerDefense/Levels/GameLevel.GameLevel:PersistentLevel.GameLevel' with GeneratedClass '/Game/TowerDefense/Levels/GameLevel.GameLevel_C' with ClassGeneratedBy '/Game/TowerDefense/Levels/GameLevel.GameLevel:PersistentLevel.GameLevel'
[2017.02.24-20.25.45:850][405]LogScriptCore:Warning: Script Msg: Attempted to access index 1 from array SpawnPoints of length 1!
[2017.02.24-20.25.45:850][405]LogScriptCore:Warning: 
[2017.02.24-20.25.45:850][405]LogScript:Warning: Accessed None trying to read property CallFunc_Array_Get_Item
	TDGameMode_C /Game/TowerDefense/Levels/UEDPIE_0_GameLevel.GameLevel:PersistentLevel.TDGameMode_C_0
	Function /Game/TowerDefense/Blueprints/TDGameMode.TDGameMode_C:ExecuteUbergraph_TDGameMode:020C
[2017.02.24-20.25.45:851][405]PIE:Error: Error Blueprint Runtime Error: Accessed None trying to read property CallFunc_Array_Get_Item from function: 'ExecuteUbergraph_TDGameMode' from node: SpawnActor Basic Enemy in graph: EventGraph in object: TDGameMode with description: Accessed None trying to read property CallFunc_Array_Get_Item
[2017.02.24-20.25.45:873][405]LogScript:Warning: Accessed None trying to read property GameMode
	PlayerResourcesPanel_C /Engine/Transient.UnrealEdEngine_0:TDGameInstance_C_0.PlayerResourcesPanel_C_0
	Function /Game/TowerDefense/Blueprints/UI/PlayerResourcesPanel.PlayerResourcesPanel_C:Get_GoldDisplay_Text_0:003D
[2017.02.24-20.25.45:873][405]PIE:Error: Error Blueprint Runtime Error: Accessed None trying to read property GameMode from function: 'Get_GoldDisplay_Text_0' from node: Return Node in graph: Get_GoldDisplay_Text_0 in object: PlayerResourcesPanel with description: Accessed None trying to read property GameMode
[2017.02.24-20.25.45:874][405]LogScript:Warning: Accessed None trying to read property GameMode
	PlayerResourcesPanel_C /Engine/Transient.UnrealEdEngine_0:TDGameInstance_C_0.PlayerResourcesPanel_C_0
	Function /Game/TowerDefense/Blueprints/UI/PlayerResourcesPanel.PlayerResourcesPanel_C:Get_StoneDisplay_Text_0:003D
[2017.02.24-20.25.45:874][405]PIE:Error: Error Blueprint Runtime Error: Accessed None trying to read property GameMode from function: 'Get_StoneDisplay_Text_0' from node: Return Node in graph: Get_StoneDisplay_Text_0 in object: PlayerResourcesPanel with description: Accessed None trying to read property GameMode
[2017.02.24-20.25.45:875][405]LogScript:Warning: Accessed None trying to read property GameMode
	PlayerResourcesPanel_C /Engine/Transient.UnrealEdEngine_0:TDGameInstance_C_0.PlayerResourcesPanel_C_0
	Function /Game/TowerDefense/Blueprints/UI/PlayerResourcesPanel.PlayerResourcesPanel_C:Get_WoodDisplay_Text_0:003D
[2017.02.24-20.25.45:875][405]PIE:Error: Error Blueprint Runtime Error: Accessed None trying to read property GameMode from function: 'Get_WoodDisplay_Text_0' from node: Return Node in graph: Get_WoodDisplay_Text_0 in object: PlayerResourcesPanel with description: Accessed None trying to read property GameMode
[2017.02.24-20.25.45:876][405]LogScript:Warning: Accessed None trying to read property GameMode
	PlayerResourcesPanel_C /Engine/Transient.UnrealEdEngine_0:TDGameInstance_C_0.PlayerResourcesPanel_C_0
	Function /Game/TowerDefense/Blueprints/UI/PlayerResourcesPanel.PlayerResourcesPanel_C:Get_MetalDisplay_Text_0:003D
[2017.02.24-20.25.45:876][405]PIE:Error: Error Blueprint Runtime Error: Accessed None trying to read property GameMode from function: 'Get_MetalDisplay_Text_0' from node: Return Node in graph: Get_MetalDisplay_Text_0 in object: PlayerResourcesPanel with description: Accessed None trying to read property GameMode
[2017.02.24-20.25.45:913][405]LogRenderer: Reallocating scene render targets to support 1124x656 (Frame:18341).
[2017.02.24-20.25.51:550][992]LogScriptCore:Warning: Script Msg: Attempted to access index 1 from array SpawnPoints of length 1!
[2017.02.24-20.25.51:550][992]LogScriptCore:Warning: 
[2017.02.24-20.25.51:550][992]LogScript:Warning: Accessed None trying to read property CallFunc_Array_Get_Item
	TDGameMode_C /Game/TowerDefense/Levels/UEDPIE_0_GameLevel.GameLevel:PersistentLevel.TDGameMode_C_0
	Function /Game/TowerDefense/Blueprints/TDGameMode.TDGameMode_C:ExecuteUbergraph_TDGameMode:020C
[2017.02.24-20.25.51:550][992]PIE:Error: Error Blueprint Runtime Error: Accessed None trying to read property CallFunc_Array_Get_Item from function: 'ExecuteUbergraph_TDGameMode' from node: SpawnActor Basic Enemy in graph: EventGraph in object: TDGameMode with description: Accessed None trying to read property CallFunc_Array_Get_Item
[2017.02.24-20.25.51:551][992]LogScriptCore:Warning: Script Msg: Attempted to access index 1 from array SpawnPoints of length 1!
[2017.02.24-20.25.51:551][992]LogScriptCore:Warning: 
[2017.02.24-20.25.51:551][992]LogScript:Warning: Accessed None trying to read property CallFunc_Array_Get_Item
	TDGameMode_C /Game/TowerDefense/Levels/UEDPIE_0_GameLevel.GameLevel:PersistentLevel.TDGameMode_C_0
	Function /Game/TowerDefense/Blueprints/TDGameMode.TDGameMode_C:ExecuteUbergraph_TDGameMode:0136
[2017.02.24-20.25.51:551][992]PIE:Error: Error Blueprint Runtime Error: Accessed None trying to read property CallFunc_Array_Get_Item from function: 'ExecuteUbergraph_TDGameMode' from node: SpawnActor Basic Enemy in graph: EventGraph in object: TDGameMode with description: Accessed None trying to read property CallFunc_Array_Get_Item
[2017.02.24-20.25.54:548][305]LogScriptCore:Warning: Script Msg: Attempted to access index 1 from array SpawnPoints of length 1!
[2017.02.24-20.25.54:548][305]LogScriptCore:Warning: 
[2017.02.24-20.25.54:549][305]LogScript:Warning: Accessed None trying to read property CallFunc_Array_Get_Item
	TDGameMode_C /Game/TowerDefense/Levels/UEDPIE_0_GameLevel.GameLevel:PersistentLevel.TDGameMode_C_0
	Function /Game/TowerDefense/Blueprints/TDGameMode.TDGameMode_C:ExecuteUbergraph_TDGameMode:020C
[2017.02.24-20.25.54:549][305]PIE:Error: Error Blueprint Runtime Error: Accessed None trying to read property CallFunc_Array_Get_Item from function: 'ExecuteUbergraph_TDGameMode' from node: SpawnActor Basic Enemy in graph: EventGraph in object: TDGameMode with description: Accessed None trying to read property CallFunc_Array_Get_Item
[2017.02.24-20.26.03:550][238]LogScriptCore:Warning: Script Msg: Attempted to access index 1 from array SpawnPoints of length 1!
[2017.02.24-20.26.03:550][238]LogScriptCore:Warning: 
[2017.02.24-20.26.03:550][238]LogScript:Warning: Accessed None trying to read property CallFunc_Array_Get_Item
	TDGameMode_C /Game/TowerDefense/Levels/UEDPIE_0_GameLevel.GameLevel:PersistentLevel.TDGameMode_C_0
	Function /Game/TowerDefense/Blueprints/TDGameMode.TDGameMode_C:ExecuteUbergraph_TDGameMode:020C
[2017.02.24-20.26.03:550][238]PIE:Error: Error Blueprint Runtime Error: Accessed None trying to read property CallFunc_Array_Get_Item from function: 'ExecuteUbergraph_TDGameMode' from node: SpawnActor Basic Enemy in graph: EventGraph in object: TDGameMode with description: Accessed None trying to read property CallFunc_Array_Get_Item
[2017.02.24-20.26.03:551][238]LogScriptCore:Warning: Script Msg: Attempted to access index 1 from array SpawnPoints of length 1!
[2017.02.24-20.26.03:551][238]LogScriptCore:Warning: 
[2017.02.24-20.26.03:551][238]LogScript:Warning: Accessed None trying to read property CallFunc_Array_Get_Item
	TDGameMode_C /Game/TowerDefense/Levels/UEDPIE_0_GameLevel.GameLevel:PersistentLevel.TDGameMode_C_0
	Function /Game/TowerDefense/Blueprints/TDGameMode.TDGameMode_C:ExecuteUbergraph_TDGameMode:0136
[2017.02.24-20.26.03:551][238]PIE:Error: Error Blueprint Runtime Error: Accessed None trying to read property CallFunc_Array_Get_Item from function: 'ExecuteUbergraph_TDGameMode' from node: SpawnActor Basic Enemy in graph: EventGraph in object: TDGameMode with description: Accessed None trying to read property CallFunc_Array_Get_Item
[2017.02.24-20.26.04:867][368]LogBlueprintUserMessages: Early EndPlayMap Detection: Level '/Game/TowerDefense/Levels/GameLevel.GameLevel:PersistentLevel' has LevelScriptBlueprint '/Game/TowerDefense/Levels/GameLevel.GameLevel:PersistentLevel.GameLevel' with GeneratedClass '/Game/TowerDefense/Levels/GameLevel.GameLevel_C' with ClassGeneratedBy '/Game/TowerDefense/Levels/GameLevel.GameLevel:PersistentLevel.GameLevel'
[2017.02.24-20.26.04:907][368]LogBlueprintUserMessages: Late EndPlayMap Detection: Level '/Game/TowerDefense/Levels/GameLevel.GameLevel:PersistentLevel' has LevelScriptBlueprint '/Game/TowerDefense/Levels/GameLevel.GameLevel:PersistentLevel.GameLevel' with GeneratedClass '/Game/TowerDefense/Levels/GameLevel.GameLevel_C' with ClassGeneratedBy '/Game/TowerDefense/Levels/GameLevel.GameLevel:PersistentLevel.GameLevel'
[2017.02.24-20.26.08:568][379]LogLinker:Warning: Can't find file '/Game/WaveDebug/WaveSystem'
[2017.02.24-20.26.08:569][379]LogLinker:Warning: Can't find file for asset '/Game/WaveDebug/WaveSystem' while loading G:/GitHub/Soulless/Soulless/Content/WaveTest.umap.
[2017.02.24-20.26.08:569][379]LoadErrors:Error: Error /Game/WaveTest : Can't find file for asset. /Game/WaveDebug/WaveSystem
[2017.02.24-20.26.08:570][379]LogLinker:Warning: Can't find file '/Game/WaveDebug/WaveSystem'
[2017.02.24-20.26.08:570][379]LogLinker:Warning: Can't find file for asset '/Game/WaveDebug/WaveSystem' while loading G:/GitHub/Soulless/Soulless/Content/WaveTest.umap.
[2017.02.24-20.26.08:570][379]LogLinker:Warning: Can't find file '/Game/WaveDebug/WaveSystem'
[2017.02.24-20.26.08:570][379]LogLinker:Warning: Can't find file for asset '/Game/WaveDebug/WaveSystem' while loading G:/GitHub/Soulless/Soulless/Content/WaveTest.umap.
[2017.02.24-20.26.08:571][379]LogLinker:Warning: Can't find file '/Game/WaveDebug/WaveSystem'
[2017.02.24-20.26.08:571][379]LogLinker:Warning: Can't find file for asset '/Game/WaveDebug/WaveSystem' while loading NULL.
[2017.02.24-20.26.08:571][379]LogLinker:Warning: Can't find file '/Game/WaveDebug/WaveSystem'
[2017.02.24-20.26.08:571][379]LogLinker:Warning: Can't find file for asset '/Game/WaveDebug/WaveSystem' while loading NULL.
[2017.02.24-20.26.08:571][379]LogLinker:Warning: Can't find file '/Game/WaveDebug/WaveSystem'
[2017.02.24-20.26.08:571][379]LogLinker:Warning: Can't find file for asset '/Game/WaveDebug/WaveSystem' while loading NULL.
[2017.02.24-20.26.08:571][379]LogLinker:Warning: Can't find file '/Game/WaveDebug/WaveSystem'
[2017.02.24-20.26.08:571][379]LogLinker:Warning: Can't find file for asset '/Game/WaveDebug/WaveSystem' while loading NULL.
[2017.02.24-20.26.08:572][379]LogLinker:Warning: Can't find file '/Game/WaveDebug/WaveSystem'
[2017.02.24-20.26.08:572][379]LogLinker:Warning: Can't find file for asset '/Game/WaveDebug/WaveSystem' while loading NULL.
[2017.02.24-20.26.08:572][379]LogLinker:Warning: Can't find file '/Game/WaveDebug/WaveSystem'
[2017.02.24-20.26.08:572][379]LoadErrors: Info Failed to load /Game/WaveDebug/WaveSystem.WaveSystem_C Referenced by Default__WaveTest_C
[2017.02.24-20.26.08:572][379]LogLinker:Warning: Can't find file for asset '/Game/WaveDebug/WaveSystem' while loading NULL.
[2017.02.24-20.26.08:572][379]LogLinker:Warning: Can't find file '/Game/WaveDebug/WaveSystem'
[2017.02.24-20.26.08:572][379]LoadErrors: Info Failed to load /Game/WaveDebug/WaveSystem.WaveSystem_C Referenced by K2Node_CallFunction_0
[2017.02.24-20.26.08:573][379]LogLinker:Warning: Can't find file for asset '/Game/WaveDebug/WaveSystem' while loading NULL.
[2017.02.24-20.26.08:573][379]LogLinker:Warning: Can't find file '/Game/WaveDebug/WaveSystem'
[2017.02.24-20.26.08:573][379]LogLinker:Warning: Can't find file for asset '/Game/WaveDebug/WaveSystem' while loading NULL.
[2017.02.24-20.26.08:573][379]LogLinker:Warning: Can't find file '/Game/WaveDebug/WaveSystem'
[2017.02.24-20.26.08:573][379]LogLinker:Warning: Can't find file for asset '/Game/WaveDebug/WaveSystem' while loading NULL.
[2017.02.24-20.26.08:573][379]LogLinker:Warning: Can't find file '/Game/WaveDebug/WaveSystem'
[2017.02.24-20.26.08:573][379]LoadErrors: Info Failed to load /Game/WaveDebug/WaveSystem.WaveSystem_C Referenced by K2Node_Literal_0
[2017.02.24-20.26.08:573][379]LogLinker:Warning: Can't find file for asset '/Game/WaveDebug/WaveSystem' while loading NULL.
[2017.02.24-20.26.08:573][379]LogLinker:Warning: Can't find file '/Game/WaveDebug/WaveSystem'
[2017.02.24-20.26.08:574][379]LogLinker:Warning: Can't find file for asset '/Game/WaveDebug/WaveSystem' while loading NULL.
[2017.02.24-20.26.08:576][379]LogBlueprint:Error: [Compiler PersistentLevel.WaveTest] Error Could not find a function named "StartWave" in 'WaveTest'.
Make sure 'WaveTest' has been compiled for  K2Node_CallFunction_0
[2017.02.24-20.26.08:577][379]LogBlueprint:Warning: [Compiler PersistentLevel.WaveTest] Warning Node  K2Node_Literal_0  is not referencing a valid level actor
[2017.02.24-20.26.08:578][379]LogBlueprint:Warning: [Compiler PersistentLevel.WaveTest] Warning [1301.82] Compile of PersistentLevel.WaveTest failed. 1 Fatal Issue(s) 1 Warning(s) [in 2 ms] (/Game/WaveTest.WaveTest:PersistentLevel.WaveTest)
[2017.02.24-20.26.08:578][379]LogBlueprint:Warning: [Compiler PersistentLevel.WaveTest] Warning [1301.82] Compile of PersistentLevel.WaveTest failed. 1 Fatal Issue(s) 2 Warning(s) [in 0 ms] (/Game/WaveTest.WaveTest:PersistentLevel.WaveTest)
[2017.02.24-20.26.08:578][379]LogBlueprint:Warning: [Compiler PersistentLevel.WaveTest] Warning [1301.82] Compile of PersistentLevel.WaveTest failed. 1 Fatal Issue(s) 3 Warning(s) [in 0 ms] (/Game/WaveTest.WaveTest:PersistentLevel.WaveTest)
[2017.02.24-20.26.08:579][379]LogLinker:Warning: Can't find file '/Game/WaveDebug/WaveSystem'
[2017.02.24-20.26.08:579][379]LogLinker:Warning: Can't find file for asset '/Game/WaveDebug/WaveSystem' while loading NULL.
[2017.02.24-20.26.08:579][379]LogLinker:Warning: Can't find file '/Game/WaveDebug/WaveSystem'
[2017.02.24-20.26.08:579][379]LogLinker:Warning: Can't find file for asset '/Game/WaveDebug/WaveSystem' while loading NULL.
[2017.02.24-20.26.08:579][379]LogLinker:Warning: Can't find file '/Game/WaveDebug/WaveSystem'
[2017.02.24-20.26.08:579][379]LogLinker:Warning: Can't find file for asset '/Game/WaveDebug/WaveSystem' while loading NULL.
[2017.02.24-20.26.08:580][379]LogLinker:Warning: Can't find file '/Game/WaveDebug/WaveSystem'
[2017.02.24-20.26.08:580][379]LogLinker:Warning: Can't find file for asset '/Game/WaveDebug/WaveSystem' while loading NULL.
[2017.02.24-20.26.08:580][379]LogLinker:Warning: Can't find file '/Game/WaveDebug/WaveSystem'
[2017.02.24-20.26.08:580][379]LogLinker:Warning: Can't find file for asset '/Game/WaveDebug/WaveSystem' while loading NULL.
[2017.02.24-20.26.08:580][379]LogLinker:Warning: Can't find file '/Game/WaveDebug/WaveSystem'
[2017.02.24-20.26.08:580][379]LoadErrors: Info Failed to load /Game/WaveDebug/WaveSystem.WaveSystem_C Referenced by PersistentLevel
[2017.02.24-20.26.08:580][379]LogLinker:Warning: Can't find file for asset '/Game/WaveDebug/WaveSystem' while loading NULL.
[2017.02.24-20.26.08:582][379]LogAIModule: Creating AISystem for world WaveTest
[2017.02.24-20.26.08:607][379]Cmd: MAP LOAD FILE="G:/GitHub/Soulless/Soulless/Content/WaveTest.umap" TEMPLATE=0 SHOWPROGRESS=1 FEATURELEVEL=3
[2017.02.24-20.26.08:607][379]LightingResults: New page: Lighting Build
[2017.02.24-20.26.08:608][379]LoadErrors: New page: Loading map: WaveTest.umap
[2017.02.24-20.26.08:609][379]MapCheck: New page: Map Check
[2017.02.24-20.26.08:609][379]LightingResults: New page: Lighting Build
[2017.02.24-20.26.08:684][379]LogEditorServer: Finished looking for orphan Actors (0.000 secs)
[2017.02.24-20.26.08:707][379]Cmd: MAP CHECKDEP NOCLEARLOG
[2017.02.24-20.26.08:945][379]MapCheck: Info Map check complete: 0 Error(s), 0 Warning(s), took 238.208ms to complete.
[2017.02.24-20.26.08:948][379]LogFileHelpers: Loading map 'WaveTest' took 0.342
[2017.02.24-20.26.08:960][379]LoadErrors:Warning: Warning CreateExport: Failed to load Outer for resource 'DefaultSceneRoot': WaveSystem_C /Game/WaveTest.WaveTest:PersistentLevel.WaveSystem_50
[2017.02.24-20.26.35:588][779]LogRenderer: Reallocating scene render targets to support 1208x656 (Frame:20639).
[2017.02.24-20.26.39:005][141]LogTexture:Display: Building textures: T_CobbleStone_Rough_D (AutoDXT)
[2017.02.24-20.26.40:207][141]LogTexture:Display: Building textures: T_CobbleStone_Rough_N (BC5)
[2017.02.24-20.26.40:638][141]LogTexture:Display: Building textures: T_Ground_Gravel_D (AutoDXT)
[2017.02.24-20.26.45:662][141]LogTexture:Display: Building textures: T_Ground_Gravel_N (BC5)
[2017.02.24-20.26.46:420][141]LogMaterial: Missing cached shader map for material TerrainMat, compiling. 
[2017.02.24-20.26.46:714][141]LogTexture:Display: Building textures: T_Concrete_Tiles_M (AutoDXT)
[2017.02.24-20.26.51:434][141]LogTexture:Display: Building textures: T_Concrete_Tiles_Variation_M (AutoDXT)
[2017.02.24-20.26.51:703][141]LogTexture:Display: Building textures: T_Concrete_Tiles_N (BC5)
[2017.02.24-20.26.52:570][141]LogTexture:Display: Building textures: Texture2D_17 (BGRA8)
[2017.02.24-20.26.52:570][141]LogTexture:Display: Building textures: Texture2D_18 (BGRA8)
[2017.02.24-20.26.52:570][141]LogTexture:Display: Building textures: Texture2D_19 (BGRA8)
[2017.02.24-20.26.52:571][141]LogTexture:Display: Building textures: Texture2D_20 (BGRA8)
[2017.02.24-20.26.52:571][141]LogTexture:Display: Building textures: Texture2D_21 (BGRA8)
[2017.02.24-20.26.52:571][141]LogTexture:Display: Building textures: Texture2D_22 (BGRA8)
[2017.02.24-20.26.52:571][141]LogTexture:Display: Building textures: Texture2D_23 (BGRA8)
[2017.02.24-20.26.52:572][141]LogTexture:Display: Building textures: Texture2D_24 (BGRA8)
[2017.02.24-20.26.52:572][141]LogTexture:Display: Building textures: Texture2D_25 (BGRA8)
[2017.02.24-20.26.52:572][141]LogTexture:Display: Building textures: Texture2D_26 (BGRA8)
[2017.02.24-20.26.52:573][141]LogTexture:Display: Building textures: Texture2D_12 (BGRA8)
[2017.02.24-20.26.52:573][141]LogTexture:Display: Building textures: Texture2D_27 (BGRA8)
[2017.02.24-20.26.52:573][141]LogTexture:Display: Building textures: Texture2D_28 (BGRA8)
[2017.02.24-20.26.52:573][141]LogTexture:Display: Building textures: Texture2D_29 (BGRA8)
[2017.02.24-20.26.52:574][141]LogTexture:Display: Building textures: Texture2D_30 (BGRA8)
[2017.02.24-20.26.52:574][141]LogTexture:Display: Building textures: Texture2D_7 (BGRA8)
[2017.02.24-20.26.52:574][141]LogTexture:Display: Building textures: Texture2D_31 (BGRA8)
[2017.02.24-20.26.52:575][141]LogTexture:Display: Building textures: Texture2D_32 (BGRA8)
[2017.02.24-20.26.52:575][141]LogTexture:Display: Building textures: Texture2D_33 (BGRA8)
[2017.02.24-20.26.52:575][141]LogTexture:Display: Building textures: Texture2D_15 (BGRA8)
[2017.02.24-20.26.52:576][141]LogTexture:Display: Building textures: Texture2D_2 (BGRA8)
[2017.02.24-20.26.52:576][141]LogTexture:Display: Building textures: Texture2D_34 (BGRA8)
[2017.02.24-20.26.52:576][141]LogTexture:Display: Building textures: Texture2D_4 (BGRA8)
[2017.02.24-20.26.52:576][141]LogTexture:Display: Building textures: Texture2D_1 (BGRA8)
[2017.02.24-20.26.52:577][141]LogTexture:Display: Building textures: Texture2D_3 (BGRA8)
[2017.02.24-20.26.52:577][141]LogTexture:Display: Building textures: Texture2D_5 (BGRA8)
[2017.02.24-20.26.52:577][141]LogTexture:Display: Building textures: Texture2D_6 (BGRA8)
[2017.02.24-20.26.52:578][141]LogTexture:Display: Building textures: Texture2D_8 (BGRA8)
[2017.02.24-20.26.52:578][141]LogTexture:Display: Building textures: Texture2D_9 (BGRA8)
[2017.02.24-20.26.52:578][141]LogTexture:Display: Building textures: Texture2D_10 (BGRA8)
[2017.02.24-20.26.52:579][141]LogTexture:Display: Building textures: Texture2D_11 (BGRA8)
[2017.02.24-20.26.52:579][141]LogTexture:Display: Building textures: Texture2D_13 (BGRA8)
[2017.02.24-20.26.52:579][141]LogTexture:Display: Building textures: Texture2D_14 (BGRA8)
[2017.02.24-20.26.52:579][141]LogTexture:Display: Building textures: Texture2D_16 (BGRA8)
[2017.02.24-20.26.52:587][141]LogMaterial: Missing cached shader map for material TerrainMat, compiling. 
[2017.02.24-20.26.52:679][141]LogTexture:Display: Building textures: Texture2D_0 (BGRA8)
[2017.02.24-20.26.52:683][141]LogMaterial: Missing cached shader map for material TerrainMat, compiling. 
[2017.02.24-20.26.52:759][141]LogMaterial: Missing cached shader map for material TerrainMat, compiling. 
[2017.02.24-20.26.52:841][141]LogMaterial: Missing cached shader map for material TerrainMat, compiling. 
[2017.02.24-20.26.52:909][141]LogTexture:Display: Building textures: HQ_Lightmap1_2 (AutoDXT)
[2017.02.24-20.26.52:910][141]LogTexture:Display: Building textures: LQ_Lightmap_1_2 (DXT1)
[2017.02.24-20.26.52:911][141]LogTexture:Display: Building textures: ShadowMapTexture2D_5 (G8)
[2017.02.24-20.26.53:165][141]LogTexture:Display: Building textures: T_Concrete_Tiles_D (AutoDXT)
[2017.02.24-20.26.57:605][141]LogTexture:Display: Building textures: T_Wood_Floor_Walnut_D (AutoDXT)
[2017.02.24-20.27.02:910][141]LogTexture:Display: Building textures: T_Wood_Floor_Walnut_N (BC5)
[2017.02.24-20.27.03:867][141]LogTexture:Display: Building textures: T_Wood_Floor_Walnut_M (AutoDXT)
[2017.02.24-20.27.09:035][141]LogMaterial: Missing cached shader map for material M_Water_Lake2, compiling. 
[2017.02.24-20.27.09:099][141]LogAIModule: Creating AISystem for world SoullessLevel
[2017.02.24-20.27.09:134][141]Cmd: MAP LOAD FILE="G:/GitHub/Soulless/Soulless/Content/SoullessLevel.umap" TEMPLATE=0 SHOWPROGRESS=1 FEATURELEVEL=3
[2017.02.24-20.27.09:134][141]LightingResults: New page: Lighting Build
[2017.02.24-20.27.09:135][141]LoadErrors: New page: Loading map: SoullessLevel.umap
[2017.02.24-20.27.09:136][141]MapCheck: New page: Map Check
[2017.02.24-20.27.09:136][141]LightingResults: New page: Lighting Build
[2017.02.24-20.27.10:148][141]LogEditorServer: Finished looking for orphan Actors (0.000 secs)
[2017.02.24-20.27.10:190][141]Cmd: MAP CHECKDEP NOCLEARLOG
[2017.02.24-20.27.10:567][141]MapCheck: Info Map check complete: 0 Error(s), 0 Warning(s), took 377.331ms to complete.
[2017.02.24-20.27.10:568][141]LogFileHelpers: Loading map 'SoullessLevel' took 1.436
[2017.02.24-20.27.53:071][ 59]LogContentBrowser: Native class hierarchy updated for 'BlueprintGraph' in 0.0012 seconds. Added 112 classes and 0 folders.
[2017.02.24-20.28.12:084][298]LogAIModule: Creating AISystem for world GameLevel
[2017.02.24-20.28.12:130][298]Cmd: MAP LOAD FILE="G:/GitHub/Soulless/Soulless/Content/TowerDefense/Levels/GameLevel.umap" TEMPLATE=0 SHOWPROGRESS=1 FEATURELEVEL=3
[2017.02.24-20.28.12:130][298]LightingResults: New page: Lighting Build
[2017.02.24-20.28.12:131][298]LoadErrors: New page: Loading map: GameLevel.umap
[2017.02.24-20.28.12:176][298]MapCheck: New page: Map Check
[2017.02.24-20.28.12:177][298]LightingResults: New page: Lighting Build
[2017.02.24-20.28.12:334][298]LogEditorServer: Finished looking for orphan Actors (0.000 secs)
[2017.02.24-20.28.12:354][298]Cmd: MAP CHECKDEP NOCLEARLOG
[2017.02.24-20.28.12:610][298]MapCheck: Info Map check complete: 0 Error(s), 0 Warning(s), took 256.044ms to complete.
[2017.02.24-20.28.12:613][298]LogFileHelpers: Loading map 'GameLevel' took 0.484
[2017.02.24-20.28.28:169][747]LogBlueprintUserMessages: Early PlayInEditor Detection: Level '/Game/TowerDefense/Levels/GameLevel.GameLevel:PersistentLevel' has LevelScriptBlueprint '/Game/TowerDefense/Levels/GameLevel.GameLevel:PersistentLevel.GameLevel' with GeneratedClass '/Game/TowerDefense/Levels/GameLevel.GameLevel_C' with ClassGeneratedBy '/Game/TowerDefense/Levels/GameLevel.GameLevel:PersistentLevel.GameLevel'
[2017.02.24-20.28.28:169][747]LogPlayLevel: PlayLevel: No blueprints needed recompiling
[2017.02.24-20.28.28:169][747]PIE: New page: PIE session: GameLevel (Feb 24, 2017, 10:28:28 AM)
[2017.02.24-20.28.28:169][747]LogPlayLevel: Creating play world package: /Game/TowerDefense/Levels/UEDPIE_0_GameLevel
[2017.02.24-20.28.28:185][747]LogPlayLevel: PIE: StaticDuplicateObject took: (0.015788s)
[2017.02.24-20.28.28:187][747]LogAIModule: Creating AISystem for world GameLevel
[2017.02.24-20.28.28:187][747]LogPlayLevel: PIE: World Init took: (0.001969s)
[2017.02.24-20.28.28:187][747]LogPlayLevel: PIE: Created PIE world by copying editor world from /Game/TowerDefense/Levels/GameLevel.GameLevel to /Game/TowerDefense/Levels/UEDPIE_0_GameLevel.GameLevel (0.018049s)
[2017.02.24-20.28.28:243][747]LogInit: XAudio2 using 'Speakers (Realtek High Definition Audio)' : 2 channels at 48 kHz using 32 bits per sample (channel mask 0x3)
[2017.02.24-20.28.28:260][747]LogInit: FAudioDevice initialized.
[2017.02.24-20.28.28:379][747]LogWorld: Game class is 'TDGameMode_C'
[2017.02.24-20.28.28:384][747]LogWorld: Bringing World /Game/TowerDefense/Levels/UEDPIE_0_GameLevel.GameLevel up for play (max tick rate 0) at 2017.02.24-15.28.28
[2017.02.24-20.28.28:384][747]LogWorld: Bringing up level for play took: 0.003181
[2017.02.24-20.28.28:385][747]LogGameMode:Display: Match State Changed from EnteringMap to WaitingToStart
[2017.02.24-20.28.28:385][747]LogGameState: Match State Changed from EnteringMap to WaitingToStart
[2017.02.24-20.28.28:385][747]LogGameMode:Display: Match State Changed from WaitingToStart to InProgress
[2017.02.24-20.28.28:388][747]LogGameState: Match State Changed from WaitingToStart to InProgress
[2017.02.24-20.28.28:392][747]PIE: Info Play in editor start time for /Game/TowerDefense/Levels/UEDPIE_0_GameLevel 0.362
[2017.02.24-20.28.28:393][747]LogBlueprintUserMessages: Late PlayInEditor Detection: Level '/Game/TowerDefense/Levels/GameLevel.GameLevel:PersistentLevel' has LevelScriptBlueprint '/Game/TowerDefense/Levels/GameLevel.GameLevel:PersistentLevel.GameLevel' with GeneratedClass '/Game/TowerDefense/Levels/GameLevel.GameLevel_C' with ClassGeneratedBy '/Game/TowerDefense/Levels/GameLevel.GameLevel:PersistentLevel.GameLevel'
[2017.02.24-20.28.28:394][747]LogScriptCore:Warning: Script Msg: Attempted to access index 1 from array SpawnPoints of length 1!
[2017.02.24-20.28.28:394][747]LogScriptCore:Warning: 
[2017.02.24-20.28.28:394][747]LogScript:Warning: Accessed None trying to read property CallFunc_Array_Get_Item
	TDGameMode_C /Game/TowerDefense/Levels/UEDPIE_0_GameLevel.GameLevel:PersistentLevel.TDGameMode_C_0
	Function /Game/TowerDefense/Blueprints/TDGameMode.TDGameMode_C:ExecuteUbergraph_TDGameMode:0136
[2017.02.24-20.28.28:394][747]PIE:Error: Error Blueprint Runtime Error: Accessed None trying to read property CallFunc_Array_Get_Item from function: 'ExecuteUbergraph_TDGameMode' from node: SpawnActor Basic Enemy in graph: EventGraph in object: TDGameMode with description: Accessed None trying to read property CallFunc_Array_Get_Item
[2017.02.24-20.28.28:437][747]LogScript:Warning: Accessed None trying to read property GameMode
	PlayerResourcesPanel_C /Engine/Transient.UnrealEdEngine_0:TDGameInstance_C_1.PlayerResourcesPanel_C_1
	Function /Game/TowerDefense/Blueprints/UI/PlayerResourcesPanel.PlayerResourcesPanel_C:Get_GoldDisplay_Text_0:003D
[2017.02.24-20.28.28:437][747]PIE:Error: Error Blueprint Runtime Error: Accessed None trying to read property GameMode from function: 'Get_GoldDisplay_Text_0' from node: Return Node in graph: Get_GoldDisplay_Text_0 in object: PlayerResourcesPanel with description: Accessed None trying to read property GameMode
[2017.02.24-20.28.28:437][747]LogScript:Warning: Accessed None trying to read property GameMode
	PlayerResourcesPanel_C /Engine/Transient.UnrealEdEngine_0:TDGameInstance_C_1.PlayerResourcesPanel_C_1
	Function /Game/TowerDefense/Blueprints/UI/PlayerResourcesPanel.PlayerResourcesPanel_C:Get_StoneDisplay_Text_0:003D
[2017.02.24-20.28.28:437][747]PIE:Error: Error Blueprint Runtime Error: Accessed None trying to read property GameMode from function: 'Get_StoneDisplay_Text_0' from node: Return Node in graph: Get_StoneDisplay_Text_0 in object: PlayerResourcesPanel with description: Accessed None trying to read property GameMode
[2017.02.24-20.28.28:437][747]LogScript:Warning: Accessed None trying to read property GameMode
	PlayerResourcesPanel_C /Engine/Transient.UnrealEdEngine_0:TDGameInstance_C_1.PlayerResourcesPanel_C_1
	Function /Game/TowerDefense/Blueprints/UI/PlayerResourcesPanel.PlayerResourcesPanel_C:Get_WoodDisplay_Text_0:003D
[2017.02.24-20.28.28:437][747]PIE:Error: Error Blueprint Runtime Error: Accessed None trying to read property GameMode from function: 'Get_WoodDisplay_Text_0' from node: Return Node in graph: Get_WoodDisplay_Text_0 in object: PlayerResourcesPanel with description: Accessed None trying to read property GameMode
[2017.02.24-20.28.28:437][747]LogScript:Warning: Accessed None trying to read property GameMode
	PlayerResourcesPanel_C /Engine/Transient.UnrealEdEngine_0:TDGameInstance_C_1.PlayerResourcesPanel_C_1
	Function /Game/TowerDefense/Blueprints/UI/PlayerResourcesPanel.PlayerResourcesPanel_C:Get_MetalDisplay_Text_0:003D
[2017.02.24-20.28.28:437][747]PIE:Error: Error Blueprint Runtime Error: Accessed None trying to read property GameMode from function: 'Get_MetalDisplay_Text_0' from node: Return Node in graph: Get_MetalDisplay_Text_0 in object: PlayerResourcesPanel with description: Accessed None trying to read property GameMode
[2017.02.24-20.28.31:155][ 27]LogScriptCore:Warning: Script Msg: Attempted to access index 1 from array SpawnPoints of length 1!
[2017.02.24-20.28.31:155][ 27]LogScriptCore:Warning: 
[2017.02.24-20.28.31:155][ 27]LogScript:Warning: Accessed None trying to read property CallFunc_Array_Get_Item
	TDGameMode_C /Game/TowerDefense/Levels/UEDPIE_0_GameLevel.GameLevel:PersistentLevel.TDGameMode_C_0
	Function /Game/TowerDefense/Blueprints/TDGameMode.TDGameMode_C:ExecuteUbergraph_TDGameMode:020C
[2017.02.24-20.28.31:155][ 27]PIE:Error: Error Blueprint Runtime Error: Accessed None trying to read property CallFunc_Array_Get_Item from function: 'ExecuteUbergraph_TDGameMode' from node: SpawnActor Basic Enemy in graph: EventGraph in object: TDGameMode with description: Accessed None trying to read property CallFunc_Array_Get_Item
[2017.02.24-20.28.34:009][331]LogBlueprintUserMessages: Early EndPlayMap Detection: Level '/Game/TowerDefense/Levels/GameLevel.GameLevel:PersistentLevel' has LevelScriptBlueprint '/Game/TowerDefense/Levels/GameLevel.GameLevel:PersistentLevel.GameLevel' with GeneratedClass '/Game/TowerDefense/Levels/GameLevel.GameLevel_C' with ClassGeneratedBy '/Game/TowerDefense/Levels/GameLevel.GameLevel:PersistentLevel.GameLevel'
[2017.02.24-20.28.34:042][331]LogBlueprintUserMessages: Late EndPlayMap Detection: Level '/Game/TowerDefense/Levels/GameLevel.GameLevel:PersistentLevel' has LevelScriptBlueprint '/Game/TowerDefense/Levels/GameLevel.GameLevel:PersistentLevel.GameLevel' with GeneratedClass '/Game/TowerDefense/Levels/GameLevel.GameLevel_C' with ClassGeneratedBy '/Game/TowerDefense/Levels/GameLevel.GameLevel:PersistentLevel.GameLevel'
[2017.02.24-20.28.50:166][ 50]LogBlueprintUserMessages: Early PlayInEditor Detection: Level '/Game/TowerDefense/Levels/GameLevel.GameLevel:PersistentLevel' has LevelScriptBlueprint '/Game/TowerDefense/Levels/GameLevel.GameLevel:PersistentLevel.GameLevel' with GeneratedClass '/Game/TowerDefense/Levels/GameLevel.GameLevel_C' with ClassGeneratedBy '/Game/TowerDefense/Levels/GameLevel.GameLevel:PersistentLevel.GameLevel'
[2017.02.24-20.28.50:166][ 50]LogPlayLevel: PlayLevel: No blueprints needed recompiling
[2017.02.24-20.28.50:166][ 50]PIE: New page: PIE session: GameLevel (Feb 24, 2017, 10:28:50 AM)
[2017.02.24-20.28.50:166][ 50]LogPlayLevel: Creating play world package: /Game/TowerDefense/Levels/UEDPIE_0_GameLevel
[2017.02.24-20.28.50:182][ 50]LogPlayLevel: PIE: StaticDuplicateObject took: (0.015831s)
[2017.02.24-20.28.50:184][ 50]LogAIModule: Creating AISystem for world GameLevel
[2017.02.24-20.28.50:184][ 50]LogPlayLevel: PIE: World Init took: (0.001836s)
[2017.02.24-20.28.50:184][ 50]LogPlayLevel: PIE: Created PIE world by copying editor world from /Game/TowerDefense/Levels/GameLevel.GameLevel to /Game/TowerDefense/Levels/UEDPIE_0_GameLevel.GameLevel (0.018008s)
[2017.02.24-20.28.50:248][ 50]LogInit: XAudio2 using 'Speakers (Realtek High Definition Audio)' : 2 channels at 48 kHz using 32 bits per sample (channel mask 0x3)
[2017.02.24-20.28.50:272][ 50]LogInit: FAudioDevice initialized.
[2017.02.24-20.28.50:414][ 50]LogWorld: Game class is 'TDGameMode_C'
[2017.02.24-20.28.50:419][ 50]LogWorld: Bringing World /Game/TowerDefense/Levels/UEDPIE_0_GameLevel.GameLevel up for play (max tick rate 0) at 2017.02.24-15.28.50
[2017.02.24-20.28.50:419][ 50]LogWorld: Bringing up level for play took: 0.003401
[2017.02.24-20.28.50:420][ 50]LogGameMode:Display: Match State Changed from EnteringMap to WaitingToStart
[2017.02.24-20.28.50:420][ 50]LogGameState: Match State Changed from EnteringMap to WaitingToStart
[2017.02.24-20.28.50:420][ 50]LogGameMode:Display: Match State Changed from WaitingToStart to InProgress
[2017.02.24-20.28.50:425][ 50]LogGameState: Match State Changed from WaitingToStart to InProgress
[2017.02.24-20.28.50:430][ 50]PIE: Info Play in editor start time for /Game/TowerDefense/Levels/UEDPIE_0_GameLevel 0.4
[2017.02.24-20.28.50:431][ 50]LogBlueprintUserMessages: Late PlayInEditor Detection: Level '/Game/TowerDefense/Levels/GameLevel.GameLevel:PersistentLevel' has LevelScriptBlueprint '/Game/TowerDefense/Levels/GameLevel.GameLevel:PersistentLevel.GameLevel' with GeneratedClass '/Game/TowerDefense/Levels/GameLevel.GameLevel_C' with ClassGeneratedBy '/Game/TowerDefense/Levels/GameLevel.GameLevel:PersistentLevel.GameLevel'
[2017.02.24-20.28.50:438][ 50]LogScript:Warning: Accessed None trying to read property GameMode
	PlayerResourcesPanel_C /Engine/Transient.UnrealEdEngine_0:TDGameInstance_C_2.PlayerResourcesPanel_C_2
	Function /Game/TowerDefense/Blueprints/UI/PlayerResourcesPanel.PlayerResourcesPanel_C:Get_GoldDisplay_Text_0:003D
[2017.02.24-20.28.50:438][ 50]PIE:Error: Error Blueprint Runtime Error: Accessed None trying to read property GameMode from function: 'Get_GoldDisplay_Text_0' from node: Return Node in graph: Get_GoldDisplay_Text_0 in object: PlayerResourcesPanel with description: Accessed None trying to read property GameMode
[2017.02.24-20.28.50:438][ 50]LogScript:Warning: Accessed None trying to read property GameMode
	PlayerResourcesPanel_C /Engine/Transient.UnrealEdEngine_0:TDGameInstance_C_2.PlayerResourcesPanel_C_2
	Function /Game/TowerDefense/Blueprints/UI/PlayerResourcesPanel.PlayerResourcesPanel_C:Get_StoneDisplay_Text_0:003D
[2017.02.24-20.28.50:439][ 50]PIE:Error: Error Blueprint Runtime Error: Accessed None trying to read property GameMode from function: 'Get_StoneDisplay_Text_0' from node: Return Node in graph: Get_StoneDisplay_Text_0 in object: PlayerResourcesPanel with description: Accessed None trying to read property GameMode
[2017.02.24-20.28.50:439][ 50]LogScript:Warning: Accessed None trying to read property GameMode
	PlayerResourcesPanel_C /Engine/Transient.UnrealEdEngine_0:TDGameInstance_C_2.PlayerResourcesPanel_C_2
	Function /Game/TowerDefense/Blueprints/UI/PlayerResourcesPanel.PlayerResourcesPanel_C:Get_WoodDisplay_Text_0:003D
[2017.02.24-20.28.50:439][ 50]PIE:Error: Error Blueprint Runtime Error: Accessed None trying to read property GameMode from function: 'Get_WoodDisplay_Text_0' from node: Return Node in graph: Get_WoodDisplay_Text_0 in object: PlayerResourcesPanel with description: Accessed None trying to read property GameMode
[2017.02.24-20.28.50:439][ 50]LogScript:Warning: Accessed None trying to read property GameMode
	PlayerResourcesPanel_C /Engine/Transient.UnrealEdEngine_0:TDGameInstance_C_2.PlayerResourcesPanel_C_2
	Function /Game/TowerDefense/Blueprints/UI/PlayerResourcesPanel.PlayerResourcesPanel_C:Get_MetalDisplay_Text_0:003D
[2017.02.24-20.28.50:439][ 50]PIE:Error: Error Blueprint Runtime Error: Accessed None trying to read property GameMode from function: 'Get_MetalDisplay_Text_0' from node: Return Node in graph: Get_MetalDisplay_Text_0 in object: PlayerResourcesPanel with description: Accessed None trying to read property GameMode
[2017.02.24-20.28.51:908][190]LogBlueprintUserMessages: Early EndPlayMap Detection: Level '/Game/TowerDefense/Levels/GameLevel.GameLevel:PersistentLevel' has LevelScriptBlueprint '/Game/TowerDefense/Levels/GameLevel.GameLevel:PersistentLevel.GameLevel' with GeneratedClass '/Game/TowerDefense/Levels/GameLevel.GameLevel_C' with ClassGeneratedBy '/Game/TowerDefense/Levels/GameLevel.GameLevel:PersistentLevel.GameLevel'
[2017.02.24-20.28.51:943][190]LogBlueprintUserMessages: Late EndPlayMap Detection: Level '/Game/TowerDefense/Levels/GameLevel.GameLevel:PersistentLevel' has LevelScriptBlueprint '/Game/TowerDefense/Levels/GameLevel.GameLevel:PersistentLevel.GameLevel' with GeneratedClass '/Game/TowerDefense/Levels/GameLevel.GameLevel_C' with ClassGeneratedBy '/Game/TowerDefense/Levels/GameLevel.GameLevel:PersistentLevel.GameLevel'
[2017.02.24-20.31.13:019][421]LogWindowsTextInputMethodSystem:Display: IME system now deactivated.
[2017.02.24-20.31.13:438][422]Cmd: QUIT_EDITOR
[2017.02.24-20.31.13:826][422]LogExit: Preparing to exit.
[2017.02.24-20.31.15:013][422]LogExit: Editor shut down
[2017.02.24-20.31.15:018][422]LogExit: Transaction tracking system shut down
[2017.02.24-20.31.16:756][422]LogObj: Freed 0b from 0 cluster array pools.
[2017.02.24-20.31.16:757][422]LogExit: Object subsystem successfully closed.
[2017.02.24-20.31.16:805][422]LogD3D11RHI: Shutdown
[2017.02.24-20.31.16:805][422]LogD3D11RHI: CleanupD3DDevice
[2017.02.24-20.31.16:826][422]LogD3D11RHI: ~FD3D11DynamicRHI
[2017.02.24-20.31.17:053][422]LogModuleManager: Shutting down and abandoning module BlueprintGraph (237)
[2017.02.24-20.31.17:053][422]LogModuleManager: Shutting down and abandoning module BlueprintProfiler (236)
[2017.02.24-20.31.17:054][422]LogModuleManager: Shutting down and abandoning module MovieSceneCapture (235)
[2017.02.24-20.31.17:055][422]LogModuleManager: Shutting down and abandoning module HierarchicalLODOutliner (234)
[2017.02.24-20.31.17:055][422]LogModuleManager: Shutting down and abandoning module CrashTracker (233)
[2017.02.24-20.31.17:055][422]LogModuleManager: Shutting down and abandoning module WorldBrowser (232)
[2017.02.24-20.31.17:059][422]LogModuleManager: Shutting down and abandoning module SceneOutliner (231)
[2017.02.24-20.31.17:059][422]LogModuleManager: Shutting down and abandoning module WidgetCarousel (230)
[2017.02.24-20.31.17:059][422]LogModuleManager: Shutting down and abandoning module AddContentDialog (229)
[2017.02.24-20.31.17:071][422]LogDirectoryWatcher: A directory notification for 'C:/Program Files/Epic Games/4.13/FeaturePacks/' was aborted.
[2017.02.24-20.31.17:077][422]LogModuleManager: Shutting down and abandoning module GameplayTags (228)
[2017.02.24-20.31.17:077][422]LogModuleManager: Shutting down and abandoning module EditorWidgets (227)
[2017.02.24-20.31.17:079][422]LogModuleManager: Shutting down and abandoning module CollectionManager (226)
[2017.02.24-20.31.17:080][422]LogDirectoryWatcher: A directory notification for 'G:/GitHub/Soulless/Soulless/Content/Collections/' was aborted.
[2017.02.24-20.31.17:082][422]LogDirectoryWatcher: A directory notification for 'G:/GitHub/Soulless/Soulless/Content/Developers/MaebeKnot/Collections/' was aborted.
[2017.02.24-20.31.17:082][422]LogDirectoryWatcher: A directory notification for 'G:/GitHub/Soulless/Soulless/Saved/Collections/' was aborted.
[2017.02.24-20.31.17:082][422]LogModuleManager: Shutting down and abandoning module StatsViewer (225)
[2017.02.24-20.31.17:082][422]LogModuleManager: Shutting down and abandoning module FoliageEdit (224)
[2017.02.24-20.31.17:082][422]LogModuleManager: Shutting down and abandoning module LandscapeEditor (223)
[2017.02.24-20.31.17:083][422]LogModuleManager: Shutting down and abandoning module SceneDepthPickerMode (222)
[2017.02.24-20.31.17:083][422]LogModuleManager: Shutting down and abandoning module ActorPickerMode (221)
[2017.02.24-20.31.17:083][422]LogModuleManager: Shutting down and abandoning module GeometryMode (220)
[2017.02.24-20.31.17:083][422]LogModuleManager: Shutting down and abandoning module TextureAlignMode (219)
[2017.02.24-20.31.17:083][422]LogModuleManager: Shutting down and abandoning module BspMode (218)
[2017.02.24-20.31.17:083][422]LogModuleManager: Shutting down and abandoning module HardwareSurvey (217)
[2017.02.24-20.31.17:083][422]LogModuleManager: Shutting down and abandoning module SequenceRecorderSections (216)
[2017.02.24-20.31.17:083][422]LogModuleManager: Shutting down and abandoning module SequenceRecorder (215)
[2017.02.24-20.31.17:083][422]LogModuleManager: Shutting down and abandoning module AutomationWorker (214)
[2017.02.24-20.31.17:083][422]LogModuleManager: Shutting down and abandoning module MatineeToLevelSequence (213)
[2017.02.24-20.31.17:083][422]LogModuleManager: Shutting down and abandoning module PlacementMode (212)
[2017.02.24-20.31.17:084][422]LogModuleManager: Shutting down and abandoning module LevelSequenceEditor (211)
[2017.02.24-20.31.17:085][422]LogModuleManager: Shutting down and abandoning module WmfMediaFactory (210)
[2017.02.24-20.31.17:085][422]LogModuleManager: Shutting down and abandoning module WmfMediaEditor (209)
[2017.02.24-20.31.17:085][422]LogModuleManager: Shutting down and abandoning module AvfMediaFactory (208)
[2017.02.24-20.31.17:085][422]LogModuleManager: Shutting down and abandoning module AvfMediaEditor (207)
[2017.02.24-20.31.17:085][422]LogModuleManager: Shutting down and abandoning module Media (206)
[2017.02.24-20.31.17:085][422]LogModuleManager: Shutting down and abandoning module AndroidMediaFactory (205)
[2017.02.24-20.31.17:085][422]LogModuleManager: Shutting down and abandoning module AndroidMediaEditor (204)
[2017.02.24-20.31.17:085][422]LogModuleManager: Shutting down and abandoning module CharacterAI (203)
[2017.02.24-20.31.17:085][422]LogModuleManager: Shutting down and abandoning module SmartSnapping (202)
[2017.02.24-20.31.17:086][422]LogModuleManager: Shutting down and abandoning module SessionServices (201)
[2017.02.24-20.31.17:086][422]LogModuleManager: Shutting down and abandoning module ViewportSnapping (200)
[2017.02.24-20.31.17:086][422]LogModuleManager: Shutting down and abandoning module ViewportInteraction (199)
[2017.02.24-20.31.17:086][422]LogModuleManager: Shutting down and abandoning module LogVisualizer (198)
[2017.02.24-20.31.17:088][422]LogModuleManager: Shutting down and abandoning module GameProjectGeneration (197)
[2017.02.24-20.31.17:088][422]LogModuleManager: Shutting down and abandoning module IntroTutorials (196)
[2017.02.24-20.31.17:088][422]LogModuleManager: Shutting down and abandoning module EditorLiveStreaming (195)
[2017.02.24-20.31.17:088][422]LogModuleManager: Shutting down and abandoning module IOSPlatformEditor (194)
[2017.02.24-20.31.17:088][422]LogModuleManager: Shutting down and abandoning module HTML5PlatformEditor (193)
[2017.02.24-20.31.17:088][422]LogModuleManager: Shutting down and abandoning module AndroidDeviceDetection (192)
[2017.02.24-20.31.17:441][422]LogModuleManager: Shutting down and abandoning module AndroidPlatformEditor (191)
[2017.02.24-20.31.17:442][422]LogModuleManager: Shutting down and abandoning module IOSRuntimeSettings (190)
[2017.02.24-20.31.17:442][422]LogModuleManager: Shutting down and abandoning module AndroidRuntimeSettings (189)
[2017.02.24-20.31.17:442][422]LogModuleManager: Shutting down and abandoning module NiagaraEditor (188)
[2017.02.24-20.31.17:444][422]LogModuleManager: Shutting down and abandoning module MergeActors (187)
[2017.02.24-20.31.17:444][422]LogModuleManager: Shutting down and abandoning module SizeMap (186)
[2017.02.24-20.31.17:444][422]LogModuleManager: Shutting down and abandoning module TreeMap (185)
[2017.02.24-20.31.17:446][422]LogModuleManager: Shutting down and abandoning module ReferenceViewer (184)
[2017.02.24-20.31.17:446][422]LogModuleManager: Shutting down and abandoning module LocalizationService (183)
[2017.02.24-20.31.17:447][422]LogModuleManager: Shutting down and abandoning module LocalizationDashboard (182)
[2017.02.24-20.31.17:447][422]LogModuleManager: Shutting down and abandoning module HardwareTargeting (181)
[2017.02.24-20.31.17:447][422]LogModuleManager: Shutting down and abandoning module DeviceProfileEditor (180)
[2017.02.24-20.31.17:447][422]LogModuleManager: Shutting down and abandoning module UndoHistory (179)
[2017.02.24-20.31.17:450][422]LogModuleManager: Shutting down and abandoning module UserFeedback (178)
[2017.02.24-20.31.17:451][422]LogModuleManager: Shutting down and abandoning module XmlParser (177)
[2017.02.24-20.31.17:451][422]LogModuleManager: Shutting down and abandoning module Blutility (176)
[2017.02.24-20.31.17:451][422]LogModuleManager: Shutting down and abandoning module ProjectTargetPlatformEditor (175)
[2017.02.24-20.31.17:452][422]LogModuleManager: Shutting down and abandoning module ProjectSettingsViewer (174)
[2017.02.24-20.31.17:452][422]LogModuleManager: Shutting down and abandoning module InputBindingEditor (173)
[2017.02.24-20.31.17:455][422]LogModuleManager: Shutting down and abandoning module EditorSettingsViewer (172)
[2017.02.24-20.31.17:456][422]LogModuleManager: Shutting down and abandoning module SettingsEditor (171)
[2017.02.24-20.31.17:457][422]LogModuleManager: Shutting down and abandoning module ProjectLauncher (170)
[2017.02.24-20.31.17:457][422]LogModuleManager: Shutting down and abandoning module SessionFrontend (169)
[2017.02.24-20.31.17:458][422]LogModuleManager: Shutting down and abandoning module ProfilerClient (168)
[2017.02.24-20.31.17:458][422]LogModuleManager: Shutting down and abandoning module TargetDeviceServices (167)
[2017.02.24-20.31.17:458][422]LogModuleManager: Shutting down and abandoning module DeviceManager (166)
[2017.02.24-20.31.17:515][422]LogModuleManager: Shutting down and abandoning module AutomationController (165)
[2017.02.24-20.31.17:515][422]LogModuleManager: Shutting down and abandoning module AutomationWindow (164)
[2017.02.24-20.31.17:516][422]LogModuleManager: Shutting down and abandoning module Layers (163)
[2017.02.24-20.31.17:517][422]LogModuleManager: Shutting down and abandoning module ComponentVisualizers (162)
[2017.02.24-20.31.17:517][422]LogModuleManager: Shutting down and abandoning module DetailCustomizations (161)
[2017.02.24-20.31.17:517][422]LogModuleManager: Shutting down and abandoning module PackagesDialog (160)
[2017.02.24-20.31.17:518][422]LogModuleManager: Shutting down and abandoning module AnimGraph (159)
[2017.02.24-20.31.17:518][422]LogModuleManager: Shutting down and abandoning module Persona (158)
[2017.02.24-20.31.17:519][422]LogModuleManager: Shutting down and abandoning module Kismet (157)
[2017.02.24-20.31.17:581][422]LogModuleManager: Shutting down and abandoning module GraphEditor (156)
[2017.02.24-20.31.17:581][422]LogModuleManager: Shutting down and abandoning module ClassViewer (155)
[2017.02.24-20.31.17:581][422]LogModuleManager: Shutting down and abandoning module Toolbox (154)
[2017.02.24-20.31.17:581][422]LogModuleManager: Shutting down and abandoning module ModuleUI (153)
[2017.02.24-20.31.17:581][422]LogModuleManager: Shutting down and abandoning module MovieSceneTools (152)
[2017.02.24-20.31.17:581][422]LogModuleManager: Shutting down and abandoning module OutputLog (151)
[2017.02.24-20.31.17:581][422]LogModuleManager: Shutting down and abandoning module GammaUI (150)
[2017.02.24-20.31.17:581][422]LogModuleManager: Shutting down and abandoning module Documentation (149)
[2017.02.24-20.31.17:581][422]LogModuleManager: Shutting down and abandoning module Niagara (148)
[2017.02.24-20.31.17:581][422]LogModuleManager: Shutting down and abandoning module StreamingPauseRendering (147)
[2017.02.24-20.31.17:581][422]LogModuleManager: Shutting down and abandoning module AnalyticsET (146)
[2017.02.24-20.31.17:581][422]LogModuleManager: Shutting down and abandoning module PortalServices (145)
[2017.02.24-20.31.17:581][422]LogModuleManager: Shutting down and abandoning module PortalRpc (144)
[2017.02.24-20.31.17:581][422]LogModuleManager: Shutting down and abandoning module MessagingRpc (143)
[2017.02.24-20.31.17:581][422]LogModuleManager: Shutting down and abandoning module GameplayDebugger (142)
[2017.02.24-20.31.17:582][422]LogModuleManager: Shutting down and abandoning module AITestSuite (141)
[2017.02.24-20.31.17:582][422]LogModuleManager: Shutting down and abandoning module AIModule (140)
[2017.02.24-20.31.17:582][422]LogModuleManager: Shutting down and abandoning module ProfilerService (139)
[2017.02.24-20.31.17:680][422]LogModuleManager: Shutting down and abandoning module TaskGraph (138)
[2017.02.24-20.31.17:680][422]LogModuleManager: Shutting down and abandoning module SlateRemote (137)
[2017.02.24-20.31.17:681][422]LogModuleManager: Shutting down and abandoning module SteamVRController (136)
[2017.02.24-20.31.17:681][422]LogModuleManager: Shutting down and abandoning module SteamVR (135)
[2017.02.24-20.31.17:681][422]LogModuleManager: Shutting down and abandoning module ProceduralMeshComponentEditor (134)
[2017.02.24-20.31.17:681][422]LogModuleManager: Shutting down and abandoning module ProceduralMeshComponent (133)
[2017.02.24-20.31.17:681][422]LogModuleManager: Shutting down and abandoning module OculusLibrary (132)
[2017.02.24-20.31.17:682][422]LogModuleManager: Shutting down and abandoning module OculusInput (131)
[2017.02.24-20.31.17:682][422]LogModuleManager: Shutting down and abandoning module CustomMeshComponent (130)
[2017.02.24-20.31.17:682][422]LogModuleManager: Shutting down and abandoning module CableComponent (129)
[2017.02.24-20.31.17:682][422]LogModuleManager: Shutting down and abandoning module ArchVisCharacter (128)
[2017.02.24-20.31.17:682][422]LogModuleManager: Shutting down and abandoning module MediaPlayerEditor (126)
[2017.02.24-20.31.17:683][422]LogModuleManager: Shutting down and abandoning module HTML5Networking (125)
[2017.02.24-20.31.17:683][422]LogModuleManager: Shutting down and abandoning module GeometryCacheEd (124)
[2017.02.24-20.31.17:683][422]LogModuleManager: Shutting down and abandoning module GeometryCache (123)
[2017.02.24-20.31.17:683][422]LogModuleManager: Shutting down and abandoning module AlembicLibrary (122)
[2017.02.24-20.31.17:683][422]LogModuleManager: Shutting down and abandoning module AlembicImporter (121)
[2017.02.24-20.31.17:683][422]LogModuleManager: Shutting down and abandoning module SuperSearch (120)
[2017.02.24-20.31.17:683][422]LogModuleManager: Shutting down and abandoning module SuperSearchEditor (119)
[2017.02.24-20.31.17:683][422]LogModuleManager: Shutting down and abandoning module SpeedTreeImporter (118)
[2017.02.24-20.31.17:683][422]LogModuleManager: Shutting down and abandoning module PluginBrowser (117)
[2017.02.24-20.31.17:683][422]LogModuleManager: Shutting down and abandoning module MobileLauncherProfileWizard (116)
[2017.02.24-20.31.17:683][422]LogModuleManager: Shutting down and abandoning module EpicSurvey (115)
[2017.02.24-20.31.17:683][422]LogModuleManager: Shutting down and abandoning module DesktopPlatform (114)
[2017.02.24-20.31.17:684][422]LogModuleManager: Shutting down and abandoning module VisualStudioSourceCodeAccess (113)
[2017.02.24-20.31.17:684][422]LogModuleManager: Shutting down and abandoning module UObjectPlugin (112)
[2017.02.24-20.31.17:684][422]LogModuleManager: Shutting down and abandoning module SubversionSourceControl (111)
[2017.02.24-20.31.17:685][422]LogModuleManager: Shutting down and abandoning module PerforceSourceControl (110)
[2017.02.24-20.31.17:685][422]LogModuleManager: Shutting down and abandoning module SourceControl (109)
[2017.02.24-20.31.17:685][422]LogModuleManager: Shutting down and abandoning module GitSourceControl (108)
[2017.02.24-20.31.17:685][422]LogModuleManager: Shutting down and abandoning module LightPropagationVolumeEditor (107)
[2017.02.24-20.31.17:685][422]LogModuleManager: Shutting down and abandoning module PaperTiledImporter (106)
[2017.02.24-20.31.17:685][422]LogModuleManager: Shutting down and abandoning module PaperSpriteSheetImporter (105)
[2017.02.24-20.31.17:685][422]LogModuleManager: Shutting down and abandoning module MeshPaint (104)
[2017.02.24-20.31.17:685][422]LogModuleManager: Shutting down and abandoning module FbxAutomationBuilderModule (103)
[2017.02.24-20.31.17:685][422]LogModuleManager: Shutting down and abandoning module PixelInspectorModule (102)
[2017.02.24-20.31.17:686][422]LogModuleManager: Shutting down and abandoning module HotReload (101)
[2017.02.24-20.31.17:687][422]LogModuleManager: Shutting down and abandoning module MainFrame (100)
[2017.02.24-20.31.17:687][422]LogModuleManager: Shutting down and abandoning module LevelEditor (99)
[2017.02.24-20.31.17:689][422]LogModuleManager: Shutting down and abandoning module ContentBrowser (98)
[2017.02.24-20.31.17:691][422]LogModuleManager: Shutting down and abandoning module Paper2DEditor (97)
[2017.02.24-20.31.17:692][422]LogModuleManager: Shutting down and abandoning module UdpMessaging (96)
[2017.02.24-20.31.17:792][422]LogModuleManager: Shutting down and abandoning module TcpMessaging (95)
[2017.02.24-20.31.17:894][422]LogModuleManager: Shutting down and abandoning module LightPropagationVolumeRuntime (94)
[2017.02.24-20.31.17:895][422]LogModuleManager: Shutting down and abandoning module Paper2D (93)
[2017.02.24-20.31.17:895][422]LogModuleManager: Shutting down and abandoning module WindowsMoviePlayer (92)
[2017.02.24-20.31.17:898][422]LogModuleManager: Shutting down and abandoning module WmfMedia (91)
[2017.02.24-20.31.17:899][422]LogModuleManager: Shutting down and abandoning module MediaAssets (90)
[2017.02.24-20.31.17:899][422]LogModuleManager: Shutting down and abandoning module GameLiveStreaming (89)
[2017.02.24-20.31.17:899][422]LogModuleManager: Shutting down and abandoning module GameplayTagsEditor (88)
[2017.02.24-20.31.17:899][422]LogModuleManager: Shutting down and abandoning module VREditor (87)
[2017.02.24-20.31.17:900][422]LogModuleManager: Shutting down and abandoning module GameplayTasksEditor (86)
[2017.02.24-20.31.17:900][422]LogModuleManager: Shutting down and abandoning module PropertyEditor (85)
[2017.02.24-20.31.17:900][422]LogModuleManager: Shutting down and abandoning module BehaviorTreeEditor (84)
[2017.02.24-20.31.17:900][422]LogModuleManager: Shutting down and abandoning module FunctionalTesting (83)
[2017.02.24-20.31.17:900][422]LogModuleManager: Shutting down and abandoning module CollisionAnalyzer (82)
[2017.02.24-20.31.17:901][422]LogModuleManager: Shutting down and abandoning module Sequencer (81)
[2017.02.24-20.31.17:901][422]LogModuleManager: Shutting down and abandoning module WorkspaceMenuStructure (80)
[2017.02.24-20.31.17:901][422]LogModuleManager: Shutting down and abandoning module MessageLog (79)
[2017.02.24-20.31.17:901][422]LogModuleManager: Shutting down and abandoning module AssetTools (78)
[2017.02.24-20.31.17:901][422]LogModuleManager: Shutting down and abandoning module UMGEditor (77)
[2017.02.24-20.31.17:901][422]LogModuleManager: Shutting down and abandoning module UMG (76)
[2017.02.24-20.31.17:901][422]LogModuleManager: Shutting down and abandoning module SlateReflector (75)
[2017.02.24-20.31.17:902][422]LogModuleManager: Shutting down and abandoning module Slate (74)
[2017.02.24-20.31.17:902][422]LogModuleManager: Shutting down and abandoning module EditorStyle (73)
[2017.02.24-20.31.17:915][422]LogModuleManager: Shutting down and abandoning module SourceCodeAccess (72)
[2017.02.24-20.31.17:915][422]LogModuleManager: Shutting down and abandoning module HeadMountedDisplay (71)
[2017.02.24-20.31.17:915][422]LogModuleManager: Shutting down and abandoning module XAudio2 (70)
[2017.02.24-20.31.17:915][422]LogModuleManager: Shutting down and abandoning module Networking (68)
[2017.02.24-20.31.17:915][422]LogModuleManager: Shutting down and abandoning module Core (67)
[2017.02.24-20.31.17:915][422]LogModuleManager: Shutting down and abandoning module DirectoryWatcher (66)
[2017.02.24-20.31.17:915][422]LogDirectoryWatcher: A directory notification for '../../../Engine/Content/' was aborted.
[2017.02.24-20.31.17:917][422]LogDirectoryWatcher: A directory notification for 'G:/GitHub/Soulless/Soulless/Content/' was aborted.
[2017.02.24-20.31.17:917][422]LogDirectoryWatcher: A directory notification for '../../../Engine/Plugins/2D/Paper2D/Content/' was aborted.
[2017.02.24-20.31.17:919][422]LogModuleManager: Shutting down and abandoning module AssetRegistry (65)
[2017.02.24-20.31.18:149][422]LogModuleManager: Shutting down and abandoning module KismetCompiler (64)
[2017.02.24-20.31.18:149][422]LogModuleManager: Shutting down and abandoning module PhysXFormats (63)
[2017.02.24-20.31.18:149][422]LogModuleManager: Shutting down and abandoning module MeshUtilities (62)
[2017.02.24-20.31.18:149][422]LogModuleManager: Shutting down and abandoning module DerivedDataCache (61)
[2017.02.24-20.31.18:239][422]LogDerivedDataCache: Shutdown
[2017.02.24-20.31.18:239][422]LogModuleManager: Shutting down and abandoning module VulkanShaderFormat (60)
[2017.02.24-20.31.18:239][422]LogModuleManager: Shutting down and abandoning module ShaderFormatOpenGL (59)
[2017.02.24-20.31.18:240][422]LogModuleManager: Shutting down and abandoning module ShaderFormatD3D (58)
[2017.02.24-20.31.18:240][422]LogModuleManager: Shutting down and abandoning module MetalShaderFormat (57)
[2017.02.24-20.31.18:240][422]LogModuleManager: Shutting down and abandoning module TextureFormatUncompressed (56)
[2017.02.24-20.31.18:240][422]LogModuleManager: Shutting down and abandoning module TextureFormatPVR (55)
[2017.02.24-20.31.18:240][422]LogModuleManager: Shutting down and abandoning module TextureFormatDXT (54)
[2017.02.24-20.31.18:240][422]LogModuleManager: Shutting down and abandoning module TextureFormatIntelISPCTexComp (53)
[2017.02.24-20.31.18:257][422]LogModuleManager: Shutting down and abandoning module ImageWrapper (52)
[2017.02.24-20.31.18:257][422]LogModuleManager: Shutting down and abandoning module TextureFormatASTC (51)
[2017.02.24-20.31.18:257][422]LogModuleManager: Shutting down and abandoning module TextureFormatAndroid (50)
[2017.02.24-20.31.18:257][422]LogModuleManager: Shutting down and abandoning module AudioFormatOpus (49)
[2017.02.24-20.31.18:258][422]LogModuleManager: Shutting down and abandoning module AudioFormatOgg (48)
[2017.02.24-20.31.18:258][422]LogModuleManager: Shutting down and abandoning module AudioFormatADPCM (47)
[2017.02.24-20.31.18:258][422]LogModuleManager: Shutting down and abandoning module LinuxTargetPlatform (46)
[2017.02.24-20.31.18:258][422]LogModuleManager: Shutting down and abandoning module LinuxServerTargetPlatform (45)
[2017.02.24-20.31.18:258][422]LogModuleManager: Shutting down and abandoning module LinuxNoEditorTargetPlatform (44)
[2017.02.24-20.31.18:258][422]LogModuleManager: Shutting down and abandoning module LinuxClientTargetPlatform (43)
[2017.02.24-20.31.18:259][422]LogModuleManager: Shutting down and abandoning module TVOSTargetPlatform (42)
[2017.02.24-20.31.18:259][422]LogModuleManager: Shutting down and abandoning module Messaging (41)
[2017.02.24-20.31.18:259][422]LogModuleManager: Shutting down and abandoning module IOSTargetPlatform (40)
[2017.02.24-20.31.18:259][422]LogModuleManager: Shutting down and abandoning module HTML5TargetPlatform (39)
[2017.02.24-20.31.18:259][422]LogModuleManager: Shutting down and abandoning module Android_PVRTCTargetPlatform (38)
[2017.02.24-20.31.18:259][422]LogModuleManager: Shutting down and abandoning module Android_MultiTargetPlatform (37)
[2017.02.24-20.31.18:259][422]LogModuleManager: Shutting down and abandoning module Android_ETC2TargetPlatform (36)
[2017.02.24-20.31.18:259][422]LogModuleManager: Shutting down and abandoning module Android_ETC1TargetPlatform (35)
[2017.02.24-20.31.18:259][422]LogModuleManager: Shutting down and abandoning module Android_DXTTargetPlatform (34)
[2017.02.24-20.31.18:259][422]LogModuleManager: Shutting down and abandoning module Android_ATCTargetPlatform (33)
[2017.02.24-20.31.18:259][422]LogModuleManager: Shutting down and abandoning module Android_ASTCTargetPlatform (32)
[2017.02.24-20.31.18:259][422]LogModuleManager: Shutting down and abandoning module AndroidTargetPlatform (31)
[2017.02.24-20.31.18:259][422]LogModuleManager: Shutting down and abandoning module WindowsTargetPlatform (30)
[2017.02.24-20.31.18:259][422]LogModuleManager: Shutting down and abandoning module WindowsServerTargetPlatform (29)
[2017.02.24-20.31.18:259][422]LogModuleManager: Shutting down and abandoning module WindowsNoEditorTargetPlatform (28)
[2017.02.24-20.31.18:260][422]LogModuleManager: Shutting down and abandoning module WindowsClientTargetPlatform (27)
[2017.02.24-20.31.18:260][422]LogModuleManager: Shutting down and abandoning module AllDesktopTargetPlatform (26)
[2017.02.24-20.31.18:260][422]LogModuleManager: Shutting down and abandoning module TargetPlatform (25)
[2017.02.24-20.31.18:260][422]LogModuleManager: Shutting down and abandoning module InputCore (24)
[2017.02.24-20.31.18:260][422]LogModuleManager: Shutting down and abandoning module Settings (23)
[2017.02.24-20.31.18:260][422]LogModuleManager: Shutting down and abandoning module OculusRift (22)
[2017.02.24-20.31.18:260][422]LogModuleManager: Shutting down and abandoning module GearVR (21)
[2017.02.24-20.31.18:260][422]LogModuleManager: Shutting down and abandoning module ExampleDeviceProfileSelector (20)
[2017.02.24-20.31.18:260][422]LogModuleManager: Shutting down and abandoning module OnlineBlueprintSupport (19)
[2017.02.24-20.31.18:260][422]LogModuleManager: Shutting down and abandoning module OnlineSubsystem (17)
[2017.02.24-20.31.18:260][422]LogOnline:Display: Unloading online subsystem: NULL
[2017.02.24-20.31.18:260][422]LogModuleManager: Shutting down and abandoning module HTTP (16)
[2017.02.24-20.31.18:260][422]LogHttp:Display: Http module shutting down, but needs to wait on 1 outstanding Http requests:
[2017.02.24-20.31.18:260][422]LogHttp:Display: 	verb=[POST] url=[https://datarouter.ol.epicgames.com/datarouter/api/v1/public/data?SessionID=%7BAB4FEFAB-436A-FFC4-2DCE-C8A29F41866C%7D&AppID=UEEditor.Rocket.Release&AppVersion=4.13.2-3172292%2B%2B%2BUE4%2BRelease-4.13&UserID=c2a7142a491d928ab689f0ba70fc3f7d%7C2edd1866dcfb46d98d748169ef9907dc%7C2c68dd79-a0f9-45c0-b781-214c9c69c49e&AppEnvironment=datacollector-binary&UploadType=eteventstream] status=Processing
[2017.02.24-20.31.18:291][422]LogModuleManager: Shutting down and abandoning module XMPP (15)
[2017.02.24-20.31.18:291][422]LogModuleManager: Shutting down and abandoning module TextureCompressor (14)
[2017.02.24-20.31.18:291][422]LogModuleManager: Shutting down and abandoning module ShaderCore (13)
[2017.02.24-20.31.18:291][422]LogModuleManager: Shutting down and abandoning module Landscape (12)
[2017.02.24-20.31.18:292][422]LogModuleManager: Shutting down and abandoning module SlateRHIRenderer (11)
[2017.02.24-20.31.18:294][422]LogModuleManager: Shutting down and abandoning module OpenGLDrv (10)
[2017.02.24-20.31.18:294][422]LogModuleManager: Shutting down and abandoning module D3D11RHI (9)
[2017.02.24-20.31.18:294][422]LogModuleManager: Shutting down and abandoning module AnimGraphRuntime (8)
[2017.02.24-20.31.18:294][422]LogModuleManager: Shutting down and abandoning module Renderer (7)
[2017.02.24-20.31.18:294][422]LogModuleManager: Shutting down and abandoning module Engine (6)
[2017.02.24-20.31.18:294][422]LogModuleManager: Shutting down and abandoning module CoreUObject (5)
[2017.02.24-20.31.18:294][422]LogModuleManager: Shutting down and abandoning module NetworkFile (4)
[2017.02.24-20.31.18:294][422]LogModuleManager: Shutting down and abandoning module StreamingFile (3)
[2017.02.24-20.31.18:294][422]LogModuleManager: Shutting down and abandoning module SandboxFile (2)
[2017.02.24-20.31.18:294][422]LogModuleManager: Shutting down and abandoning module PakFile (1)
[2017.02.24-20.31.18:296][422]LogExit: Exiting.
[2017.02.24-20.31.18:317][422]Log file closed, 02/24/17 15:31:18
