Log file open, 02/25/17 18:55:27
LogInit:Display: Running engine for game: Soulless
LogPlatformFile: Not using cached read wrapper
LogInit:Display: RandInit(515652090) SRandInit(515652090).
LogTaskGraph: Started task graph with 5 named threads and 7 total threads with 1 sets of task threads.
LogStats: Stats thread started at 0.085054
LogPluginManager: Loaded Plugin Paper2D, From C:/Program Files/Epic Games/4.13/Engine/Plugins/2D/Paper2D/Paper2D.uplugin
LogPluginManager: Loaded Plugin LightPropagationVolume, From C:/Program Files/Epic Games/4.13/Engine/Plugins/Blendables/LightPropagationVolume/LightPropagationVolume.uplugin
LogPluginManager: Loaded Plugin BlankPlugin, From C:/Program Files/Epic Games/4.13/Engine/Plugins/Developer/BlankPlugin/BlankPlugin.uplugin
LogPluginManager: Loaded Plugin CodeLiteSourceCodeAccess, From C:/Program Files/Epic Games/4.13/Engine/Plugins/Developer/CodeLiteSourceCodeAccess/CodeLiteSourceCodeAccess.uplugin
LogPluginManager: Loaded Plugin GitSourceControl, From C:/Program Files/Epic Games/4.13/Engine/Plugins/Developer/GitSourceControl/GitSourceControl.uplugin
LogPluginManager: Loaded Plugin KDevelopSourceCodeAccess, From C:/Program Files/Epic Games/4.13/Engine/Plugins/Developer/KDevelopSourceCodeAccess/KDevelopSourceCodeAccess.uplugin
LogPluginManager: Loaded Plugin NullSourceCodeAccess, From C:/Program Files/Epic Games/4.13/Engine/Plugins/Developer/NullSourceCodeAccess/NullSourceCodeAccess.uplugin
LogPluginManager: Loaded Plugin OneSkyLocalizationService, From C:/Program Files/Epic Games/4.13/Engine/Plugins/Developer/OneSkyLocalizationService/OneSkyLocalizationService.uplugin
LogPluginManager: Loaded Plugin PerforceSourceControl, From C:/Program Files/Epic Games/4.13/Engine/Plugins/Developer/PerforceSourceControl/PerforceSourceControl.uplugin
LogPluginManager: Loaded Plugin SubversionSourceControl, From C:/Program Files/Epic Games/4.13/Engine/Plugins/Developer/SubversionSourceControl/SubversionSourceControl.uplugin
LogPluginManager: Loaded Plugin UObjectPlugin, From C:/Program Files/Epic Games/4.13/Engine/Plugins/Developer/UObjectPlugin/UObjectPlugin.uplugin
LogPluginManager: Loaded Plugin VisualStudioSourceCodeAccess, From C:/Program Files/Epic Games/4.13/Engine/Plugins/Developer/VisualStudioSourceCodeAccess/VisualStudioSourceCodeAccess.uplugin
LogPluginManager: Loaded Plugin XCodeSourceCodeAccess, From C:/Program Files/Epic Games/4.13/Engine/Plugins/Developer/XCodeSourceCodeAccess/XCodeSourceCodeAccess.uplugin
LogPluginManager: Loaded Plugin EpicSurvey, From C:/Program Files/Epic Games/4.13/Engine/Plugins/Editor/EpicSurvey/EpicSurvey.uplugin
LogPluginManager: Loaded Plugin MacGraphicsSwitching, From C:/Program Files/Epic Games/4.13/Engine/Plugins/Editor/MacGraphicsSwitching/MacGraphicsSwitching.uplugin
LogPluginManager: Loaded Plugin MobileLauncherProfileWizard, From C:/Program Files/Epic Games/4.13/Engine/Plugins/Editor/MobileLauncherProfileWizard/MobileLauncherProfileWizard.uplugin
LogPluginManager: Loaded Plugin PluginBrowser, From C:/Program Files/Epic Games/4.13/Engine/Plugins/Editor/PluginBrowser/PluginBrowser.uplugin
LogPluginManager: Loaded Plugin SpeedTreeImporter, From C:/Program Files/Epic Games/4.13/Engine/Plugins/Editor/SpeedTreeImporter/SpeedTreeImporter.uplugin
LogPluginManager: Loaded Plugin SuperSearchEditor, From C:/Program Files/Epic Games/4.13/Engine/Plugins/Editor/SuperSearchEditor/SuperSearchEditor.uplugin
LogPluginManager: Loaded Plugin AlembicImporter, From C:/Program Files/Epic Games/4.13/Engine/Plugins/Experimental/AlembicImporter/AlembicImporter.uplugin
LogPluginManager: Loaded Plugin BlueprintStats, From C:/Program Files/Epic Games/4.13/Engine/Plugins/Experimental/BlueprintStats/BlueprintStats.uplugin
LogPluginManager: Loaded Plugin CharacterAI, From C:/Program Files/Epic Games/4.13/Engine/Plugins/Experimental/CharacterAI/CharacterAI.uplugin
LogPluginManager: Loaded Plugin CodeEditor, From C:/Program Files/Epic Games/4.13/Engine/Plugins/Experimental/CodeEditor/CodeEditor.uplugin
LogPluginManager: Loaded Plugin CodeView, From C:/Program Files/Epic Games/4.13/Engine/Plugins/Experimental/CodeView/CodeView.uplugin
LogPluginManager: Loaded Plugin HTML5Networking, From C:/Program Files/Epic Games/4.13/Engine/Plugins/Experimental/HTML5Networking/HTML5Networking.uplugin
LogPluginManager: Loaded Plugin LiveEditor, From C:/Program Files/Epic Games/4.13/Engine/Plugins/Experimental/LiveEditor/LiveEditor.uplugin
LogPluginManager: Loaded Plugin OSVR, From C:/Program Files/Epic Games/4.13/Engine/Plugins/Experimental/OSVR/OSVR.uplugin
LogPluginManager: Loaded Plugin Phya, From C:/Program Files/Epic Games/4.13/Engine/Plugins/Experimental/Phya/Phya.uplugin
LogPluginManager: Loaded Plugin SignificanceManager, From C:/Program Files/Epic Games/4.13/Engine/Plugins/Experimental/SignificanceManager/SignificanceManager.uplugin
LogPluginManager: Loaded Plugin SimpleHMD, From C:/Program Files/Epic Games/4.13/Engine/Plugins/Experimental/SimpleHMD/SimpleHMD.uplugin
LogPluginManager: Loaded Plugin StereoPanorama, From C:/Program Files/Epic Games/4.13/Engine/Plugins/Experimental/StereoPanorama/StereoPanorama.uplugin
LogPluginManager: Loaded Plugin StructBox, From C:/Program Files/Epic Games/4.13/Engine/Plugins/Experimental/StructBox/StructBox.uplugin
LogPluginManager: Loaded Plugin AndroidMedia, From C:/Program Files/Epic Games/4.13/Engine/Plugins/Media/AndroidMedia/AndroidMedia.uplugin
LogPluginManager: Loaded Plugin AvfMedia, From C:/Program Files/Epic Games/4.13/Engine/Plugins/Media/AvfMedia/AvfMedia.uplugin
LogPluginManager: Loaded Plugin MediaPlayerEditor, From C:/Program Files/Epic Games/4.13/Engine/Plugins/Media/MediaPlayerEditor/MediaPlayerEditor.uplugin
LogPluginManager: Loaded Plugin WmfMedia, From C:/Program Files/Epic Games/4.13/Engine/Plugins/Media/WmfMedia/WmfMedia.uplugin
LogPluginManager: Loaded Plugin MessagingDebugger, From C:/Program Files/Epic Games/4.13/Engine/Plugins/Messaging/MessagingDebugger/MessagingDebugger.uplugin
LogPluginManager: Loaded Plugin TcpMessaging, From C:/Program Files/Epic Games/4.13/Engine/Plugins/Messaging/TcpMessaging/TcpMessaging.uplugin
LogPluginManager: Loaded Plugin UdpMessaging, From C:/Program Files/Epic Games/4.13/Engine/Plugins/Messaging/UdpMessaging/UdpMessaging.uplugin
LogPluginManager: Loaded Plugin LevelSequenceEditor, From C:/Program Files/Epic Games/4.13/Engine/Plugins/MovieScene/LevelSequenceEditor/LevelSequenceEditor.uplugin
LogPluginManager: Loaded Plugin MatineeToLevelSequence, From C:/Program Files/Epic Games/4.13/Engine/Plugins/MovieScene/MatineeToLevelSequence/MatineeToLevelSequence.uplugin
LogPluginManager: Loaded Plugin NetcodeUnitTest, From C:/Program Files/Epic Games/4.13/Engine/Plugins/NetcodeUnitTest/NetcodeUnitTest/NetcodeUnitTest.uplugin
LogPluginManager: Loaded Plugin NUTUnrealEngine4, From C:/Program Files/Epic Games/4.13/Engine/Plugins/NetcodeUnitTest/NUTUnrealEngine4/NUTUnrealEngine4.uplugin
LogPluginManager: Loaded Plugin OnlineSubsystemGooglePlay, From C:/Program Files/Epic Games/4.13/Engine/Plugins/Online/Android/OnlineSubsystemGooglePlay/OnlineSubsystemGooglePlay.uplugin
LogPluginManager: Loaded Plugin OnlineSubsystemIOS, From C:/Program Files/Epic Games/4.13/Engine/Plugins/Online/IOS/OnlineSubsystemIOS/OnlineSubsystemIOS.uplugin
LogPluginManager: Loaded Plugin OnlineFramework, From C:/Program Files/Epic Games/4.13/Engine/Plugins/Online/OnlineFramework/OnlineFramework.uplugin
LogPluginManager: Loaded Plugin OnlineSubsystem, From C:/Program Files/Epic Games/4.13/Engine/Plugins/Online/OnlineSubsystem/OnlineSubsystem.uplugin
LogPluginManager: Loaded Plugin OnlineSubsystemAmazon, From C:/Program Files/Epic Games/4.13/Engine/Plugins/Online/OnlineSubsystemAmazon/OnlineSubsystemAmazon.uplugin
LogPluginManager: Loaded Plugin OnlineSubsystemFacebook, From C:/Program Files/Epic Games/4.13/Engine/Plugins/Online/OnlineSubsystemFacebook/OnlineSubsystemFacebook.uplugin
LogPluginManager: Loaded Plugin OnlineSubsystemNull, From C:/Program Files/Epic Games/4.13/Engine/Plugins/Online/OnlineSubsystemNull/OnlineSubsystemNull.uplugin
LogPluginManager: Loaded Plugin OnlineSubsystemOculus, From C:/Program Files/Epic Games/4.13/Engine/Plugins/Online/OnlineSubsystemOculus/OnlineSubsystemOculus.uplugin
LogPluginManager: Loaded Plugin OnlineSubsystemSteam, From C:/Program Files/Epic Games/4.13/Engine/Plugins/Online/OnlineSubsystemSteam/OnlineSubsystemSteam.uplugin
LogPluginManager: Loaded Plugin OnlineSubsystemUtils, From C:/Program Files/Epic Games/4.13/Engine/Plugins/Online/OnlineSubsystemUtils/OnlineSubsystemUtils.uplugin
LogPluginManager: Loaded Plugin IOSTapJoy, From C:/Program Files/Epic Games/4.13/Engine/Plugins/Runtime/Advertising/IOSTapJoy/IOSTapJoy.uplugin
LogPluginManager: Loaded Plugin AnalyticsBlueprintLibrary, From C:/Program Files/Epic Games/4.13/Engine/Plugins/Runtime/Analytics/AnalyticsBlueprintLibrary/AnalyticsBlueprintLibrary.uplugin
LogPluginManager: Loaded Plugin AnalyticsMulticast, From C:/Program Files/Epic Games/4.13/Engine/Plugins/Runtime/Analytics/AnalyticsMulticast/AnalyticsMulticast.uplugin
LogPluginManager: Loaded Plugin Apsalar, From C:/Program Files/Epic Games/4.13/Engine/Plugins/Runtime/Analytics/Apsalar/Apsalar.uplugin
LogPluginManager: Loaded Plugin FileLogging, From C:/Program Files/Epic Games/4.13/Engine/Plugins/Runtime/Analytics/FileLogging/FileLogging.uplugin
LogPluginManager: Loaded Plugin Flurry, From C:/Program Files/Epic Games/4.13/Engine/Plugins/Runtime/Analytics/Flurry/Flurry.uplugin
LogPluginManager: Loaded Plugin AndroidDeviceProfileSelector, From C:/Program Files/Epic Games/4.13/Engine/Plugins/Runtime/AndroidDeviceProfileSelector/AndroidDeviceProfileSelector.uplugin
LogPluginManager: Loaded Plugin AndroidMoviePlayer, From C:/Program Files/Epic Games/4.13/Engine/Plugins/Runtime/AndroidMoviePlayer/AndroidMoviePlayer.uplugin
LogPluginManager: Loaded Plugin AppleMoviePlayer, From C:/Program Files/Epic Games/4.13/Engine/Plugins/Runtime/AppleMoviePlayer/AppleMoviePlayer.uplugin
LogPluginManager: Loaded Plugin ArchVisCharacter, From C:/Program Files/Epic Games/4.13/Engine/Plugins/Runtime/ArchVisCharacter/ArchVisCharacter.uplugin
LogPluginManager: Loaded Plugin CableComponent, From C:/Program Files/Epic Games/4.13/Engine/Plugins/Runtime/CableComponent/CableComponent.uplugin
LogPluginManager: Loaded Plugin CustomMeshComponent, From C:/Program Files/Epic Games/4.13/Engine/Plugins/Runtime/CustomMeshComponent/CustomMeshComponent.uplugin
LogPluginManager: Loaded Plugin ExampleDeviceProfileSelector, From C:/Program Files/Epic Games/4.13/Engine/Plugins/Runtime/ExampleDeviceProfileSelector/ExampleDeviceProfileSelector.uplugin
LogPluginManager: Loaded Plugin GearVR, From C:/Program Files/Epic Games/4.13/Engine/Plugins/Runtime/GearVR/GearVR.uplugin
LogPluginManager: Loaded Plugin GoogleVRController, From C:/Program Files/Epic Games/4.13/Engine/Plugins/Runtime/GoogleVR/GoogleVRController/GoogleVRController.uplugin
LogPluginManager: Loaded Plugin GoogleVRHMD, From C:/Program Files/Epic Games/4.13/Engine/Plugins/Runtime/GoogleVR/GoogleVRHMD/GoogleVRHMD.uplugin
LogPluginManager: Loaded Plugin IOSDeviceProfileSelector, From C:/Program Files/Epic Games/4.13/Engine/Plugins/Runtime/IOSDeviceProfileSelector/IOSDeviceProfileSelector.uplugin
LogPluginManager: Loaded Plugin LeapMotion, From C:/Program Files/Epic Games/4.13/Engine/Plugins/Runtime/LeapMotion/LeapMotion.uplugin
LogPluginManager: Loaded Plugin LinuxDeviceProfileSelector, From C:/Program Files/Epic Games/4.13/Engine/Plugins/Runtime/LinuxDeviceProfileSelector/LinuxDeviceProfileSelector.uplugin
LogPluginManager: Loaded Plugin LiveEditorListenServer, From C:/Program Files/Epic Games/4.13/Engine/Plugins/Runtime/LiveEditorListenServer/LiveEditorListenServer.uplugin
LogPluginManager: Loaded Plugin OculusAudio, From C:/Program Files/Epic Games/4.13/Engine/Plugins/Runtime/OculusAudio/OculusAudio.uplugin
LogPluginManager: Loaded Plugin OculusInput, From C:/Program Files/Epic Games/4.13/Engine/Plugins/Runtime/OculusInput/OculusInput.uplugin
LogPluginManager: Loaded Plugin OculusLibrary, From C:/Program Files/Epic Games/4.13/Engine/Plugins/Runtime/OculusLibrary/OculusLibrary.uplugin
LogPluginManager: Loaded Plugin OculusRift, From C:/Program Files/Epic Games/4.13/Engine/Plugins/Runtime/OculusRift/OculusRift.uplugin
LogPluginManager: Loaded Plugin Oodle, From C:/Program Files/Epic Games/4.13/Engine/Plugins/Runtime/PacketHandlers/CompressionComponents/Oodle/Oodle.uplugin
LogPluginManager: Loaded Plugin ProceduralMeshComponent, From C:/Program Files/Epic Games/4.13/Engine/Plugins/Runtime/ProceduralMeshComponent/ProceduralMeshComponent.uplugin
LogPluginManager: Loaded Plugin SoundMod, From C:/Program Files/Epic Games/4.13/Engine/Plugins/Runtime/SoundMod/SoundMod.uplugin
LogPluginManager: Loaded Plugin SoundVisualizations, From C:/Program Files/Epic Games/4.13/Engine/Plugins/Runtime/SoundVisualizations/SoundVisualizations.uplugin
LogPluginManager: Loaded Plugin SteamController, From C:/Program Files/Epic Games/4.13/Engine/Plugins/Runtime/Steam/SteamController/SteamController.uplugin
LogPluginManager: Loaded Plugin SteamVR, From C:/Program Files/Epic Games/4.13/Engine/Plugins/Runtime/Steam/SteamVR/SteamVR.uplugin
LogPluginManager: Loaded Plugin WebBrowserWidget, From C:/Program Files/Epic Games/4.13/Engine/Plugins/Runtime/WebBrowserWidget/WebBrowserWidget.uplugin
LogPluginManager: Loaded Plugin WindowsDeviceProfileSelector, From C:/Program Files/Epic Games/4.13/Engine/Plugins/Runtime/WindowsDeviceProfileSelector/WindowsDeviceProfileSelector.uplugin
LogPluginManager: Loaded Plugin WindowsMoviePlayer, From C:/Program Files/Epic Games/4.13/Engine/Plugins/Runtime/WindowsMoviePlayer/WindowsMoviePlayer.uplugin
LogPluginManager: Loaded Plugin ScriptPlugin, From C:/Program Files/Epic Games/4.13/Engine/Plugins/ScriptPlugin/ScriptPlugin.uplugin
LogPluginManager: Loaded Plugin SlateRemote, From C:/Program Files/Epic Games/4.13/Engine/Plugins/Slate/SlateRemote/SlateRemote.uplugin
LogInit: Using libcurl 7.47.1
LogInit:  - built for x86_64-pc-win32
LogInit:  - supports SSL with WinSSL
LogInit:  - other features:
LogInit:      CURL_VERSION_SSL
LogInit:      CURL_VERSION_IPV6
LogInit:      CURL_VERSION_ASYNCHDNS
LogInit:      CURL_VERSION_LARGEFILE
LogInit:      CURL_VERSION_IDN
LogInit:  CurlRequestOptions (configurable via config and command line):
LogInit:  - bVerifyPeer = false  - Libcurl will NOT verify peer certificate
LogInit:  - bUseHttpProxy = false  - Libcurl will NOT use HTTP proxy
LogInit:  - bDontReuseConnections = false  - Libcurl will reuse connections
LogInit:  - CertBundlePath = nullptr  - Libcurl will use whatever was configured at build time.
LogInit: Build: ++UE4+Release-4.13-CL-3172292
LogInit: Engine Version: 4.13.2-3172292+++UE4+Release-4.13
LogInit: Compatible Engine Version: 4.13.0-3106830+++UE4+Release-4.13
LogInit: Net CL: 3172292
LogDevObjectVersion: Number of dev versions registered: 13
LogDevObjectVersion:   Dev-Blueprints (B0D832E4-1F89-4F0D-ACCF-7EB736FD4AA2): 5
LogDevObjectVersion:   Dev-Build (E1C64328-A22C-4D53-A36C-8E866417BD8C): 0
LogDevObjectVersion:   Dev-Core (375EC13C-06E4-48FB-B500-84F0262A717E): 1
LogDevObjectVersion:   Dev-Editor (E4B068ED-F494-42E9-A231-DA0B2E46BB41): 6
LogDevObjectVersion:   Dev-Framework (CFFC743F-43B0-4480-9391-14DF171D2073): 12
LogDevObjectVersion:   Dev-Mobile (B02B49B5-BB20-44E9-A304-32B752E40360): 0
LogDevObjectVersion:   Dev-Networking (A4E4105C-59A1-49B5-A7C5-40C4547EDFEE): 0
LogDevObjectVersion:   Dev-Online (39C831C9-5AE6-47DC-9A44-9C173E1C8E7C): 0
LogDevObjectVersion:   Dev-Physics (78F01B33-EBEA-4F98-B9B4-84EACCB95AA2): 0
LogDevObjectVersion:   Dev-Platform (6631380F-2D4D-43E0-8009-CF276956A95A): 0
LogDevObjectVersion:   Dev-Rendering (12F88B9F-8875-4AFC-A67C-D90C383ABD29): 4
LogDevObjectVersion:   Dev-Sequencer (7B5AE74C-D270-4C10-A958-57980B212A5A): 0
LogDevObjectVersion:   Dev-VR (D7296918-1DD6-4BDD-9DE2-64A83CC13884): 0
LogInit: Compiled (64-bit): Oct 24 2016 14:29:06
LogInit: Compiled with Visual C++: 19.00.23026.00
LogInit: Build Configuration: Development
LogInit: Branch Name: ++UE4+Release-4.13
LogInit: Command line:  
LogInit: Base directory: C:/Program Files/Epic Games/4.13/Engine/Binaries/Win64/
LogInit: Installed Engine Build: 1
LogInit: Presizing for max 8388607 objects, including 0 objects not considered by GC, pre-allocating 0 bytes for permanent pool.
LogInit: Object subsystem initialized
[2017.02.25-23.55.27:890][  0]LogInit: Selected Device Profile: [Windows]
[2017.02.25-23.55.27:890][  0]LogInit: Applying CVar settings loaded from the selected device profile: [Windows]
[2017.02.25-23.55.27:901][  0]LogInit: Computer: MAEBEKNOT-PC
[2017.02.25-23.55.27:901][  0]LogInit: User: MaebeKnot
[2017.02.25-23.55.27:901][  0]LogInit: CPU Page size=65536, Cores=3
[2017.02.25-23.55.27:901][  0]LogInit: High frequency timer resolution =3.429460 MHz
[2017.02.25-23.55.27:902][  0]LogMemory: Memory total: Physical=15.9GB (16GB approx)
[2017.02.25-23.55.27:902][  0]LogMemory: Platform Memory Stats for Windows
[2017.02.25-23.55.27:902][  0]LogMemory: Process Physical Memory: 255.58 MB used, 255.58 MB peak
[2017.02.25-23.55.27:902][  0]LogMemory: Process Virtual Memory: 259.88 MB used, 259.88 MB peak
[2017.02.25-23.55.27:902][  0]LogMemory: Physical Memory: 6181.58 MB used, 16285.13 MB total
[2017.02.25-23.55.27:902][  0]LogMemory: Virtual Memory: 622.48 MB used, 134217728.00 MB total
[2017.02.25-23.55.27:949][  0]LogTextLocalizationManager: No specific translations for ('en-US') exist, so ('en') translations will be used.
[2017.02.25-23.55.29:003][  0]LogD3D11RHI: D3D11 adapters:
[2017.02.25-23.55.29:045][  0]LogD3D11RHI:    0. 'NVIDIA GeForce GTX 760' (Feature Level 11_0)
[2017.02.25-23.55.29:045][  0]LogD3D11RHI:       2017/0/8142 MB DedicatedVideo/DedicatedSystem/SharedSystem, Outputs:2, VendorId:0x10de
[2017.02.25-23.55.29:047][  0]LogD3D11RHI:    1. 'Microsoft Basic Render Driver' (Feature Level 11_0)
[2017.02.25-23.55.29:047][  0]LogD3D11RHI:       0/0/8142 MB DedicatedVideo/DedicatedSystem/SharedSystem, Outputs:0, VendorId:0x1414
[2017.02.25-23.55.29:047][  0]LogD3D11RHI: Chosen D3D11 Adapter: 0
[2017.02.25-23.55.29:056][  0]LogD3D11RHI: Creating new Direct3DDevice
[2017.02.25-23.55.29:056][  0]LogD3D11RHI:     GPU DeviceId: 0x1187 (for the marketing name, search the web for "GPU Device Id")
[2017.02.25-23.55.29:056][  0]LogWindows: EnumDisplayDevices:
[2017.02.25-23.55.29:056][  0]LogWindows:    0. 'NVIDIA GeForce GTX 760' (P:0 D:1)
[2017.02.25-23.55.29:056][  0]LogWindows:    1. 'NVIDIA GeForce GTX 760' (P:1 D:1)
[2017.02.25-23.55.29:057][  0]LogWindows:    2. 'NVIDIA GeForce GTX 760' (P:0 D:0)
[2017.02.25-23.55.29:057][  0]LogWindows:    3. 'NVIDIA GeForce GTX 760' (P:0 D:0)
[2017.02.25-23.55.29:057][  0]LogWindows: DebugString: FoundDriverCount:4 
[2017.02.25-23.55.29:057][  0]LogD3D11RHI:     Adapter Name: NVIDIA GeForce GTX 760
[2017.02.25-23.55.29:057][  0]LogD3D11RHI:   Driver Version: 378.49 (internal:21.21.13.7849, unified:378.49)
[2017.02.25-23.55.29:057][  0]LogD3D11RHI:      Driver Date: 1-20-2017
[2017.02.25-23.55.29:057][  0]LogRHI: Texture pool is 1361 MB (70% of 1945 MB)
[2017.02.25-23.55.29:080][  0]LogD3D11RHI: Async texture creation enabled
[2017.02.25-23.55.29:093][  0]LogD3D11RHI: GPU Timing Frequency: 1000.000000 (Debug: 2 1)
[2017.02.25-23.55.29:093][  0]LogShaderCompilers: Guid format shader working directory is 22 characters bigger than the processId version (G:/GitHub/Soulless/Soulless/Intermediate/Shaders/WorkingDirectory/8176/).
[2017.02.25-23.55.29:094][  0]LogShaderCompilers: Cleaned the shader compiler working directory 'C:/Users/MAEBEK~1/AppData/Local/Temp/UnrealShaderWorkingDir/BFCB148541F934CD2A1D0A86FCB5E2C1/'.
[2017.02.25-23.55.29:094][  0]LogShaderCompilers:Display: Using Local Shader Compiler.
[2017.02.25-23.55.31:090][  0]LogTemp:Display: Loaded TP AllDesktopTargetPlatform
[2017.02.25-23.55.31:103][  0]LogTemp:Display: Loaded TP WindowsClientTargetPlatform
[2017.02.25-23.55.31:115][  0]LogTemp:Display: Loaded TP WindowsNoEditorTargetPlatform
[2017.02.25-23.55.31:127][  0]LogTemp:Display: Loaded TP WindowsServerTargetPlatform
[2017.02.25-23.55.31:139][  0]LogTemp:Display: Loaded TP WindowsTargetPlatform
[2017.02.25-23.55.31:149][  0]LogTemp:Display: Loaded TP AndroidTargetPlatform
[2017.02.25-23.55.31:158][  0]LogTemp:Display: Loaded TP Android_ASTCTargetPlatform
[2017.02.25-23.55.31:168][  0]LogTemp:Display: Loaded TP Android_ATCTargetPlatform
[2017.02.25-23.55.31:178][  0]LogTemp:Display: Loaded TP Android_DXTTargetPlatform
[2017.02.25-23.55.31:188][  0]LogTemp:Display: Loaded TP Android_ETC1TargetPlatform
[2017.02.25-23.55.31:198][  0]LogTemp:Display: Loaded TP Android_ETC2TargetPlatform
[2017.02.25-23.55.31:220][  0]LogTemp:Display: Loaded TP Android_MultiTargetPlatform
[2017.02.25-23.55.31:220][  0]LogTemp:Display: Loaded TP Android_PVRTCTargetPlatform
[2017.02.25-23.55.31:221][  0]LogTemp:Display: Loaded TP HTML5TargetPlatform
[2017.02.25-23.55.31:246][  0]LogTemp:Display: Loaded TP IOSTargetPlatform
[2017.02.25-23.55.31:256][  0]LogTemp:Display: Loaded TP TVOSTargetPlatform
[2017.02.25-23.55.31:265][  0]LogTemp:Display: Loaded TP LinuxClientTargetPlatform
[2017.02.25-23.55.31:275][  0]LogTemp:Display: Loaded TP LinuxNoEditorTargetPlatform
[2017.02.25-23.55.31:284][  0]LogTemp:Display: Loaded TP LinuxServerTargetPlatform
[2017.02.25-23.55.31:295][  0]LogTemp:Display: Loaded TP LinuxTargetPlatform
[2017.02.25-23.55.31:295][  0]LogTargetPlatformManager:Display: Building Assets For Windows
[2017.02.25-23.55.31:432][  0]LogDerivedDataCache:Display: Max Cache Size: 512 MB
[2017.02.25-23.55.31:593][  0]LogDerivedDataCache: Loaded boot cache 0.16s 79MB C:/Users/MaebeKnot/AppData/Local/UnrealEngine/4.13/DerivedDataCache/Boot.ddc.
[2017.02.25-23.55.31:593][  0]LogDerivedDataCache:Display: Loaded Boot cache: C:/Users/MaebeKnot/AppData/Local/UnrealEngine/4.13/DerivedDataCache/Boot.ddc
[2017.02.25-23.55.31:593][  0]LogDerivedDataCache: FDerivedDataBackendGraph:  Pak pak cache file G:/GitHub/Soulless/Soulless/DerivedDataCache/DDC.ddp not found, will not use a pak cache.
[2017.02.25-23.55.31:593][  0]LogDerivedDataCache: Unable to find inner node Pak for hierarchical cache Hierarchy.
[2017.02.25-23.55.31:593][  0]LogDerivedDataCache: FDerivedDataBackendGraph:  CompressedPak pak cache file G:/GitHub/Soulless/Soulless/DerivedDataCache/Compressed.ddp not found, will not use a pak cache.
[2017.02.25-23.55.31:593][  0]LogDerivedDataCache: Unable to find inner node CompressedPak for hierarchical cache Hierarchy.
[2017.02.25-23.55.31:616][  0]LogDerivedDataCache:Display: Pak cache opened for reading ../../../Engine/DerivedDataCache/Compressed.ddp.
[2017.02.25-23.55.31:628][  0]LogDerivedDataCache: Using Local data cache path C:/Users/MaebeKnot/AppData/Local/UnrealEngine/Common/DerivedDataCache: Writable
[2017.02.25-23.55.31:993][  0]LogInit: Selected Device Profile: [Windows]
[2017.02.25-23.55.31:997][  0]LogContentStreaming: Texture pool size is 0.00 MB
[2017.02.25-23.55.32:133][  0]LogMeshUtilities: No automatic mesh reduction module available
[2017.02.25-23.55.32:133][  0]LogMeshUtilities: No automatic mesh merging module available
[2017.02.25-23.55.32:133][  0]LogMeshUtilities: No distributed automatic mesh merging module available
[2017.02.25-23.55.32:236][  0]LogMaterial: Uniform references updated for custom material expression Custom.
[2017.02.25-23.55.32:850][  0]LogNetVersion: GetLocalNetworkVersion: CL: 3106830, ProjectName: soulless, ProjectVersion: , EngineNetworkVersion: 1, GameNetworkVersion: 0, NetworkChecksum: 194504639
[2017.02.25-23.55.32:893][  0]LogAssetRegistry: FAssetRegistry took 0.0215 seconds to start up
[2017.02.25-23.55.32:931][  0]LogPackageLocalizationCache: Processed 3 localized package path(s) for 2 prioritized culture(s) in 0.031608 seconds
[2017.02.25-23.55.32:941][  0]LogUObjectArray: 29782 objects as part of root set at end of initial load.
[2017.02.25-23.55.32:941][  0]LogUObjectAllocator: 6126776 out of 0 bytes used by permanent object pool.
[2017.02.25-23.55.32:941][  0]LogUObjectArray: CloseDisregardForGC: 0/0 objects in disregard for GC pool
[2017.02.25-23.55.32:958][  0]LogInit: WinSock: version 1.1 (2.2), MaxSocks=32767, MaxUdp=65467
[2017.02.25-23.55.33:342][  0]LogSlate: SlateFontCache - WITH_FREETYPE: 1, WITH_HARFBUZZ: 1
[2017.02.25-23.55.33:342][  0]LogSlate: SlateFontCache - WITH_FREETYPE: 1, WITH_HARFBUZZ: 1
[2017.02.25-23.55.34:883][  0]LogTcpMessaging: Initializing TcpMessaging bridge
[2017.02.25-23.55.34:913][  0]LogUdpMessaging: Initializing bridge on interface 0.0.0.0:0 to multicast group 230.0.0.1:6666.
[2017.02.25-23.55.35:242][  0]SourceControl: Info Source control is disabled
[2017.02.25-23.55.35:796][  0]SourceControl: Info Source control is disabled
[2017.02.25-23.55.35:816][  0]SourceControl: Info Source control is disabled
[2017.02.25-23.55.35:835][  0]SourceControl: Info Source control is disabled
[2017.02.25-23.55.36:431][  0]LogEngine: Initializing Engine...
[2017.02.25-23.55.36:447][  0]LogHMD: Failed to initialize OpenVR with code 108
[2017.02.25-23.55.36:631][  0]LogAIModule: Creating AISystem for world Untitled
[2017.02.25-23.55.36:669][  0]LogInit: XAudio2 using 'Speakers (Realtek High Definition Audio)' : 2 channels at 48 kHz using 32 bits per sample (channel mask 0x3)
[2017.02.25-23.55.36:693][  0]LogInit: FAudioDevice initialized.
[2017.02.25-23.55.36:768][  0]LogDerivedDataCache: Saved boot cache 0.08s 79MB C:/Users/MaebeKnot/AppData/Local/UnrealEngine/4.13/DerivedDataCache/Boot.ddc.
[2017.02.25-23.55.36:789][  0]LogInit: Texture streaming: Enabled
[2017.02.25-23.55.36:828][  0]LogInit: Transaction tracking system initialized
[2017.02.25-23.55.36:865][  0]BlueprintLog: New page: Editor Load
[2017.02.25-23.55.36:983][  0]LocalizationService: Info Localization service is disabled
[2017.02.25-23.55.37:103][  0]LogConsoleResponse:Display: 
[2017.02.25-23.55.37:275][  0]LogCook:Display: Max memory allowance for cook 16384mb min free memory 0mb
[2017.02.25-23.55.37:275][  0]LogCook:Display: Mobile HDR setting 1
[2017.02.25-23.55.37:659][  0]LogFileCache: Scanning file cache for directory 'G:/GitHub/Soulless/Soulless/Content/' took 0.02s
[2017.02.25-23.55.37:660][  0]SourceControl: Info Source control is disabled
[2017.02.25-23.55.37:660][  0]Cmd: MAP LOAD FILE="G:/GitHub/Soulless/Soulless/Content/SoullessLevel.umap" TEMPLATE=0 SHOWPROGRESS=1 FEATURELEVEL=3
[2017.02.25-23.55.37:661][  0]LightingResults: New page: Lighting Build
[2017.02.25-23.55.37:665][  0]MapCheck: New page: Map Check
[2017.02.25-23.55.37:665][  0]LightingResults: New page: Lighting Build
[2017.02.25-23.55.38:300][  0]LogBlueprint:Warning: USimpleConstructionScript::FixupRootNodeParentReferences() - Couldn't find inherited parent component 'BasicTwr' for 'Cannon' in BlueprintGeneratedClass 'REINST_ArcherTwer_C_61' (it may have been removed)
[2017.02.25-23.55.38:873][  0]LogBlueprint:Warning: [Compiler PersistentLevel.SoullessLevel] Warning 'Item' is already a 'Wave System', you don't need  K2Node_DynamicCast_0 .
[2017.02.25-23.55.38:875][  0]LogBlueprint:Warning: [Compiler PersistentLevel.SoullessLevel] Warning [0012.48] Compile of PersistentLevel.SoullessLevel successful, but with 1 Warning(s) [in 5 ms] (/Game/SoullessLevel.SoullessLevel:PersistentLevel.SoullessLevel)
[2017.02.25-23.55.38:875][  0]LogBlueprint:Warning: [Compiler PersistentLevel.SoullessLevel] Warning [0012.48] Compile of PersistentLevel.SoullessLevel successful, but with 2 Warning(s) [in 0 ms] (/Game/SoullessLevel.SoullessLevel:PersistentLevel.SoullessLevel)
[2017.02.25-23.55.38:875][  0]LogBlueprint:Warning: [Compiler PersistentLevel.SoullessLevel] Warning [0012.48] Compile of PersistentLevel.SoullessLevel successful, but with 3 Warning(s) [in 0 ms] (/Game/SoullessLevel.SoullessLevel:PersistentLevel.SoullessLevel)
[2017.02.25-23.55.38:880][  0]LogBlueprint:Warning: [Compiler PersistentLevel.SoullessLevel] Warning 'Item' is already a 'Wave System', you don't need  K2Node_DynamicCast_0 .
[2017.02.25-23.55.38:882][  0]LogBlueprint:Warning: [Compiler PersistentLevel.SoullessLevel] Warning [0012.49] Compile of PersistentLevel.SoullessLevel successful, but with 1 Warning(s) [in 5 ms] (/Game/SoullessLevel.SoullessLevel:PersistentLevel.SoullessLevel)
[2017.02.25-23.55.38:882][  0]LogBlueprint:Warning: [Compiler PersistentLevel.SoullessLevel] Warning [0012.49] Compile of PersistentLevel.SoullessLevel successful, but with 2 Warning(s) [in 0 ms] (/Game/SoullessLevel.SoullessLevel:PersistentLevel.SoullessLevel)
[2017.02.25-23.55.38:882][  0]LogBlueprint:Warning: [Compiler PersistentLevel.SoullessLevel] Warning [0012.49] Compile of PersistentLevel.SoullessLevel successful, but with 3 Warning(s) [in 0 ms] (/Game/SoullessLevel.SoullessLevel:PersistentLevel.SoullessLevel)
[2017.02.25-23.55.39:510][  0]LogAIModule: Creating AISystem for world SoullessLevel
[2017.02.25-23.55.39:617][  0]LogEditorServer: Finished looking for orphan Actors (0.000 secs)
[2017.02.25-23.55.39:619][  0]Cmd: MAP CHECKDEP NOCLEARLOG
[2017.02.25-23.55.39:876][  0]MapCheck: Info Map check complete: 0 Error(s), 0 Warning(s), took 257.219ms to complete.
[2017.02.25-23.55.39:877][  0]LogFileHelpers: Loading map 'SoullessLevel' took 2.217
[2017.02.25-23.55.40:184][  0]LogCollectionManager: Loaded 0 collections in 0.003732 seconds
[2017.02.25-23.55.40:251][  0]LogFileCache: Scanning file cache for directory 'G:/GitHub/Soulless/Soulless/Saved/Collections/' took 0.01s
[2017.02.25-23.55.40:251][  0]LogFileCache: Scanning file cache for directory 'G:/GitHub/Soulless/Soulless/Content/Developers/MaebeKnot/Collections/' took 0.01s
[2017.02.25-23.55.40:251][  0]LogFileCache: Scanning file cache for directory 'G:/GitHub/Soulless/Soulless/Content/Collections/' took 0.01s
[2017.02.25-23.55.40:251][  0]LogCollectionManager: Rebuilt the GUID cache for 0 collections in 0.000003 seconds
[2017.02.25-23.55.40:286][  0]LogContentBrowser: Native class hierarchy populated in 0.0353 seconds. Added 2141 classes and 415 folders.
[2017.02.25-23.55.40:292][  0]LogStats: UGameplayTagsManager::ConstructGameplayTagTree: Construct from data asset -  0.000 s
[2017.02.25-23.55.40:292][  0]LogStats: UGameplayTagsManager::ConstructGameplayTagTree: GameplayTagTreeChangedEvent.Broadcast -  0.000 s
[2017.02.25-23.55.40:293][  0]LogContentBrowser: Native class hierarchy updated for 'GameplayTags' in 0.0006 seconds. Added 12 classes and 0 folders.
[2017.02.25-23.55.40:299][  0]LogContentBrowser: Native class hierarchy updated for 'WidgetCarousel' in 0.0005 seconds. Added 0 classes and 0 folders.
[2017.02.25-23.55.40:411][  0]LogContentBrowser: Native class hierarchy updated for 'AddContentDialog' in 0.0006 seconds. Added 0 classes and 0 folders.
[2017.02.25-23.55.40:418][  0]LogContentBrowser: Native class hierarchy updated for 'SceneOutliner' in 0.0006 seconds. Added 1 classes and 2 folders.
[2017.02.25-23.55.40:505][  0]LogContentBrowser: Native class hierarchy updated for 'WorldBrowser' in 0.0007 seconds. Added 1 classes and 3 folders.
[2017.02.25-23.55.40:513][  0]LogCrashTracker: Crashtracker disabled due to settings.
[2017.02.25-23.55.40:519][  0]LogUObjectGlobals:Warning: Failed to find object 'Class None.'
[2017.02.25-23.55.40:551][  0]LogContentBrowser: Native class hierarchy updated for 'HierarchicalLODOutliner' in 0.0006 seconds. Added 1 classes and 2 folders.
[2017.02.25-23.55.40:551][  0]LogLoad: (Engine Initialization) Total time: 14.16 seconds
[2017.02.25-23.55.40:551][  0]LogLoad: (Engine Initialization) Total Blueprint compile time: 0.62 seconds
[2017.02.25-23.55.40:551][  0]LogExternalProfiler: Found external profiler: VSPerf
[2017.02.25-23.55.40:551][  0]LogExternalProfiler: Using external profiler: VSPerf
[2017.02.25-23.55.40:560][  0]LogWindowsTextInputMethodSystem:Display: IME system now deactivated.
[2017.02.25-23.55.40:560][  0]LogOcInput: OculusInput pre-init called
[2017.02.25-23.55.40:603][  0]LogContentStreaming: Texture pool size now 800 MB
[2017.02.25-23.55.40:815][  0]LogRenderer: Reallocating scene render targets to support 1208x576 (Frame:2).
[2017.02.25-23.55.40:921][  1]LogFileCache: Retrieving MD5 hashes for directory 'G:/GitHub/Soulless/Soulless/Content/' took 0.35s
[2017.02.25-23.55.40:982][  2]LogAssetRegistry: Asset discovery search completed in 8.1102 seconds
[2017.02.25-23.55.40:982][  2]LogCollectionManager: Rebuilt the object cache for 0 collections in 0.000001 seconds (found 0 objects)
[2017.02.25-23.55.40:982][  2]LogCollectionManager: Fixed up redirectors for 0 collections in 0.000031 seconds (updated 0 objects)
[2017.02.25-23.56.04:387][453]LogContentBrowser: Native class hierarchy updated for 'BlueprintGraph' in 0.0012 seconds. Added 112 classes and 0 folders.
[2017.02.25-23.56.32:594][122]BlueprintLog: New page: Compile ui_wave_start
[2017.02.25-23.56.33:284][154]Cmd: OBJ SAVEPACKAGE PACKAGE="/Game/UI/ui_wave_start" FILE="G:/GitHub/Soulless/Soulless/Content/UI/ui_wave_start.uasset" SILENT=true
[2017.02.25-23.56.33:333][154]LogSavePackage: Save=32.17ms
[2017.02.25-23.56.33:333][154]LogSavePackage: Moving 'G:/GitHub/Soulless/Soulless/Saved/ui_wave_start4D3E811448D1F0E640671992D9DBDCC3.tmp' to 'G:/GitHub/Soulless/Soulless/Content/UI/ui_wave_start.uasset'
[2017.02.25-23.56.33:335][154]LogSavePackage:Display: Finished SavePackage G:/GitHub/Soulless/Soulless/Content/UI/ui_wave_start.uasset
[2017.02.25-23.56.55:934][104]Cmd: OBJ SAVEPACKAGE PACKAGE="/Game/UI/ui_wave_start2" FILE="G:/GitHub/Soulless/Soulless/Content/UI/ui_wave_start2.uasset" SILENT=true
[2017.02.25-23.56.55:997][104]LogSavePackage: Save=46.98ms
[2017.02.25-23.56.55:997][104]LogSavePackage: Moving 'G:/GitHub/Soulless/Soulless/Saved/ui_wave_start28F3815534EB30C96B70B8EB3AA5B6A8D.tmp' to 'G:/GitHub/Soulless/Soulless/Content/UI/ui_wave_start2.uasset'
[2017.02.25-23.56.55:999][104]LogSavePackage:Display: Finished SavePackage G:/GitHub/Soulless/Soulless/Content/UI/ui_wave_start2.uasset
[2017.02.25-23.56.57:435][252]LogWindowsTextInputMethodSystem:Display: IME system now deactivated.
[2017.02.25-23.56.57:654][253]Cmd: QUIT_EDITOR
[2017.02.25-23.56.57:744][253]LogExit: Preparing to exit.
[2017.02.25-23.56.58:162][253]LogExit: Editor shut down
[2017.02.25-23.56.58:162][253]LogExit: Transaction tracking system shut down
[2017.02.25-23.56.58:422][253]LogObj: Freed 0b from 0 cluster array pools.
[2017.02.25-23.56.58:422][253]LogExit: Object subsystem successfully closed.
[2017.02.25-23.56.58:442][253]LogD3D11RHI: Shutdown
[2017.02.25-23.56.58:442][253]LogD3D11RHI: CleanupD3DDevice
[2017.02.25-23.56.58:589][253]LogD3D11RHI: ~FD3D11DynamicRHI
[2017.02.25-23.56.58:632][253]LogModuleManager: Shutting down and abandoning module SequencerWidgets (237)
[2017.02.25-23.56.58:632][253]LogModuleManager: Shutting down and abandoning module BlueprintGraph (236)
[2017.02.25-23.56.58:632][253]LogModuleManager: Shutting down and abandoning module BlueprintProfiler (235)
[2017.02.25-23.56.58:632][253]LogModuleManager: Shutting down and abandoning module HierarchicalLODOutliner (234)
[2017.02.25-23.56.58:632][253]LogModuleManager: Shutting down and abandoning module CrashTracker (233)
[2017.02.25-23.56.58:632][253]LogModuleManager: Shutting down and abandoning module WorldBrowser (232)
[2017.02.25-23.56.58:632][253]LogModuleManager: Shutting down and abandoning module SceneOutliner (231)
[2017.02.25-23.56.58:632][253]LogModuleManager: Shutting down and abandoning module WidgetCarousel (230)
[2017.02.25-23.56.58:632][253]LogModuleManager: Shutting down and abandoning module AddContentDialog (229)
[2017.02.25-23.56.58:632][253]LogDirectoryWatcher: A directory notification for 'C:/Program Files/Epic Games/4.13/FeaturePacks/' was aborted.
[2017.02.25-23.56.58:637][253]LogModuleManager: Shutting down and abandoning module GameplayTags (228)
[2017.02.25-23.56.58:637][253]LogModuleManager: Shutting down and abandoning module EditorWidgets (227)
[2017.02.25-23.56.58:637][253]LogModuleManager: Shutting down and abandoning module CollectionManager (226)
[2017.02.25-23.56.58:637][253]LogDirectoryWatcher: A directory notification for 'G:/GitHub/Soulless/Soulless/Content/Collections/' was aborted.
[2017.02.25-23.56.58:637][253]LogDirectoryWatcher: A directory notification for 'G:/GitHub/Soulless/Soulless/Content/Developers/MaebeKnot/Collections/' was aborted.
[2017.02.25-23.56.58:637][253]LogDirectoryWatcher: A directory notification for 'G:/GitHub/Soulless/Soulless/Saved/Collections/' was aborted.
[2017.02.25-23.56.58:637][253]LogModuleManager: Shutting down and abandoning module StatsViewer (225)
[2017.02.25-23.56.58:637][253]LogModuleManager: Shutting down and abandoning module FoliageEdit (224)
[2017.02.25-23.56.58:637][253]LogModuleManager: Shutting down and abandoning module LandscapeEditor (223)
[2017.02.25-23.56.58:638][253]LogModuleManager: Shutting down and abandoning module SceneDepthPickerMode (222)
[2017.02.25-23.56.58:638][253]LogModuleManager: Shutting down and abandoning module ActorPickerMode (221)
[2017.02.25-23.56.58:638][253]LogModuleManager: Shutting down and abandoning module GeometryMode (220)
[2017.02.25-23.56.58:638][253]LogModuleManager: Shutting down and abandoning module TextureAlignMode (219)
[2017.02.25-23.56.58:638][253]LogModuleManager: Shutting down and abandoning module BspMode (218)
[2017.02.25-23.56.58:638][253]LogModuleManager: Shutting down and abandoning module HardwareSurvey (217)
[2017.02.25-23.56.58:638][253]LogModuleManager: Shutting down and abandoning module SequenceRecorderSections (216)
[2017.02.25-23.56.58:638][253]LogModuleManager: Shutting down and abandoning module SequenceRecorder (215)
[2017.02.25-23.56.58:638][253]LogModuleManager: Shutting down and abandoning module AutomationWorker (214)
[2017.02.25-23.56.58:638][253]LogModuleManager: Shutting down and abandoning module MatineeToLevelSequence (213)
[2017.02.25-23.56.58:638][253]LogModuleManager: Shutting down and abandoning module PlacementMode (212)
[2017.02.25-23.56.58:638][253]LogModuleManager: Shutting down and abandoning module LevelSequenceEditor (211)
[2017.02.25-23.56.58:638][253]LogModuleManager: Shutting down and abandoning module WmfMediaFactory (210)
[2017.02.25-23.56.58:638][253]LogModuleManager: Shutting down and abandoning module WmfMediaEditor (209)
[2017.02.25-23.56.58:638][253]LogModuleManager: Shutting down and abandoning module AvfMediaFactory (208)
[2017.02.25-23.56.58:638][253]LogModuleManager: Shutting down and abandoning module AvfMediaEditor (207)
[2017.02.25-23.56.58:638][253]LogModuleManager: Shutting down and abandoning module Media (206)
[2017.02.25-23.56.58:638][253]LogModuleManager: Shutting down and abandoning module AndroidMediaFactory (205)
[2017.02.25-23.56.58:638][253]LogModuleManager: Shutting down and abandoning module AndroidMediaEditor (204)
[2017.02.25-23.56.58:638][253]LogModuleManager: Shutting down and abandoning module CharacterAI (203)
[2017.02.25-23.56.58:638][253]LogModuleManager: Shutting down and abandoning module SmartSnapping (202)
[2017.02.25-23.56.58:638][253]LogModuleManager: Shutting down and abandoning module SessionServices (201)
[2017.02.25-23.56.58:638][253]LogModuleManager: Shutting down and abandoning module ViewportSnapping (200)
[2017.02.25-23.56.58:638][253]LogModuleManager: Shutting down and abandoning module ViewportInteraction (199)
[2017.02.25-23.56.58:638][253]LogModuleManager: Shutting down and abandoning module LogVisualizer (198)
[2017.02.25-23.56.58:638][253]LogModuleManager: Shutting down and abandoning module GameProjectGeneration (197)
[2017.02.25-23.56.58:638][253]LogModuleManager: Shutting down and abandoning module IntroTutorials (196)
[2017.02.25-23.56.58:638][253]LogModuleManager: Shutting down and abandoning module EditorLiveStreaming (195)
[2017.02.25-23.56.58:638][253]LogModuleManager: Shutting down and abandoning module IOSPlatformEditor (194)
[2017.02.25-23.56.58:639][253]LogModuleManager: Shutting down and abandoning module HTML5PlatformEditor (193)
[2017.02.25-23.56.58:639][253]LogModuleManager: Shutting down and abandoning module AndroidDeviceDetection (192)
[2017.02.25-23.56.59:079][253]LogModuleManager: Shutting down and abandoning module AndroidPlatformEditor (191)
[2017.02.25-23.56.59:079][253]LogModuleManager: Shutting down and abandoning module IOSRuntimeSettings (190)
[2017.02.25-23.56.59:079][253]LogModuleManager: Shutting down and abandoning module AndroidRuntimeSettings (189)
[2017.02.25-23.56.59:079][253]LogModuleManager: Shutting down and abandoning module NiagaraEditor (188)
[2017.02.25-23.56.59:079][253]LogModuleManager: Shutting down and abandoning module MergeActors (187)
[2017.02.25-23.56.59:079][253]LogModuleManager: Shutting down and abandoning module SizeMap (186)
[2017.02.25-23.56.59:079][253]LogModuleManager: Shutting down and abandoning module TreeMap (185)
[2017.02.25-23.56.59:079][253]LogModuleManager: Shutting down and abandoning module ReferenceViewer (184)
[2017.02.25-23.56.59:079][253]LogModuleManager: Shutting down and abandoning module LocalizationService (183)
[2017.02.25-23.56.59:079][253]LogModuleManager: Shutting down and abandoning module LocalizationDashboard (182)
[2017.02.25-23.56.59:079][253]LogModuleManager: Shutting down and abandoning module HardwareTargeting (181)
[2017.02.25-23.56.59:079][253]LogModuleManager: Shutting down and abandoning module DeviceProfileEditor (180)
[2017.02.25-23.56.59:079][253]LogModuleManager: Shutting down and abandoning module UndoHistory (179)
[2017.02.25-23.56.59:079][253]LogModuleManager: Shutting down and abandoning module UserFeedback (178)
[2017.02.25-23.56.59:079][253]LogModuleManager: Shutting down and abandoning module XmlParser (177)
[2017.02.25-23.56.59:079][253]LogModuleManager: Shutting down and abandoning module Blutility (176)
[2017.02.25-23.56.59:080][253]LogModuleManager: Shutting down and abandoning module ProjectTargetPlatformEditor (175)
[2017.02.25-23.56.59:080][253]LogModuleManager: Shutting down and abandoning module ProjectSettingsViewer (174)
[2017.02.25-23.56.59:080][253]LogModuleManager: Shutting down and abandoning module InputBindingEditor (173)
[2017.02.25-23.56.59:080][253]LogModuleManager: Shutting down and abandoning module EditorSettingsViewer (172)
[2017.02.25-23.56.59:080][253]LogModuleManager: Shutting down and abandoning module SettingsEditor (171)
[2017.02.25-23.56.59:080][253]LogModuleManager: Shutting down and abandoning module ProjectLauncher (170)
[2017.02.25-23.56.59:080][253]LogModuleManager: Shutting down and abandoning module SessionFrontend (169)
[2017.02.25-23.56.59:080][253]LogModuleManager: Shutting down and abandoning module ProfilerClient (168)
[2017.02.25-23.56.59:080][253]LogModuleManager: Shutting down and abandoning module TargetDeviceServices (167)
[2017.02.25-23.56.59:080][253]LogModuleManager: Shutting down and abandoning module DeviceManager (166)
[2017.02.25-23.56.59:134][253]LogModuleManager: Shutting down and abandoning module AutomationController (165)
[2017.02.25-23.56.59:134][253]LogModuleManager: Shutting down and abandoning module AutomationWindow (164)
[2017.02.25-23.56.59:134][253]LogModuleManager: Shutting down and abandoning module Layers (163)
[2017.02.25-23.56.59:134][253]LogModuleManager: Shutting down and abandoning module ComponentVisualizers (162)
[2017.02.25-23.56.59:134][253]LogModuleManager: Shutting down and abandoning module DetailCustomizations (161)
[2017.02.25-23.56.59:134][253]LogModuleManager: Shutting down and abandoning module PackagesDialog (160)
[2017.02.25-23.56.59:134][253]LogModuleManager: Shutting down and abandoning module AnimGraph (159)
[2017.02.25-23.56.59:134][253]LogModuleManager: Shutting down and abandoning module Persona (158)
[2017.02.25-23.56.59:134][253]LogModuleManager: Shutting down and abandoning module Kismet (157)
[2017.02.25-23.56.59:145][253]LogModuleManager: Shutting down and abandoning module GraphEditor (156)
[2017.02.25-23.56.59:145][253]LogModuleManager: Shutting down and abandoning module ClassViewer (155)
[2017.02.25-23.56.59:145][253]LogModuleManager: Shutting down and abandoning module Toolbox (154)
[2017.02.25-23.56.59:145][253]LogModuleManager: Shutting down and abandoning module ModuleUI (153)
[2017.02.25-23.56.59:145][253]LogModuleManager: Shutting down and abandoning module MovieSceneTools (152)
[2017.02.25-23.56.59:145][253]LogModuleManager: Shutting down and abandoning module OutputLog (151)
[2017.02.25-23.56.59:145][253]LogModuleManager: Shutting down and abandoning module GammaUI (150)
[2017.02.25-23.56.59:145][253]LogModuleManager: Shutting down and abandoning module Documentation (149)
[2017.02.25-23.56.59:145][253]LogModuleManager: Shutting down and abandoning module Niagara (148)
[2017.02.25-23.56.59:145][253]LogModuleManager: Shutting down and abandoning module StreamingPauseRendering (147)
[2017.02.25-23.56.59:145][253]LogModuleManager: Shutting down and abandoning module AnalyticsET (146)
[2017.02.25-23.56.59:145][253]LogModuleManager: Shutting down and abandoning module PortalServices (145)
[2017.02.25-23.56.59:145][253]LogModuleManager: Shutting down and abandoning module PortalRpc (144)
[2017.02.25-23.56.59:145][253]LogModuleManager: Shutting down and abandoning module MessagingRpc (143)
[2017.02.25-23.56.59:145][253]LogModuleManager: Shutting down and abandoning module GameplayDebugger (142)
[2017.02.25-23.56.59:145][253]LogModuleManager: Shutting down and abandoning module AITestSuite (141)
[2017.02.25-23.56.59:145][253]LogModuleManager: Shutting down and abandoning module AIModule (140)
[2017.02.25-23.56.59:145][253]LogModuleManager: Shutting down and abandoning module ProfilerService (139)
[2017.02.25-23.56.59:178][253]LogModuleManager: Shutting down and abandoning module TaskGraph (138)
[2017.02.25-23.56.59:178][253]LogModuleManager: Shutting down and abandoning module SlateRemote (137)
[2017.02.25-23.56.59:178][253]LogModuleManager: Shutting down and abandoning module SteamVRController (136)
[2017.02.25-23.56.59:178][253]LogModuleManager: Shutting down and abandoning module SteamVR (135)
[2017.02.25-23.56.59:178][253]LogModuleManager: Shutting down and abandoning module ProceduralMeshComponentEditor (134)
[2017.02.25-23.56.59:178][253]LogModuleManager: Shutting down and abandoning module ProceduralMeshComponent (133)
[2017.02.25-23.56.59:178][253]LogModuleManager: Shutting down and abandoning module OculusLibrary (132)
[2017.02.25-23.56.59:178][253]LogModuleManager: Shutting down and abandoning module OculusInput (131)
[2017.02.25-23.56.59:178][253]LogModuleManager: Shutting down and abandoning module CustomMeshComponent (130)
[2017.02.25-23.56.59:178][253]LogModuleManager: Shutting down and abandoning module CableComponent (129)
[2017.02.25-23.56.59:178][253]LogModuleManager: Shutting down and abandoning module ArchVisCharacter (128)
[2017.02.25-23.56.59:178][253]LogModuleManager: Shutting down and abandoning module MediaPlayerEditor (126)
[2017.02.25-23.56.59:178][253]LogModuleManager: Shutting down and abandoning module HTML5Networking (125)
[2017.02.25-23.56.59:178][253]LogModuleManager: Shutting down and abandoning module GeometryCacheEd (124)
[2017.02.25-23.56.59:178][253]LogModuleManager: Shutting down and abandoning module GeometryCache (123)
[2017.02.25-23.56.59:178][253]LogModuleManager: Shutting down and abandoning module AlembicLibrary (122)
[2017.02.25-23.56.59:178][253]LogModuleManager: Shutting down and abandoning module AlembicImporter (121)
[2017.02.25-23.56.59:178][253]LogModuleManager: Shutting down and abandoning module SuperSearch (120)
[2017.02.25-23.56.59:178][253]LogModuleManager: Shutting down and abandoning module SuperSearchEditor (119)
[2017.02.25-23.56.59:178][253]LogModuleManager: Shutting down and abandoning module SpeedTreeImporter (118)
[2017.02.25-23.56.59:179][253]LogModuleManager: Shutting down and abandoning module PluginBrowser (117)
[2017.02.25-23.56.59:179][253]LogModuleManager: Shutting down and abandoning module MobileLauncherProfileWizard (116)
[2017.02.25-23.56.59:179][253]LogModuleManager: Shutting down and abandoning module EpicSurvey (115)
[2017.02.25-23.56.59:179][253]LogModuleManager: Shutting down and abandoning module DesktopPlatform (114)
[2017.02.25-23.56.59:179][253]LogModuleManager: Shutting down and abandoning module VisualStudioSourceCodeAccess (113)
[2017.02.25-23.56.59:179][253]LogModuleManager: Shutting down and abandoning module UObjectPlugin (112)
[2017.02.25-23.56.59:179][253]LogModuleManager: Shutting down and abandoning module SubversionSourceControl (111)
[2017.02.25-23.56.59:179][253]LogModuleManager: Shutting down and abandoning module PerforceSourceControl (110)
[2017.02.25-23.56.59:179][253]LogModuleManager: Shutting down and abandoning module SourceControl (109)
[2017.02.25-23.56.59:179][253]LogModuleManager: Shutting down and abandoning module GitSourceControl (108)
[2017.02.25-23.56.59:179][253]LogModuleManager: Shutting down and abandoning module LightPropagationVolumeEditor (107)
[2017.02.25-23.56.59:179][253]LogModuleManager: Shutting down and abandoning module PaperTiledImporter (106)
[2017.02.25-23.56.59:179][253]LogModuleManager: Shutting down and abandoning module PaperSpriteSheetImporter (105)
[2017.02.25-23.56.59:179][253]LogModuleManager: Shutting down and abandoning module MeshPaint (104)
[2017.02.25-23.56.59:179][253]LogModuleManager: Shutting down and abandoning module FbxAutomationBuilderModule (103)
[2017.02.25-23.56.59:179][253]LogModuleManager: Shutting down and abandoning module PixelInspectorModule (102)
[2017.02.25-23.56.59:179][253]LogModuleManager: Shutting down and abandoning module HotReload (101)
[2017.02.25-23.56.59:180][253]LogModuleManager: Shutting down and abandoning module MainFrame (100)
[2017.02.25-23.56.59:180][253]LogModuleManager: Shutting down and abandoning module LevelEditor (99)
[2017.02.25-23.56.59:181][253]LogModuleManager: Shutting down and abandoning module ContentBrowser (98)
[2017.02.25-23.56.59:182][253]LogModuleManager: Shutting down and abandoning module Paper2DEditor (97)
[2017.02.25-23.56.59:182][253]LogModuleManager: Shutting down and abandoning module UdpMessaging (96)
[2017.02.25-23.56.59:282][253]LogModuleManager: Shutting down and abandoning module TcpMessaging (95)
[2017.02.25-23.56.59:383][253]LogModuleManager: Shutting down and abandoning module LightPropagationVolumeRuntime (94)
[2017.02.25-23.56.59:383][253]LogModuleManager: Shutting down and abandoning module Paper2D (93)
[2017.02.25-23.56.59:383][253]LogModuleManager: Shutting down and abandoning module WindowsMoviePlayer (92)
[2017.02.25-23.56.59:383][253]LogModuleManager: Shutting down and abandoning module WmfMedia (91)
[2017.02.25-23.56.59:383][253]LogModuleManager: Shutting down and abandoning module MediaAssets (90)
[2017.02.25-23.56.59:383][253]LogModuleManager: Shutting down and abandoning module GameLiveStreaming (89)
[2017.02.25-23.56.59:383][253]LogModuleManager: Shutting down and abandoning module GameplayTagsEditor (88)
[2017.02.25-23.56.59:383][253]LogModuleManager: Shutting down and abandoning module VREditor (87)
[2017.02.25-23.56.59:383][253]LogModuleManager: Shutting down and abandoning module GameplayTasksEditor (86)
[2017.02.25-23.56.59:383][253]LogModuleManager: Shutting down and abandoning module PropertyEditor (85)
[2017.02.25-23.56.59:383][253]LogModuleManager: Shutting down and abandoning module BehaviorTreeEditor (84)
[2017.02.25-23.56.59:383][253]LogModuleManager: Shutting down and abandoning module FunctionalTesting (83)
[2017.02.25-23.56.59:383][253]LogModuleManager: Shutting down and abandoning module CollisionAnalyzer (82)
[2017.02.25-23.56.59:383][253]LogModuleManager: Shutting down and abandoning module Sequencer (81)
[2017.02.25-23.56.59:383][253]LogModuleManager: Shutting down and abandoning module WorkspaceMenuStructure (80)
[2017.02.25-23.56.59:383][253]LogModuleManager: Shutting down and abandoning module MessageLog (79)
[2017.02.25-23.56.59:383][253]LogModuleManager: Shutting down and abandoning module AssetTools (78)
[2017.02.25-23.56.59:383][253]LogModuleManager: Shutting down and abandoning module UMGEditor (77)
[2017.02.25-23.56.59:383][253]LogModuleManager: Shutting down and abandoning module UMG (76)
[2017.02.25-23.56.59:383][253]LogModuleManager: Shutting down and abandoning module SlateReflector (75)
[2017.02.25-23.56.59:383][253]LogModuleManager: Shutting down and abandoning module Slate (74)
[2017.02.25-23.56.59:383][253]LogModuleManager: Shutting down and abandoning module EditorStyle (73)
[2017.02.25-23.56.59:389][253]LogModuleManager: Shutting down and abandoning module SourceCodeAccess (72)
[2017.02.25-23.56.59:389][253]LogModuleManager: Shutting down and abandoning module HeadMountedDisplay (71)
[2017.02.25-23.56.59:389][253]LogModuleManager: Shutting down and abandoning module XAudio2 (70)
[2017.02.25-23.56.59:389][253]LogModuleManager: Shutting down and abandoning module Networking (68)
[2017.02.25-23.56.59:389][253]LogModuleManager: Shutting down and abandoning module Core (67)
[2017.02.25-23.56.59:389][253]LogModuleManager: Shutting down and abandoning module DirectoryWatcher (66)
[2017.02.25-23.56.59:389][253]LogDirectoryWatcher: A directory notification for '../../../Engine/Content/' was aborted.
[2017.02.25-23.56.59:389][253]LogDirectoryWatcher: A directory notification for 'G:/GitHub/Soulless/Soulless/Content/' was aborted.
[2017.02.25-23.56.59:389][253]LogDirectoryWatcher: A directory notification for '../../../Engine/Plugins/2D/Paper2D/Content/' was aborted.
[2017.02.25-23.56.59:390][253]LogModuleManager: Shutting down and abandoning module AssetRegistry (65)
[2017.02.25-23.56.59:549][253]LogModuleManager: Shutting down and abandoning module KismetCompiler (64)
[2017.02.25-23.56.59:549][253]LogModuleManager: Shutting down and abandoning module PhysXFormats (63)
[2017.02.25-23.56.59:549][253]LogModuleManager: Shutting down and abandoning module MeshUtilities (62)
[2017.02.25-23.56.59:549][253]LogModuleManager: Shutting down and abandoning module DerivedDataCache (61)
[2017.02.25-23.56.59:670][253]LogDerivedDataCache: Shutdown
[2017.02.25-23.56.59:670][253]LogModuleManager: Shutting down and abandoning module VulkanShaderFormat (60)
[2017.02.25-23.56.59:670][253]LogModuleManager: Shutting down and abandoning module ShaderFormatOpenGL (59)
[2017.02.25-23.56.59:670][253]LogModuleManager: Shutting down and abandoning module ShaderFormatD3D (58)
[2017.02.25-23.56.59:670][253]LogModuleManager: Shutting down and abandoning module MetalShaderFormat (57)
[2017.02.25-23.56.59:670][253]LogModuleManager: Shutting down and abandoning module TextureFormatUncompressed (56)
[2017.02.25-23.56.59:671][253]LogModuleManager: Shutting down and abandoning module TextureFormatPVR (55)
[2017.02.25-23.56.59:671][253]LogModuleManager: Shutting down and abandoning module TextureFormatDXT (54)
[2017.02.25-23.56.59:671][253]LogModuleManager: Shutting down and abandoning module TextureFormatIntelISPCTexComp (53)
[2017.02.25-23.56.59:671][253]LogModuleManager: Shutting down and abandoning module ImageWrapper (52)
[2017.02.25-23.56.59:671][253]LogModuleManager: Shutting down and abandoning module TextureFormatASTC (51)
[2017.02.25-23.56.59:671][253]LogModuleManager: Shutting down and abandoning module TextureFormatAndroid (50)
[2017.02.25-23.56.59:671][253]LogModuleManager: Shutting down and abandoning module AudioFormatOpus (49)
[2017.02.25-23.56.59:671][253]LogModuleManager: Shutting down and abandoning module AudioFormatOgg (48)
[2017.02.25-23.56.59:671][253]LogModuleManager: Shutting down and abandoning module AudioFormatADPCM (47)
[2017.02.25-23.56.59:671][253]LogModuleManager: Shutting down and abandoning module LinuxTargetPlatform (46)
[2017.02.25-23.56.59:671][253]LogModuleManager: Shutting down and abandoning module LinuxServerTargetPlatform (45)
[2017.02.25-23.56.59:671][253]LogModuleManager: Shutting down and abandoning module LinuxNoEditorTargetPlatform (44)
[2017.02.25-23.56.59:671][253]LogModuleManager: Shutting down and abandoning module LinuxClientTargetPlatform (43)
[2017.02.25-23.56.59:671][253]LogModuleManager: Shutting down and abandoning module TVOSTargetPlatform (42)
[2017.02.25-23.56.59:671][253]LogModuleManager: Shutting down and abandoning module Messaging (41)
[2017.02.25-23.56.59:671][253]LogModuleManager: Shutting down and abandoning module IOSTargetPlatform (40)
[2017.02.25-23.56.59:671][253]LogModuleManager: Shutting down and abandoning module HTML5TargetPlatform (39)
[2017.02.25-23.56.59:671][253]LogModuleManager: Shutting down and abandoning module Android_PVRTCTargetPlatform (38)
[2017.02.25-23.56.59:671][253]LogModuleManager: Shutting down and abandoning module Android_MultiTargetPlatform (37)
[2017.02.25-23.56.59:671][253]LogModuleManager: Shutting down and abandoning module Android_ETC2TargetPlatform (36)
[2017.02.25-23.56.59:671][253]LogModuleManager: Shutting down and abandoning module Android_ETC1TargetPlatform (35)
[2017.02.25-23.56.59:671][253]LogModuleManager: Shutting down and abandoning module Android_DXTTargetPlatform (34)
[2017.02.25-23.56.59:671][253]LogModuleManager: Shutting down and abandoning module Android_ATCTargetPlatform (33)
[2017.02.25-23.56.59:671][253]LogModuleManager: Shutting down and abandoning module Android_ASTCTargetPlatform (32)
[2017.02.25-23.56.59:671][253]LogModuleManager: Shutting down and abandoning module AndroidTargetPlatform (31)
[2017.02.25-23.56.59:671][253]LogModuleManager: Shutting down and abandoning module WindowsTargetPlatform (30)
[2017.02.25-23.56.59:671][253]LogModuleManager: Shutting down and abandoning module WindowsServerTargetPlatform (29)
[2017.02.25-23.56.59:671][253]LogModuleManager: Shutting down and abandoning module WindowsNoEditorTargetPlatform (28)
[2017.02.25-23.56.59:671][253]LogModuleManager: Shutting down and abandoning module WindowsClientTargetPlatform (27)
[2017.02.25-23.56.59:671][253]LogModuleManager: Shutting down and abandoning module AllDesktopTargetPlatform (26)
[2017.02.25-23.56.59:671][253]LogModuleManager: Shutting down and abandoning module TargetPlatform (25)
[2017.02.25-23.56.59:671][253]LogModuleManager: Shutting down and abandoning module InputCore (24)
[2017.02.25-23.56.59:671][253]LogModuleManager: Shutting down and abandoning module Settings (23)
[2017.02.25-23.56.59:672][253]LogModuleManager: Shutting down and abandoning module OculusRift (22)
[2017.02.25-23.56.59:672][253]LogModuleManager: Shutting down and abandoning module GearVR (21)
[2017.02.25-23.56.59:672][253]LogModuleManager: Shutting down and abandoning module ExampleDeviceProfileSelector (20)
[2017.02.25-23.56.59:672][253]LogModuleManager: Shutting down and abandoning module OnlineBlueprintSupport (19)
[2017.02.25-23.56.59:672][253]LogModuleManager: Shutting down and abandoning module OnlineSubsystem (17)
[2017.02.25-23.56.59:672][253]LogOnline:Display: Unloading online subsystem: NULL
[2017.02.25-23.56.59:672][253]LogModuleManager: Shutting down and abandoning module HTTP (16)
[2017.02.25-23.56.59:672][253]LogHttp:Display: Http module shutting down, but needs to wait on 1 outstanding Http requests:
[2017.02.25-23.56.59:672][253]LogHttp:Display: 	verb=[POST] url=[https://datarouter.ol.epicgames.com/datarouter/api/v1/public/data?SessionID=%7BDA4EA6A4-494A-03C4-02A6-AEB99B5D818A%7D&AppID=UEEditor.Rocket.Release&AppVersion=4.13.2-3172292%2B%2B%2BUE4%2BRelease-4.13&UserID=c2a7142a491d928ab689f0ba70fc3f7d%7C2edd1866dcfb46d98d748169ef9907dc%7C2c68dd79-a0f9-45c0-b781-214c9c69c49e&AppEnvironment=datacollector-binary&UploadType=eteventstream] status=Processing
[2017.02.25-23.56.59:687][253]LogModuleManager: Shutting down and abandoning module XMPP (15)
[2017.02.25-23.56.59:687][253]LogModuleManager: Shutting down and abandoning module TextureCompressor (14)
[2017.02.25-23.56.59:687][253]LogModuleManager: Shutting down and abandoning module ShaderCore (13)
[2017.02.25-23.56.59:687][253]LogModuleManager: Shutting down and abandoning module Landscape (12)
[2017.02.25-23.56.59:687][253]LogModuleManager: Shutting down and abandoning module SlateRHIRenderer (11)
[2017.02.25-23.56.59:690][253]LogModuleManager: Shutting down and abandoning module OpenGLDrv (10)
[2017.02.25-23.56.59:690][253]LogModuleManager: Shutting down and abandoning module D3D11RHI (9)
[2017.02.25-23.56.59:690][253]LogModuleManager: Shutting down and abandoning module AnimGraphRuntime (8)
[2017.02.25-23.56.59:690][253]LogModuleManager: Shutting down and abandoning module Renderer (7)
[2017.02.25-23.56.59:690][253]LogModuleManager: Shutting down and abandoning module Engine (6)
[2017.02.25-23.56.59:690][253]LogModuleManager: Shutting down and abandoning module CoreUObject (5)
[2017.02.25-23.56.59:690][253]LogModuleManager: Shutting down and abandoning module NetworkFile (4)
[2017.02.25-23.56.59:690][253]LogModuleManager: Shutting down and abandoning module StreamingFile (3)
[2017.02.25-23.56.59:690][253]LogModuleManager: Shutting down and abandoning module SandboxFile (2)
[2017.02.25-23.56.59:690][253]LogModuleManager: Shutting down and abandoning module PakFile (1)
[2017.02.25-23.56.59:693][253]LogExit: Exiting.
[2017.02.25-23.56.59:696][253]Log file closed, 02/25/17 18:56:59
