Log file open, 02/22/17 21:54:35
LogInit:Display: Running engine for game: Soulless
LogPlatformFile: Not using cached read wrapper
LogInit:Display: RandInit(-599510925) SRandInit(-599510925).
LogTaskGraph: Started task graph with 5 named threads and 8 total threads with 1 sets of task threads.
LogStats: Stats thread started at 0.069783
LogPluginManager: Loaded Plugin Paper2D, From C:/Program Files (x86)/Epic Games/4.13/Engine/Plugins/2D/Paper2D/Paper2D.uplugin
LogPluginManager: Loaded Plugin LightPropagationVolume, From C:/Program Files (x86)/Epic Games/4.13/Engine/Plugins/Blendables/LightPropagationVolume/LightPropagationVolume.uplugin
LogPluginManager: Loaded Plugin BlankPlugin, From C:/Program Files (x86)/Epic Games/4.13/Engine/Plugins/Developer/BlankPlugin/BlankPlugin.uplugin
LogPluginManager: Loaded Plugin CodeLiteSourceCodeAccess, From C:/Program Files (x86)/Epic Games/4.13/Engine/Plugins/Developer/CodeLiteSourceCodeAccess/CodeLiteSourceCodeAccess.uplugin
LogPluginManager: Loaded Plugin GitSourceControl, From C:/Program Files (x86)/Epic Games/4.13/Engine/Plugins/Developer/GitSourceControl/GitSourceControl.uplugin
LogPluginManager: Loaded Plugin KDevelopSourceCodeAccess, From C:/Program Files (x86)/Epic Games/4.13/Engine/Plugins/Developer/KDevelopSourceCodeAccess/KDevelopSourceCodeAccess.uplugin
LogPluginManager: Loaded Plugin NullSourceCodeAccess, From C:/Program Files (x86)/Epic Games/4.13/Engine/Plugins/Developer/NullSourceCodeAccess/NullSourceCodeAccess.uplugin
LogPluginManager: Loaded Plugin OneSkyLocalizationService, From C:/Program Files (x86)/Epic Games/4.13/Engine/Plugins/Developer/OneSkyLocalizationService/OneSkyLocalizationService.uplugin
LogPluginManager: Loaded Plugin PerforceSourceControl, From C:/Program Files (x86)/Epic Games/4.13/Engine/Plugins/Developer/PerforceSourceControl/PerforceSourceControl.uplugin
LogPluginManager: Loaded Plugin SubversionSourceControl, From C:/Program Files (x86)/Epic Games/4.13/Engine/Plugins/Developer/SubversionSourceControl/SubversionSourceControl.uplugin
LogPluginManager: Loaded Plugin UObjectPlugin, From C:/Program Files (x86)/Epic Games/4.13/Engine/Plugins/Developer/UObjectPlugin/UObjectPlugin.uplugin
LogPluginManager: Loaded Plugin VisualStudioSourceCodeAccess, From C:/Program Files (x86)/Epic Games/4.13/Engine/Plugins/Developer/VisualStudioSourceCodeAccess/VisualStudioSourceCodeAccess.uplugin
LogPluginManager: Loaded Plugin XCodeSourceCodeAccess, From C:/Program Files (x86)/Epic Games/4.13/Engine/Plugins/Developer/XCodeSourceCodeAccess/XCodeSourceCodeAccess.uplugin
LogPluginManager: Loaded Plugin EpicSurvey, From C:/Program Files (x86)/Epic Games/4.13/Engine/Plugins/Editor/EpicSurvey/EpicSurvey.uplugin
LogPluginManager: Loaded Plugin MacGraphicsSwitching, From C:/Program Files (x86)/Epic Games/4.13/Engine/Plugins/Editor/MacGraphicsSwitching/MacGraphicsSwitching.uplugin
LogPluginManager: Loaded Plugin MobileLauncherProfileWizard, From C:/Program Files (x86)/Epic Games/4.13/Engine/Plugins/Editor/MobileLauncherProfileWizard/MobileLauncherProfileWizard.uplugin
LogPluginManager: Loaded Plugin PluginBrowser, From C:/Program Files (x86)/Epic Games/4.13/Engine/Plugins/Editor/PluginBrowser/PluginBrowser.uplugin
LogPluginManager: Loaded Plugin SpeedTreeImporter, From C:/Program Files (x86)/Epic Games/4.13/Engine/Plugins/Editor/SpeedTreeImporter/SpeedTreeImporter.uplugin
LogPluginManager: Loaded Plugin SuperSearchEditor, From C:/Program Files (x86)/Epic Games/4.13/Engine/Plugins/Editor/SuperSearchEditor/SuperSearchEditor.uplugin
LogPluginManager: Loaded Plugin AlembicImporter, From C:/Program Files (x86)/Epic Games/4.13/Engine/Plugins/Experimental/AlembicImporter/AlembicImporter.uplugin
LogPluginManager: Loaded Plugin BlueprintStats, From C:/Program Files (x86)/Epic Games/4.13/Engine/Plugins/Experimental/BlueprintStats/BlueprintStats.uplugin
LogPluginManager: Loaded Plugin CharacterAI, From C:/Program Files (x86)/Epic Games/4.13/Engine/Plugins/Experimental/CharacterAI/CharacterAI.uplugin
LogPluginManager: Loaded Plugin CodeEditor, From C:/Program Files (x86)/Epic Games/4.13/Engine/Plugins/Experimental/CodeEditor/CodeEditor.uplugin
LogPluginManager: Loaded Plugin CodeView, From C:/Program Files (x86)/Epic Games/4.13/Engine/Plugins/Experimental/CodeView/CodeView.uplugin
LogPluginManager: Loaded Plugin HTML5Networking, From C:/Program Files (x86)/Epic Games/4.13/Engine/Plugins/Experimental/HTML5Networking/HTML5Networking.uplugin
LogPluginManager: Loaded Plugin LiveEditor, From C:/Program Files (x86)/Epic Games/4.13/Engine/Plugins/Experimental/LiveEditor/LiveEditor.uplugin
LogPluginManager: Loaded Plugin OSVR, From C:/Program Files (x86)/Epic Games/4.13/Engine/Plugins/Experimental/OSVR/OSVR.uplugin
LogPluginManager: Loaded Plugin Phya, From C:/Program Files (x86)/Epic Games/4.13/Engine/Plugins/Experimental/Phya/Phya.uplugin
LogPluginManager: Loaded Plugin SignificanceManager, From C:/Program Files (x86)/Epic Games/4.13/Engine/Plugins/Experimental/SignificanceManager/SignificanceManager.uplugin
LogPluginManager: Loaded Plugin SimpleHMD, From C:/Program Files (x86)/Epic Games/4.13/Engine/Plugins/Experimental/SimpleHMD/SimpleHMD.uplugin
LogPluginManager: Loaded Plugin StereoPanorama, From C:/Program Files (x86)/Epic Games/4.13/Engine/Plugins/Experimental/StereoPanorama/StereoPanorama.uplugin
LogPluginManager: Loaded Plugin StructBox, From C:/Program Files (x86)/Epic Games/4.13/Engine/Plugins/Experimental/StructBox/StructBox.uplugin
LogPluginManager: Loaded Plugin AndroidMedia, From C:/Program Files (x86)/Epic Games/4.13/Engine/Plugins/Media/AndroidMedia/AndroidMedia.uplugin
LogPluginManager: Loaded Plugin AvfMedia, From C:/Program Files (x86)/Epic Games/4.13/Engine/Plugins/Media/AvfMedia/AvfMedia.uplugin
LogPluginManager: Loaded Plugin MediaPlayerEditor, From C:/Program Files (x86)/Epic Games/4.13/Engine/Plugins/Media/MediaPlayerEditor/MediaPlayerEditor.uplugin
LogPluginManager: Loaded Plugin WmfMedia, From C:/Program Files (x86)/Epic Games/4.13/Engine/Plugins/Media/WmfMedia/WmfMedia.uplugin
LogPluginManager: Loaded Plugin MessagingDebugger, From C:/Program Files (x86)/Epic Games/4.13/Engine/Plugins/Messaging/MessagingDebugger/MessagingDebugger.uplugin
LogPluginManager: Loaded Plugin TcpMessaging, From C:/Program Files (x86)/Epic Games/4.13/Engine/Plugins/Messaging/TcpMessaging/TcpMessaging.uplugin
LogPluginManager: Loaded Plugin UdpMessaging, From C:/Program Files (x86)/Epic Games/4.13/Engine/Plugins/Messaging/UdpMessaging/UdpMessaging.uplugin
LogPluginManager: Loaded Plugin LevelSequenceEditor, From C:/Program Files (x86)/Epic Games/4.13/Engine/Plugins/MovieScene/LevelSequenceEditor/LevelSequenceEditor.uplugin
LogPluginManager: Loaded Plugin MatineeToLevelSequence, From C:/Program Files (x86)/Epic Games/4.13/Engine/Plugins/MovieScene/MatineeToLevelSequence/MatineeToLevelSequence.uplugin
LogPluginManager: Loaded Plugin NetcodeUnitTest, From C:/Program Files (x86)/Epic Games/4.13/Engine/Plugins/NetcodeUnitTest/NetcodeUnitTest/NetcodeUnitTest.uplugin
LogPluginManager: Loaded Plugin NUTUnrealEngine4, From C:/Program Files (x86)/Epic Games/4.13/Engine/Plugins/NetcodeUnitTest/NUTUnrealEngine4/NUTUnrealEngine4.uplugin
LogPluginManager: Loaded Plugin OnlineSubsystemGooglePlay, From C:/Program Files (x86)/Epic Games/4.13/Engine/Plugins/Online/Android/OnlineSubsystemGooglePlay/OnlineSubsystemGooglePlay.uplugin
LogPluginManager: Loaded Plugin OnlineSubsystemIOS, From C:/Program Files (x86)/Epic Games/4.13/Engine/Plugins/Online/IOS/OnlineSubsystemIOS/OnlineSubsystemIOS.uplugin
LogPluginManager: Loaded Plugin OnlineFramework, From C:/Program Files (x86)/Epic Games/4.13/Engine/Plugins/Online/OnlineFramework/OnlineFramework.uplugin
LogPluginManager: Loaded Plugin OnlineSubsystem, From C:/Program Files (x86)/Epic Games/4.13/Engine/Plugins/Online/OnlineSubsystem/OnlineSubsystem.uplugin
LogPluginManager: Loaded Plugin OnlineSubsystemAmazon, From C:/Program Files (x86)/Epic Games/4.13/Engine/Plugins/Online/OnlineSubsystemAmazon/OnlineSubsystemAmazon.uplugin
LogPluginManager: Loaded Plugin OnlineSubsystemFacebook, From C:/Program Files (x86)/Epic Games/4.13/Engine/Plugins/Online/OnlineSubsystemFacebook/OnlineSubsystemFacebook.uplugin
LogPluginManager: Loaded Plugin OnlineSubsystemNull, From C:/Program Files (x86)/Epic Games/4.13/Engine/Plugins/Online/OnlineSubsystemNull/OnlineSubsystemNull.uplugin
LogPluginManager: Loaded Plugin OnlineSubsystemOculus, From C:/Program Files (x86)/Epic Games/4.13/Engine/Plugins/Online/OnlineSubsystemOculus/OnlineSubsystemOculus.uplugin
LogPluginManager: Loaded Plugin OnlineSubsystemSteam, From C:/Program Files (x86)/Epic Games/4.13/Engine/Plugins/Online/OnlineSubsystemSteam/OnlineSubsystemSteam.uplugin
LogPluginManager: Loaded Plugin OnlineSubsystemUtils, From C:/Program Files (x86)/Epic Games/4.13/Engine/Plugins/Online/OnlineSubsystemUtils/OnlineSubsystemUtils.uplugin
LogPluginManager: Loaded Plugin IOSTapJoy, From C:/Program Files (x86)/Epic Games/4.13/Engine/Plugins/Runtime/Advertising/IOSTapJoy/IOSTapJoy.uplugin
LogPluginManager: Loaded Plugin AnalyticsBlueprintLibrary, From C:/Program Files (x86)/Epic Games/4.13/Engine/Plugins/Runtime/Analytics/AnalyticsBlueprintLibrary/AnalyticsBlueprintLibrary.uplugin
LogPluginManager: Loaded Plugin AnalyticsMulticast, From C:/Program Files (x86)/Epic Games/4.13/Engine/Plugins/Runtime/Analytics/AnalyticsMulticast/AnalyticsMulticast.uplugin
LogPluginManager: Loaded Plugin Apsalar, From C:/Program Files (x86)/Epic Games/4.13/Engine/Plugins/Runtime/Analytics/Apsalar/Apsalar.uplugin
LogPluginManager: Loaded Plugin FileLogging, From C:/Program Files (x86)/Epic Games/4.13/Engine/Plugins/Runtime/Analytics/FileLogging/FileLogging.uplugin
LogPluginManager: Loaded Plugin Flurry, From C:/Program Files (x86)/Epic Games/4.13/Engine/Plugins/Runtime/Analytics/Flurry/Flurry.uplugin
LogPluginManager: Loaded Plugin AndroidDeviceProfileSelector, From C:/Program Files (x86)/Epic Games/4.13/Engine/Plugins/Runtime/AndroidDeviceProfileSelector/AndroidDeviceProfileSelector.uplugin
LogPluginManager: Loaded Plugin AndroidMoviePlayer, From C:/Program Files (x86)/Epic Games/4.13/Engine/Plugins/Runtime/AndroidMoviePlayer/AndroidMoviePlayer.uplugin
LogPluginManager: Loaded Plugin AppleMoviePlayer, From C:/Program Files (x86)/Epic Games/4.13/Engine/Plugins/Runtime/AppleMoviePlayer/AppleMoviePlayer.uplugin
LogPluginManager: Loaded Plugin ArchVisCharacter, From C:/Program Files (x86)/Epic Games/4.13/Engine/Plugins/Runtime/ArchVisCharacter/ArchVisCharacter.uplugin
LogPluginManager: Loaded Plugin CableComponent, From C:/Program Files (x86)/Epic Games/4.13/Engine/Plugins/Runtime/CableComponent/CableComponent.uplugin
LogPluginManager: Loaded Plugin CustomMeshComponent, From C:/Program Files (x86)/Epic Games/4.13/Engine/Plugins/Runtime/CustomMeshComponent/CustomMeshComponent.uplugin
LogPluginManager: Loaded Plugin ExampleDeviceProfileSelector, From C:/Program Files (x86)/Epic Games/4.13/Engine/Plugins/Runtime/ExampleDeviceProfileSelector/ExampleDeviceProfileSelector.uplugin
LogPluginManager: Loaded Plugin GearVR, From C:/Program Files (x86)/Epic Games/4.13/Engine/Plugins/Runtime/GearVR/GearVR.uplugin
LogPluginManager: Loaded Plugin GoogleVRController, From C:/Program Files (x86)/Epic Games/4.13/Engine/Plugins/Runtime/GoogleVR/GoogleVRController/GoogleVRController.uplugin
LogPluginManager: Loaded Plugin GoogleVRHMD, From C:/Program Files (x86)/Epic Games/4.13/Engine/Plugins/Runtime/GoogleVR/GoogleVRHMD/GoogleVRHMD.uplugin
LogPluginManager: Loaded Plugin IOSDeviceProfileSelector, From C:/Program Files (x86)/Epic Games/4.13/Engine/Plugins/Runtime/IOSDeviceProfileSelector/IOSDeviceProfileSelector.uplugin
LogPluginManager: Loaded Plugin LeapMotion, From C:/Program Files (x86)/Epic Games/4.13/Engine/Plugins/Runtime/LeapMotion/LeapMotion.uplugin
LogPluginManager: Loaded Plugin LinuxDeviceProfileSelector, From C:/Program Files (x86)/Epic Games/4.13/Engine/Plugins/Runtime/LinuxDeviceProfileSelector/LinuxDeviceProfileSelector.uplugin
LogPluginManager: Loaded Plugin LiveEditorListenServer, From C:/Program Files (x86)/Epic Games/4.13/Engine/Plugins/Runtime/LiveEditorListenServer/LiveEditorListenServer.uplugin
LogPluginManager: Loaded Plugin OculusAudio, From C:/Program Files (x86)/Epic Games/4.13/Engine/Plugins/Runtime/OculusAudio/OculusAudio.uplugin
LogPluginManager: Loaded Plugin OculusInput, From C:/Program Files (x86)/Epic Games/4.13/Engine/Plugins/Runtime/OculusInput/OculusInput.uplugin
LogPluginManager: Loaded Plugin OculusLibrary, From C:/Program Files (x86)/Epic Games/4.13/Engine/Plugins/Runtime/OculusLibrary/OculusLibrary.uplugin
LogPluginManager: Loaded Plugin OculusRift, From C:/Program Files (x86)/Epic Games/4.13/Engine/Plugins/Runtime/OculusRift/OculusRift.uplugin
LogPluginManager: Loaded Plugin Oodle, From C:/Program Files (x86)/Epic Games/4.13/Engine/Plugins/Runtime/PacketHandlers/CompressionComponents/Oodle/Oodle.uplugin
LogPluginManager: Loaded Plugin ProceduralMeshComponent, From C:/Program Files (x86)/Epic Games/4.13/Engine/Plugins/Runtime/ProceduralMeshComponent/ProceduralMeshComponent.uplugin
LogPluginManager: Loaded Plugin SoundMod, From C:/Program Files (x86)/Epic Games/4.13/Engine/Plugins/Runtime/SoundMod/SoundMod.uplugin
LogPluginManager: Loaded Plugin SoundVisualizations, From C:/Program Files (x86)/Epic Games/4.13/Engine/Plugins/Runtime/SoundVisualizations/SoundVisualizations.uplugin
LogPluginManager: Loaded Plugin SteamController, From C:/Program Files (x86)/Epic Games/4.13/Engine/Plugins/Runtime/Steam/SteamController/SteamController.uplugin
LogPluginManager: Loaded Plugin SteamVR, From C:/Program Files (x86)/Epic Games/4.13/Engine/Plugins/Runtime/Steam/SteamVR/SteamVR.uplugin
LogPluginManager: Loaded Plugin WebBrowserWidget, From C:/Program Files (x86)/Epic Games/4.13/Engine/Plugins/Runtime/WebBrowserWidget/WebBrowserWidget.uplugin
LogPluginManager: Loaded Plugin WindowsDeviceProfileSelector, From C:/Program Files (x86)/Epic Games/4.13/Engine/Plugins/Runtime/WindowsDeviceProfileSelector/WindowsDeviceProfileSelector.uplugin
LogPluginManager: Loaded Plugin WindowsMoviePlayer, From C:/Program Files (x86)/Epic Games/4.13/Engine/Plugins/Runtime/WindowsMoviePlayer/WindowsMoviePlayer.uplugin
LogPluginManager: Loaded Plugin ScriptPlugin, From C:/Program Files (x86)/Epic Games/4.13/Engine/Plugins/ScriptPlugin/ScriptPlugin.uplugin
LogPluginManager: Loaded Plugin SlateRemote, From C:/Program Files (x86)/Epic Games/4.13/Engine/Plugins/Slate/SlateRemote/SlateRemote.uplugin
LogInit: Using libcurl 7.47.1
LogInit:  - built for x86_64-pc-win32
LogInit:  - supports SSL with WinSSL
LogInit:  - other features:
LogInit:      CURL_VERSION_SSL
LogInit:      CURL_VERSION_IPV6
LogInit:      CURL_VERSION_ASYNCHDNS
LogInit:      CURL_VERSION_LARGEFILE
LogInit:      CURL_VERSION_IDN
LogInit:  CurlRequestOptions (configurable via config and command line):
LogInit:  - bVerifyPeer = false  - Libcurl will NOT verify peer certificate
LogInit:  - bUseHttpProxy = false  - Libcurl will NOT use HTTP proxy
LogInit:  - bDontReuseConnections = false  - Libcurl will reuse connections
LogInit:  - CertBundlePath = nullptr  - Libcurl will use whatever was configured at build time.
LogInit: Build: ++UE4+Release-4.13-CL-3172292
LogInit: Engine Version: 4.13.2-3172292+++UE4+Release-4.13
LogInit: Compatible Engine Version: 4.13.0-3106830+++UE4+Release-4.13
LogInit: Net CL: 3172292
LogDevObjectVersion: Number of dev versions registered: 13
LogDevObjectVersion:   Dev-Blueprints (B0D832E4-1F89-4F0D-ACCF-7EB736FD4AA2): 5
LogDevObjectVersion:   Dev-Build (E1C64328-A22C-4D53-A36C-8E866417BD8C): 0
LogDevObjectVersion:   Dev-Core (375EC13C-06E4-48FB-B500-84F0262A717E): 1
LogDevObjectVersion:   Dev-Editor (E4B068ED-F494-42E9-A231-DA0B2E46BB41): 6
LogDevObjectVersion:   Dev-Framework (CFFC743F-43B0-4480-9391-14DF171D2073): 12
LogDevObjectVersion:   Dev-Mobile (B02B49B5-BB20-44E9-A304-32B752E40360): 0
LogDevObjectVersion:   Dev-Networking (A4E4105C-59A1-49B5-A7C5-40C4547EDFEE): 0
LogDevObjectVersion:   Dev-Online (39C831C9-5AE6-47DC-9A44-9C173E1C8E7C): 0
LogDevObjectVersion:   Dev-Physics (78F01B33-EBEA-4F98-B9B4-84EACCB95AA2): 0
LogDevObjectVersion:   Dev-Platform (6631380F-2D4D-43E0-8009-CF276956A95A): 0
LogDevObjectVersion:   Dev-Rendering (12F88B9F-8875-4AFC-A67C-D90C383ABD29): 4
LogDevObjectVersion:   Dev-Sequencer (7B5AE74C-D270-4C10-A958-57980B212A5A): 0
LogDevObjectVersion:   Dev-VR (D7296918-1DD6-4BDD-9DE2-64A83CC13884): 0
LogInit: Compiled (64-bit): Oct 24 2016 14:29:06
LogInit: Compiled with Visual C++: 19.00.23026.00
LogInit: Build Configuration: Development
LogInit: Branch Name: ++UE4+Release-4.13
LogInit: Command line:  
LogInit: Base directory: C:/Program Files (x86)/Epic Games/4.13/Engine/Binaries/Win64/
LogInit: Installed Engine Build: 1
LogInit: Presizing for max 8388607 objects, including 0 objects not considered by GC, pre-allocating 0 bytes for permanent pool.
LogInit: Object subsystem initialized
[2017.02.23-03.54.36:151][  0]LogInit: Selected Device Profile: [Windows]
[2017.02.23-03.54.36:151][  0]LogInit: Applying CVar settings loaded from the selected device profile: [Windows]
[2017.02.23-03.54.36:156][  0]LogInit: Computer: UNDERWOOD
[2017.02.23-03.54.36:156][  0]LogInit: User: allen
[2017.02.23-03.54.36:156][  0]LogInit: CPU Page size=65536, Cores=4
[2017.02.23-03.54.36:156][  0]LogInit: High frequency timer resolution =3.906250 MHz
[2017.02.23-03.54.36:156][  0]LogMemory: Memory total: Physical=15.8GB (16GB approx)
[2017.02.23-03.54.36:156][  0]LogMemory: Platform Memory Stats for Windows
[2017.02.23-03.54.36:156][  0]LogMemory: Process Physical Memory: 257.20 MB used, 257.20 MB peak
[2017.02.23-03.54.36:156][  0]LogMemory: Process Virtual Memory: 260.17 MB used, 260.17 MB peak
[2017.02.23-03.54.36:156][  0]LogMemory: Physical Memory: 6514.50 MB used, 16229.93 MB total
[2017.02.23-03.54.36:156][  0]LogMemory: Virtual Memory: 609.19 MB used, 134217728.00 MB total
[2017.02.23-03.54.36:192][  0]LogTextLocalizationManager: No specific translations for ('en-US') exist, so ('en') translations will be used.
[2017.02.23-03.54.36:704][  0]LogD3D11RHI: D3D11 adapters:
[2017.02.23-03.54.36:729][  0]LogD3D11RHI:    0. 'NVIDIA GeForce GTX 970' (Feature Level 11_0)
[2017.02.23-03.54.36:729][  0]LogD3D11RHI:       4059/0/8114 MB DedicatedVideo/DedicatedSystem/SharedSystem, Outputs:3, VendorId:0x10de
[2017.02.23-03.54.36:749][  0]LogD3D11RHI:    1. 'Intel(R) HD Graphics 4600' (Feature Level 11_0)
[2017.02.23-03.54.36:749][  0]LogD3D11RHI:       112/0/2048 MB DedicatedVideo/DedicatedSystem/SharedSystem, Outputs:0, VendorId:0x8086
[2017.02.23-03.54.36:750][  0]LogD3D11RHI:    2. 'Microsoft Basic Render Driver' (Feature Level 11_0)
[2017.02.23-03.54.36:750][  0]LogD3D11RHI:       0/0/8114 MB DedicatedVideo/DedicatedSystem/SharedSystem, Outputs:0, VendorId:0x1414
[2017.02.23-03.54.36:750][  0]LogD3D11RHI: Chosen D3D11 Adapter: 0
[2017.02.23-03.54.36:754][  0]LogD3D11RHI: Creating new Direct3DDevice
[2017.02.23-03.54.36:754][  0]LogD3D11RHI:     GPU DeviceId: 0x13c2 (for the marketing name, search the web for "GPU Device Id")
[2017.02.23-03.54.36:754][  0]LogWindows: EnumDisplayDevices:
[2017.02.23-03.54.36:755][  0]LogWindows:    0. 'NVIDIA GeForce GTX 970' (P:1 D:1)
[2017.02.23-03.54.36:755][  0]LogWindows:    1. 'NVIDIA GeForce GTX 970' (P:0 D:1)
[2017.02.23-03.54.36:755][  0]LogWindows:    2. 'NVIDIA GeForce GTX 970' (P:0 D:1)
[2017.02.23-03.54.36:755][  0]LogWindows:    3. 'NVIDIA GeForce GTX 970' (P:0 D:0)
[2017.02.23-03.54.36:755][  0]LogWindows:    4. 'Intel(R) HD Graphics 4600' (P:0 D:0)
[2017.02.23-03.54.36:755][  0]LogWindows:    5. 'Intel(R) HD Graphics 4600' (P:0 D:0)
[2017.02.23-03.54.36:755][  0]LogWindows:    6. 'Intel(R) HD Graphics 4600' (P:0 D:0)
[2017.02.23-03.54.36:755][  0]LogWindows: DebugString: PrimaryIsNotTheChoosenAdapter PrimaryIsNotTheChoosenAdapter PrimaryIsNotTheChoosenAdapter FoundDriverCount:4 
[2017.02.23-03.54.36:756][  0]LogD3D11RHI:     Adapter Name: NVIDIA GeForce GTX 970
[2017.02.23-03.54.36:756][  0]LogD3D11RHI:   Driver Version: 378.49 (internal:21.21.13.7849, unified:378.49)
[2017.02.23-03.54.36:756][  0]LogD3D11RHI:      Driver Date: 1-20-2017
[2017.02.23-03.54.36:756][  0]LogRHI: Texture pool is 1361 MB (70% of 1945 MB)
[2017.02.23-03.54.36:771][  0]LogD3D11RHI: Async texture creation enabled
[2017.02.23-03.54.36:782][  0]LogD3D11RHI: GPU Timing Frequency: 1000.000000 (Debug: 2 1)
[2017.02.23-03.54.36:782][  0]LogShaderCompilers: Guid format shader working directory is 34 characters bigger than the processId version (E:/Soulless/Intermediate/Shaders/WorkingDirectory/14356/).
[2017.02.23-03.54.36:783][  0]LogShaderCompilers: Cleaned the shader compiler working directory 'C:/Users/allen/AppData/Local/Temp/UnrealShaderWorkingDir/F7D469CC420B8A282991EAAC3313A6EE/'.
[2017.02.23-03.54.36:783][  0]LogShaderCompilers:Display: Using Local Shader Compiler.
[2017.02.23-03.54.39:484][  0]LogTemp:Display: Loaded TP AllDesktopTargetPlatform
[2017.02.23-03.54.39:491][  0]LogTemp:Display: Loaded TP WindowsClientTargetPlatform
[2017.02.23-03.54.39:497][  0]LogTemp:Display: Loaded TP WindowsNoEditorTargetPlatform
[2017.02.23-03.54.39:503][  0]LogTemp:Display: Loaded TP WindowsServerTargetPlatform
[2017.02.23-03.54.39:508][  0]LogTemp:Display: Loaded TP WindowsTargetPlatform
[2017.02.23-03.54.39:514][  0]LogTemp:Display: Loaded TP AndroidTargetPlatform
[2017.02.23-03.54.39:518][  0]LogTemp:Display: Loaded TP Android_ASTCTargetPlatform
[2017.02.23-03.54.39:523][  0]LogTemp:Display: Loaded TP Android_ATCTargetPlatform
[2017.02.23-03.54.39:528][  0]LogTemp:Display: Loaded TP Android_DXTTargetPlatform
[2017.02.23-03.54.39:533][  0]LogTemp:Display: Loaded TP Android_ETC1TargetPlatform
[2017.02.23-03.54.39:538][  0]LogTemp:Display: Loaded TP Android_ETC2TargetPlatform
[2017.02.23-03.54.39:548][  0]LogTemp:Display: Loaded TP Android_MultiTargetPlatform
[2017.02.23-03.54.39:548][  0]LogTemp:Display: Loaded TP Android_PVRTCTargetPlatform
[2017.02.23-03.54.39:549][  0]LogTemp:Display: Loaded TP HTML5TargetPlatform
[2017.02.23-03.54.39:567][  0]LogTemp:Display: Loaded TP IOSTargetPlatform
[2017.02.23-03.54.39:571][  0]LogTemp:Display: Loaded TP TVOSTargetPlatform
[2017.02.23-03.54.39:576][  0]LogTemp:Display: Loaded TP LinuxClientTargetPlatform
[2017.02.23-03.54.39:580][  0]LogTemp:Display: Loaded TP LinuxNoEditorTargetPlatform
[2017.02.23-03.54.39:585][  0]LogTemp:Display: Loaded TP LinuxServerTargetPlatform
[2017.02.23-03.54.39:590][  0]LogTemp:Display: Loaded TP LinuxTargetPlatform
[2017.02.23-03.54.39:590][  0]LogTargetPlatformManager:Display: Building Assets For Windows
[2017.02.23-03.54.39:647][  0]LogDerivedDataCache:Display: Max Cache Size: 512 MB
[2017.02.23-03.54.39:708][  0]LogDerivedDataCache: Loaded boot cache 0.06s 78MB C:/Users/allen/AppData/Local/UnrealEngine/4.13/DerivedDataCache/Boot.ddc.
[2017.02.23-03.54.39:708][  0]LogDerivedDataCache:Display: Loaded Boot cache: C:/Users/allen/AppData/Local/UnrealEngine/4.13/DerivedDataCache/Boot.ddc
[2017.02.23-03.54.39:708][  0]LogDerivedDataCache: FDerivedDataBackendGraph:  Pak pak cache file E:/Soulless/DerivedDataCache/DDC.ddp not found, will not use a pak cache.
[2017.02.23-03.54.39:708][  0]LogDerivedDataCache: Unable to find inner node Pak for hierarchical cache Hierarchy.
[2017.02.23-03.54.39:708][  0]LogDerivedDataCache: FDerivedDataBackendGraph:  CompressedPak pak cache file E:/Soulless/DerivedDataCache/Compressed.ddp not found, will not use a pak cache.
[2017.02.23-03.54.39:708][  0]LogDerivedDataCache: Unable to find inner node CompressedPak for hierarchical cache Hierarchy.
[2017.02.23-03.54.39:721][  0]LogDerivedDataCache:Display: Pak cache opened for reading ../../../Engine/DerivedDataCache/Compressed.ddp.
[2017.02.23-03.54.39:732][  0]LogDerivedDataCache: Using Local data cache path C:/Users/allen/AppData/Local/UnrealEngine/Common/DerivedDataCache: Writable
[2017.02.23-03.54.39:986][  0]LogInit: Selected Device Profile: [Windows]
[2017.02.23-03.54.39:990][  0]LogContentStreaming: Texture pool size is 0.00 MB
[2017.02.23-03.54.40:095][  0]LogMeshUtilities: No automatic mesh reduction module available
[2017.02.23-03.54.40:095][  0]LogMeshUtilities: No automatic mesh merging module available
[2017.02.23-03.54.40:095][  0]LogMeshUtilities: No distributed automatic mesh merging module available
[2017.02.23-03.54.40:166][  0]LogMaterial: Uniform references updated for custom material expression Custom.
[2017.02.23-03.54.40:566][  0]LogNetVersion: GetLocalNetworkVersion: CL: 3106830, ProjectName: soulless, ProjectVersion: , EngineNetworkVersion: 1, GameNetworkVersion: 0, NetworkChecksum: 194504639
[2017.02.23-03.54.40:600][  0]LogAssetRegistry: FAssetRegistry took 0.0216 seconds to start up
[2017.02.23-03.54.40:621][  0]LogPackageLocalizationCache: Processed 3 localized package path(s) for 2 prioritized culture(s) in 0.018421 seconds
[2017.02.23-03.54.40:626][  0]LogUObjectArray: 29782 objects as part of root set at end of initial load.
[2017.02.23-03.54.40:626][  0]LogUObjectAllocator: 6126784 out of 0 bytes used by permanent object pool.
[2017.02.23-03.54.40:626][  0]LogUObjectArray: CloseDisregardForGC: 0/0 objects in disregard for GC pool
[2017.02.23-03.54.40:631][  0]LogInit: WinSock: version 1.1 (2.2), MaxSocks=32767, MaxUdp=65467
[2017.02.23-03.54.40:793][  0]LogSlate: SlateFontCache - WITH_FREETYPE: 1, WITH_HARFBUZZ: 1
[2017.02.23-03.54.40:793][  0]LogSlate: SlateFontCache - WITH_FREETYPE: 1, WITH_HARFBUZZ: 1
[2017.02.23-03.54.41:275][  0]LogTcpMessaging: Initializing TcpMessaging bridge
[2017.02.23-03.54.41:293][  0]LogUdpMessaging: Initializing bridge on interface 0.0.0.0:0 to multicast group 230.0.0.1:6666.
[2017.02.23-03.54.41:477][  0]SourceControl: Info Source control is disabled
[2017.02.23-03.54.41:494][  0]SourceControl: Info Source control is disabled
[2017.02.23-03.54.41:501][  0]SourceControl: Info Source control is disabled
[2017.02.23-03.54.41:507][  0]SourceControl: Info Source control is disabled
[2017.02.23-03.54.41:780][  0]LogEngine: Initializing Engine...
[2017.02.23-03.54.41:781][  0]LogHMD: Failed to initialize OpenVR with code 110
[2017.02.23-03.54.41:877][  0]LogAIModule: Creating AISystem for world Untitled
[2017.02.23-03.54.41:890][  0]LogInit: XAudio2 using 'Speakers (Sound Blaster Recon3Di)' : 2 channels at 48 kHz using 32 bits per sample (channel mask 0x3)
[2017.02.23-03.54.41:903][  0]LogInit: FAudioDevice initialized.
[2017.02.23-03.54.41:936][  0]LogDerivedDataCache: Saved boot cache 0.03s 78MB C:/Users/allen/AppData/Local/UnrealEngine/4.13/DerivedDataCache/Boot.ddc.
[2017.02.23-03.54.41:944][  0]LogInit: Texture streaming: Enabled
[2017.02.23-03.54.41:965][  0]LogInit: Transaction tracking system initialized
[2017.02.23-03.54.41:991][  0]BlueprintLog: New page: Editor Load
[2017.02.23-03.54.42:070][  0]LocalizationService: Info Localization service is disabled
[2017.02.23-03.54.42:133][  0]LogConsoleResponse:Display: 
[2017.02.23-03.54.42:212][  0]LogCook:Display: Max memory allowance for cook 16384mb min free memory 0mb
[2017.02.23-03.54.42:212][  0]LogCook:Display: Mobile HDR setting 1
[2017.02.23-03.54.42:328][  0]LogFileCache: Scanning file cache for directory 'E:/Soulless/Content/' took 0.01s
[2017.02.23-03.54.42:328][  0]SourceControl: Info Source control is disabled
[2017.02.23-03.54.42:328][  0]Cmd: MAP LOAD FILE="E:/Soulless/Content/TowerDefense/Levels/GameLevel.umap" TEMPLATE=0 SHOWPROGRESS=1 FEATURELEVEL=3
[2017.02.23-03.54.42:328][  0]LightingResults: New page: Lighting Build
[2017.02.23-03.54.42:330][  0]MapCheck: New page: Map Check
[2017.02.23-03.54.42:330][  0]LightingResults: New page: Lighting Build
[2017.02.23-03.54.42:474][  0]LogAIModule: Creating AISystem for world GameLevel
[2017.02.23-03.54.42:482][  0]LogEditorServer: Finished looking for orphan Actors (0.000 secs)
[2017.02.23-03.54.42:483][  0]Cmd: MAP CHECKDEP NOCLEARLOG
[2017.02.23-03.54.42:513][  0]MapCheck: Info Map check complete: 0 Error(s), 0 Warning(s), took 30.186ms to complete.
[2017.02.23-03.54.42:513][  0]LogFileHelpers: Loading map 'GameLevel' took 0.185
[2017.02.23-03.54.42:747][  0]LogCollectionManager: Loaded 0 collections in 0.001476 seconds
[2017.02.23-03.54.42:827][  0]LogFileCache: Scanning file cache for directory 'E:/Soulless/Saved/Collections/' took 0.01s
[2017.02.23-03.54.42:827][  0]LogFileCache: Scanning file cache for directory 'E:/Soulless/Content/Developers/allen/Collections/' took 0.01s
[2017.02.23-03.54.42:827][  0]LogFileCache: Scanning file cache for directory 'E:/Soulless/Content/Collections/' took 0.01s
[2017.02.23-03.54.42:827][  0]LogCollectionManager: Rebuilt the GUID cache for 0 collections in 0.000002 seconds
[2017.02.23-03.54.42:834][  0]LogContentBrowser: Native class hierarchy populated in 0.0064 seconds. Added 2141 classes and 415 folders.
[2017.02.23-03.54.42:836][  0]LogStats: UGameplayTagsManager::ConstructGameplayTagTree: Construct from data asset -  0.000 s
[2017.02.23-03.54.42:836][  0]LogStats: UGameplayTagsManager::ConstructGameplayTagTree: GameplayTagTreeChangedEvent.Broadcast -  0.000 s
[2017.02.23-03.54.42:837][  0]LogContentBrowser: Native class hierarchy updated for 'GameplayTags' in 0.0003 seconds. Added 12 classes and 0 folders.
[2017.02.23-03.54.42:841][  0]LogContentBrowser: Native class hierarchy updated for 'WidgetCarousel' in 0.0003 seconds. Added 0 classes and 0 folders.
[2017.02.23-03.54.42:868][  0]LogContentBrowser: Native class hierarchy updated for 'AddContentDialog' in 0.0003 seconds. Added 0 classes and 0 folders.
[2017.02.23-03.54.42:874][  0]LogContentBrowser: Native class hierarchy updated for 'WorldBrowser' in 0.0003 seconds. Added 1 classes and 3 folders.
[2017.02.23-03.54.42:880][  0]LogContentBrowser: Native class hierarchy updated for 'SceneOutliner' in 0.0003 seconds. Added 1 classes and 2 folders.
[2017.02.23-03.54.42:918][  0]LogCrashTracker: Crashtracker disabled due to settings.
[2017.02.23-03.54.42:922][  0]LogUObjectGlobals:Warning: Failed to find object 'Class None.'
[2017.02.23-03.54.42:948][  0]LogContentBrowser: Native class hierarchy updated for 'HierarchicalLODOutliner' in 0.0004 seconds. Added 1 classes and 2 folders.
[2017.02.23-03.54.42:948][  0]LogLoad: (Engine Initialization) Total time: 7.59 seconds
[2017.02.23-03.54.42:948][  0]LogLoad: (Engine Initialization) Total Blueprint compile time: 0.04 seconds
[2017.02.23-03.54.42:948][  0]LogExternalProfiler: Found external profiler: VSPerf
[2017.02.23-03.54.42:948][  0]LogExternalProfiler: Using external profiler: VSPerf
[2017.02.23-03.54.42:957][  0]LogWindowsTextInputMethodSystem:Display: IME system now deactivated.
[2017.02.23-03.54.42:957][  0]LogOcInput: OculusInput pre-init called
[2017.02.23-03.54.42:976][  0]LogContentStreaming: Texture pool size now 1000 MB
[2017.02.23-03.54.43:154][  0]LogRenderer: Reallocating scene render targets to support 1488x804 (Frame:2).
[2017.02.23-03.54.43:186][  1]LogAssetRegistry: Asset discovery search completed in 2.6073 seconds
[2017.02.23-03.54.43:186][  1]LogCollectionManager: Rebuilt the object cache for 0 collections in 0.000001 seconds (found 0 objects)
[2017.02.23-03.54.43:186][  1]LogCollectionManager: Fixed up redirectors for 0 collections in 0.000140 seconds (updated 0 objects)
[2017.02.23-03.54.51:299][807]LogAIModule: Creating AISystem for world SoullessLevel
[2017.02.23-03.54.51:329][807]Cmd: MAP LOAD FILE="E:/Soulless/Content/SoullessLevel.umap" TEMPLATE=0 SHOWPROGRESS=1 FEATURELEVEL=3
[2017.02.23-03.54.51:329][807]LightingResults: New page: Lighting Build
[2017.02.23-03.54.51:329][807]LoadErrors: New page: Loading map: SoullessLevel.umap
[2017.02.23-03.54.51:330][807]MapCheck: New page: Map Check
[2017.02.23-03.54.51:330][807]LightingResults: New page: Lighting Build
[2017.02.23-03.54.51:397][807]LogEditorServer: Finished looking for orphan Actors (0.000 secs)
[2017.02.23-03.54.51:408][807]Cmd: MAP CHECKDEP NOCLEARLOG
[2017.02.23-03.54.51:449][807]MapCheck: Info Map check complete: 0 Error(s), 0 Warning(s), took 40.864ms to complete.
[2017.02.23-03.54.51:449][807]LogFileHelpers: Loading map 'SoullessLevel' took 0.121
[2017.02.23-03.54.52:877][960]LogPlayLevel: PlayLevel: No blueprints needed recompiling
[2017.02.23-03.54.52:878][960]PIE: New page: PIE session: SoullessLevel (Feb 22, 2017, 3:54:52 PM)
[2017.02.23-03.54.52:881][960]LogPlayLevel: Creating play world package: /Game/UEDPIE_0_SoullessLevel
[2017.02.23-03.54.52:890][960]LogPlayLevel: PIE: StaticDuplicateObject took: (0.008722s)
[2017.02.23-03.54.52:891][960]LogAIModule: Creating AISystem for world SoullessLevel
[2017.02.23-03.54.52:891][960]LogPlayLevel: PIE: World Init took: (0.000662s)
[2017.02.23-03.54.52:891][960]LogPlayLevel: PIE: Created PIE world by copying editor world from /Game/SoullessLevel.SoullessLevel to /Game/UEDPIE_0_SoullessLevel.SoullessLevel (0.009799s)
[2017.02.23-03.54.52:909][960]LogInit: XAudio2 using 'Speakers (Sound Blaster Recon3Di)' : 2 channels at 48 kHz using 32 bits per sample (channel mask 0x3)
[2017.02.23-03.54.52:916][960]LogInit: FAudioDevice initialized.
[2017.02.23-03.54.53:140][960]LogWorld: Game class is 'TDGameMode_C'
[2017.02.23-03.54.53:146][960]LogWorld: Bringing World /Game/UEDPIE_0_SoullessLevel.SoullessLevel up for play (max tick rate 0) at 2017.02.22-21.54.53
[2017.02.23-03.54.53:147][960]LogWorld: Bringing up level for play took: 0.006139
[2017.02.23-03.54.53:151][960]LogContentBrowser: Native class hierarchy updated for 'MovieSceneCapture' in 0.0004 seconds. Added 11 classes and 0 folders.
[2017.02.23-03.54.53:151][960]LogGameMode:Display: Match State Changed from EnteringMap to WaitingToStart
[2017.02.23-03.54.53:151][960]LogGameState: Match State Changed from EnteringMap to WaitingToStart
[2017.02.23-03.54.53:151][960]LogGameMode:Display: Match State Changed from WaitingToStart to InProgress
[2017.02.23-03.54.53:153][960]LogGameState: Match State Changed from WaitingToStart to InProgress
[2017.02.23-03.54.53:158][960]PIE: Info Play in editor start time for /Game/UEDPIE_0_SoullessLevel 0.993
[2017.02.23-03.54.53:168][960]LogScript:Warning: Accessed None trying to read property GameMode
	PlayerResourcesPanel_C /Engine/Transient.UnrealEdEngine_0:TDGameInstance_C_0.PlayerResourcesPanel_C_0
	Function /Game/TowerDefense/Blueprints/UI/PlayerResourcesPanel.PlayerResourcesPanel_C:Get_GoldDisplay_Text_0:003D
[2017.02.23-03.54.53:169][960]PIE:Error: Error Blueprint Runtime Error: Accessed None trying to read property GameMode from function: 'Get_GoldDisplay_Text_0' from node: Return Node in graph: Get_GoldDisplay_Text_0 in object: PlayerResourcesPanel with description: Accessed None trying to read property GameMode
[2017.02.23-03.54.53:169][960]LogScript:Warning: Accessed None trying to read property GameMode
	PlayerResourcesPanel_C /Engine/Transient.UnrealEdEngine_0:TDGameInstance_C_0.PlayerResourcesPanel_C_0
	Function /Game/TowerDefense/Blueprints/UI/PlayerResourcesPanel.PlayerResourcesPanel_C:Get_StoneDisplay_Text_0:003D
[2017.02.23-03.54.53:169][960]PIE:Error: Error Blueprint Runtime Error: Accessed None trying to read property GameMode from function: 'Get_StoneDisplay_Text_0' from node: Return Node in graph: Get_StoneDisplay_Text_0 in object: PlayerResourcesPanel with description: Accessed None trying to read property GameMode
[2017.02.23-03.54.53:169][960]LogScript:Warning: Accessed None trying to read property GameMode
	PlayerResourcesPanel_C /Engine/Transient.UnrealEdEngine_0:TDGameInstance_C_0.PlayerResourcesPanel_C_0
	Function /Game/TowerDefense/Blueprints/UI/PlayerResourcesPanel.PlayerResourcesPanel_C:Get_WoodDisplay_Text_0:003D
[2017.02.23-03.54.53:170][960]PIE:Error: Error Blueprint Runtime Error: Accessed None trying to read property GameMode from function: 'Get_WoodDisplay_Text_0' from node: Return Node in graph: Get_WoodDisplay_Text_0 in object: PlayerResourcesPanel with description: Accessed None trying to read property GameMode
[2017.02.23-03.54.53:170][960]LogScript:Warning: Accessed None trying to read property GameMode
	PlayerResourcesPanel_C /Engine/Transient.UnrealEdEngine_0:TDGameInstance_C_0.PlayerResourcesPanel_C_0
	Function /Game/TowerDefense/Blueprints/UI/PlayerResourcesPanel.PlayerResourcesPanel_C:Get_MetalDisplay_Text_0:003D
[2017.02.23-03.54.53:170][960]PIE:Error: Error Blueprint Runtime Error: Accessed None trying to read property GameMode from function: 'Get_MetalDisplay_Text_0' from node: Return Node in graph: Get_MetalDisplay_Text_0 in object: PlayerResourcesPanel with description: Accessed None trying to read property GameMode
[2017.02.23-03.55.18:088][349]LogContentBrowser: Native class hierarchy updated for 'BlueprintGraph' in 0.0007 seconds. Added 112 classes and 0 folders.
[2017.02.23-03.55.19:810][428]LogPlayLevel: PlayLevel: No blueprints needed recompiling
[2017.02.23-03.55.19:811][428]PIE: New page: PIE session: SoullessLevel (Feb 22, 2017, 3:55:19 PM)
[2017.02.23-03.55.19:811][428]LogPlayLevel: Creating play world package: /Game/UEDPIE_0_SoullessLevel
[2017.02.23-03.55.19:820][428]LogPlayLevel: PIE: StaticDuplicateObject took: (0.008483s)
[2017.02.23-03.55.19:820][428]LogAIModule: Creating AISystem for world SoullessLevel
[2017.02.23-03.55.19:820][428]LogPlayLevel: PIE: World Init took: (0.000689s)
[2017.02.23-03.55.19:821][428]LogPlayLevel: PIE: Created PIE world by copying editor world from /Game/SoullessLevel.SoullessLevel to /Game/UEDPIE_0_SoullessLevel.SoullessLevel (0.009561s)
[2017.02.23-03.55.19:848][428]LogInit: XAudio2 using 'Speakers (Sound Blaster Recon3Di)' : 2 channels at 48 kHz using 32 bits per sample (channel mask 0x3)
[2017.02.23-03.55.19:856][428]LogInit: FAudioDevice initialized.
[2017.02.23-03.55.20:028][428]LogWorld: Game class is 'TDGameMode_C'
[2017.02.23-03.55.20:034][428]LogWorld: Bringing World /Game/UEDPIE_0_SoullessLevel.SoullessLevel up for play (max tick rate 0) at 2017.02.22-21.55.20
[2017.02.23-03.55.20:035][428]LogWorld: Bringing up level for play took: 0.005931
[2017.02.23-03.55.20:036][428]LogGameMode:Display: Match State Changed from EnteringMap to WaitingToStart
[2017.02.23-03.55.20:036][428]LogGameState: Match State Changed from EnteringMap to WaitingToStart
[2017.02.23-03.55.20:036][428]LogGameMode:Display: Match State Changed from WaitingToStart to InProgress
[2017.02.23-03.55.20:038][428]LogGameState: Match State Changed from WaitingToStart to InProgress
[2017.02.23-03.55.20:044][428]PIE: Info Play in editor start time for /Game/UEDPIE_0_SoullessLevel -0.12
[2017.02.23-03.55.20:055][428]LogScript:Warning: Accessed None trying to read property GameMode
	PlayerResourcesPanel_C /Engine/Transient.UnrealEdEngine_0:TDGameInstance_C_1.PlayerResourcesPanel_C_1
	Function /Game/TowerDefense/Blueprints/UI/PlayerResourcesPanel.PlayerResourcesPanel_C:Get_GoldDisplay_Text_0:003D
[2017.02.23-03.55.20:056][428]PIE:Error: Error Blueprint Runtime Error: Accessed None trying to read property GameMode from function: 'Get_GoldDisplay_Text_0' from node: Return Node in graph: Get_GoldDisplay_Text_0 in object: PlayerResourcesPanel with description: Accessed None trying to read property GameMode
[2017.02.23-03.55.20:056][428]LogScript:Warning: Accessed None trying to read property GameMode
	PlayerResourcesPanel_C /Engine/Transient.UnrealEdEngine_0:TDGameInstance_C_1.PlayerResourcesPanel_C_1
	Function /Game/TowerDefense/Blueprints/UI/PlayerResourcesPanel.PlayerResourcesPanel_C:Get_StoneDisplay_Text_0:003D
[2017.02.23-03.55.20:056][428]PIE:Error: Error Blueprint Runtime Error: Accessed None trying to read property GameMode from function: 'Get_StoneDisplay_Text_0' from node: Return Node in graph: Get_StoneDisplay_Text_0 in object: PlayerResourcesPanel with description: Accessed None trying to read property GameMode
[2017.02.23-03.55.20:056][428]LogScript:Warning: Accessed None trying to read property GameMode
	PlayerResourcesPanel_C /Engine/Transient.UnrealEdEngine_0:TDGameInstance_C_1.PlayerResourcesPanel_C_1
	Function /Game/TowerDefense/Blueprints/UI/PlayerResourcesPanel.PlayerResourcesPanel_C:Get_WoodDisplay_Text_0:003D
[2017.02.23-03.55.20:056][428]PIE:Error: Error Blueprint Runtime Error: Accessed None trying to read property GameMode from function: 'Get_WoodDisplay_Text_0' from node: Return Node in graph: Get_WoodDisplay_Text_0 in object: PlayerResourcesPanel with description: Accessed None trying to read property GameMode
[2017.02.23-03.55.20:057][428]LogScript:Warning: Accessed None trying to read property GameMode
	PlayerResourcesPanel_C /Engine/Transient.UnrealEdEngine_0:TDGameInstance_C_1.PlayerResourcesPanel_C_1
	Function /Game/TowerDefense/Blueprints/UI/PlayerResourcesPanel.PlayerResourcesPanel_C:Get_MetalDisplay_Text_0:003D
[2017.02.23-03.55.20:057][428]PIE:Error: Error Blueprint Runtime Error: Accessed None trying to read property GameMode from function: 'Get_MetalDisplay_Text_0' from node: Return Node in graph: Get_MetalDisplay_Text_0 in object: PlayerResourcesPanel with description: Accessed None trying to read property GameMode
[2017.02.23-03.56.29:148][939]LogEditorViewport: Clicking on Actor (LMB): BP_Sky_Sphere_C (Sky Sphere)
[2017.02.23-03.56.30:011][999]LogEditorViewport: Clicking on Actor (LMB): Landscape (Landscape1)
[2017.02.23-03.56.30:576][ 36]LogEditorViewport: Clicking on Actor (LMB): Goal_C (Goal)
[2017.02.23-03.56.48:814][468]LogRenderer: Reallocating scene render targets to support 1772x1032 (Frame:9797).
[2017.02.23-03.56.53:413][834]LogActorFactory: Actor Factory created Cube
[2017.02.23-03.57.25:148][227]BlueprintLog: New page: Compile Goal
[2017.02.23-03.57.32:622][720]LogPlayLevel: PlayLevel: No blueprints needed recompiling
[2017.02.23-03.57.32:622][720]PIE: New page: PIE session: SoullessLevel (Feb 22, 2017, 3:57:32 PM)
[2017.02.23-03.57.32:623][720]LogPlayLevel: Creating play world package: /Game/UEDPIE_0_SoullessLevel
[2017.02.23-03.57.32:631][720]LogPlayLevel: PIE: StaticDuplicateObject took: (0.008223s)
[2017.02.23-03.57.32:632][720]LogAIModule: Creating AISystem for world SoullessLevel
[2017.02.23-03.57.32:632][720]LogPlayLevel: PIE: World Init took: (0.000773s)
[2017.02.23-03.57.32:632][720]LogPlayLevel: PIE: Created PIE world by copying editor world from /Game/SoullessLevel.SoullessLevel to /Game/UEDPIE_0_SoullessLevel.SoullessLevel (0.009433s)
[2017.02.23-03.57.32:654][720]LogInit: XAudio2 using 'Speakers (Sound Blaster Recon3Di)' : 2 channels at 48 kHz using 32 bits per sample (channel mask 0x3)
[2017.02.23-03.57.32:661][720]LogInit: FAudioDevice initialized.
[2017.02.23-03.57.32:827][720]LogWorld: Game class is 'TDGameMode_C'
[2017.02.23-03.57.32:834][720]LogWorld: Bringing World /Game/UEDPIE_0_SoullessLevel.SoullessLevel up for play (max tick rate 0) at 2017.02.22-21.57.32
[2017.02.23-03.57.32:834][720]LogWorld: Bringing up level for play took: 0.006253
[2017.02.23-03.57.32:835][720]LogGameMode:Display: Match State Changed from EnteringMap to WaitingToStart
[2017.02.23-03.57.32:835][720]LogGameState: Match State Changed from EnteringMap to WaitingToStart
[2017.02.23-03.57.32:835][720]LogGameMode:Display: Match State Changed from WaitingToStart to InProgress
[2017.02.23-03.57.32:837][720]LogGameState: Match State Changed from WaitingToStart to InProgress
[2017.02.23-03.57.32:843][720]PIE: Info Play in editor start time for /Game/UEDPIE_0_SoullessLevel 0.679
[2017.02.23-03.57.32:857][720]LogScript:Warning: Accessed None trying to read property GameMode
	PlayerResourcesPanel_C /Engine/Transient.UnrealEdEngine_0:TDGameInstance_C_2.PlayerResourcesPanel_C_2
	Function /Game/TowerDefense/Blueprints/UI/PlayerResourcesPanel.PlayerResourcesPanel_C:Get_GoldDisplay_Text_0:003D
[2017.02.23-03.57.32:858][720]PIE:Error: Error Blueprint Runtime Error: Accessed None trying to read property GameMode from function: 'Get_GoldDisplay_Text_0' from node: Return Node in graph: Get_GoldDisplay_Text_0 in object: PlayerResourcesPanel with description: Accessed None trying to read property GameMode
[2017.02.23-03.57.32:858][720]LogScript:Warning: Accessed None trying to read property GameMode
	PlayerResourcesPanel_C /Engine/Transient.UnrealEdEngine_0:TDGameInstance_C_2.PlayerResourcesPanel_C_2
	Function /Game/TowerDefense/Blueprints/UI/PlayerResourcesPanel.PlayerResourcesPanel_C:Get_StoneDisplay_Text_0:003D
[2017.02.23-03.57.32:858][720]PIE:Error: Error Blueprint Runtime Error: Accessed None trying to read property GameMode from function: 'Get_StoneDisplay_Text_0' from node: Return Node in graph: Get_StoneDisplay_Text_0 in object: PlayerResourcesPanel with description: Accessed None trying to read property GameMode
[2017.02.23-03.57.32:858][720]LogScript:Warning: Accessed None trying to read property GameMode
	PlayerResourcesPanel_C /Engine/Transient.UnrealEdEngine_0:TDGameInstance_C_2.PlayerResourcesPanel_C_2
	Function /Game/TowerDefense/Blueprints/UI/PlayerResourcesPanel.PlayerResourcesPanel_C:Get_WoodDisplay_Text_0:003D
[2017.02.23-03.57.32:858][720]PIE:Error: Error Blueprint Runtime Error: Accessed None trying to read property GameMode from function: 'Get_WoodDisplay_Text_0' from node: Return Node in graph: Get_WoodDisplay_Text_0 in object: PlayerResourcesPanel with description: Accessed None trying to read property GameMode
[2017.02.23-03.57.32:859][720]LogScript:Warning: Accessed None trying to read property GameMode
	PlayerResourcesPanel_C /Engine/Transient.UnrealEdEngine_0:TDGameInstance_C_2.PlayerResourcesPanel_C_2
	Function /Game/TowerDefense/Blueprints/UI/PlayerResourcesPanel.PlayerResourcesPanel_C:Get_MetalDisplay_Text_0:003D
[2017.02.23-03.57.32:859][720]PIE:Error: Error Blueprint Runtime Error: Accessed None trying to read property GameMode from function: 'Get_MetalDisplay_Text_0' from node: Return Node in graph: Get_MetalDisplay_Text_0 in object: PlayerResourcesPanel with description: Accessed None trying to read property GameMode
[2017.02.23-03.57.56:079][187]LogEditorViewport: Clicking on Actor (LMB): SpawnPoint_C (SpawnPoint2)
[2017.02.23-03.58.03:628][756]LogEditorViewport: Clicking on Actor (LMB): SpawnPoint_C (SpawnPoint)
[2017.02.23-03.58.07:152][ 29]LogEditorViewport: Clicking on Actor (LMB): SpawnPoint_C (SpawnPoint2)
[2017.02.23-03.58.10:630][292]LogPlayLevel: PlayLevel: No blueprints needed recompiling
[2017.02.23-03.58.10:630][292]PIE: New page: PIE session: SoullessLevel (Feb 22, 2017, 3:58:10 PM)
[2017.02.23-03.58.10:630][292]LogPlayLevel: Creating play world package: /Game/UEDPIE_0_SoullessLevel
[2017.02.23-03.58.10:639][292]LogPlayLevel: PIE: StaticDuplicateObject took: (0.008376s)
[2017.02.23-03.58.10:640][292]LogAIModule: Creating AISystem for world SoullessLevel
[2017.02.23-03.58.10:640][292]LogPlayLevel: PIE: World Init took: (0.000759s)
[2017.02.23-03.58.10:640][292]LogPlayLevel: PIE: Created PIE world by copying editor world from /Game/SoullessLevel.SoullessLevel to /Game/UEDPIE_0_SoullessLevel.SoullessLevel (0.009560s)
[2017.02.23-03.58.10:663][292]LogInit: XAudio2 using 'Speakers (Sound Blaster Recon3Di)' : 2 channels at 48 kHz using 32 bits per sample (channel mask 0x3)
[2017.02.23-03.58.10:670][292]LogInit: FAudioDevice initialized.
[2017.02.23-03.58.10:835][292]LogWorld: Game class is 'TDGameMode_C'
[2017.02.23-03.58.10:841][292]LogWorld: Bringing World /Game/UEDPIE_0_SoullessLevel.SoullessLevel up for play (max tick rate 0) at 2017.02.22-21.58.10
[2017.02.23-03.58.10:842][292]LogWorld: Bringing up level for play took: 0.005809
[2017.02.23-03.58.10:843][292]LogGameMode:Display: Match State Changed from EnteringMap to WaitingToStart
[2017.02.23-03.58.10:843][292]LogGameState: Match State Changed from EnteringMap to WaitingToStart
[2017.02.23-03.58.10:843][292]LogGameMode:Display: Match State Changed from WaitingToStart to InProgress
[2017.02.23-03.58.10:845][292]LogGameState: Match State Changed from WaitingToStart to InProgress
[2017.02.23-03.58.10:851][292]PIE: Info Play in editor start time for /Game/UEDPIE_0_SoullessLevel 0.687
[2017.02.23-03.58.10:865][292]LogScript:Warning: Accessed None trying to read property GameMode
	PlayerResourcesPanel_C /Engine/Transient.UnrealEdEngine_0:TDGameInstance_C_3.PlayerResourcesPanel_C_3
	Function /Game/TowerDefense/Blueprints/UI/PlayerResourcesPanel.PlayerResourcesPanel_C:Get_GoldDisplay_Text_0:003D
[2017.02.23-03.58.10:865][292]PIE:Error: Error Blueprint Runtime Error: Accessed None trying to read property GameMode from function: 'Get_GoldDisplay_Text_0' from node: Return Node in graph: Get_GoldDisplay_Text_0 in object: PlayerResourcesPanel with description: Accessed None trying to read property GameMode
[2017.02.23-03.58.10:865][292]LogScript:Warning: Accessed None trying to read property GameMode
	PlayerResourcesPanel_C /Engine/Transient.UnrealEdEngine_0:TDGameInstance_C_3.PlayerResourcesPanel_C_3
	Function /Game/TowerDefense/Blueprints/UI/PlayerResourcesPanel.PlayerResourcesPanel_C:Get_StoneDisplay_Text_0:003D
[2017.02.23-03.58.10:865][292]PIE:Error: Error Blueprint Runtime Error: Accessed None trying to read property GameMode from function: 'Get_StoneDisplay_Text_0' from node: Return Node in graph: Get_StoneDisplay_Text_0 in object: PlayerResourcesPanel with description: Accessed None trying to read property GameMode
[2017.02.23-03.58.10:865][292]LogScript:Warning: Accessed None trying to read property GameMode
	PlayerResourcesPanel_C /Engine/Transient.UnrealEdEngine_0:TDGameInstance_C_3.PlayerResourcesPanel_C_3
	Function /Game/TowerDefense/Blueprints/UI/PlayerResourcesPanel.PlayerResourcesPanel_C:Get_WoodDisplay_Text_0:003D
[2017.02.23-03.58.10:866][292]PIE:Error: Error Blueprint Runtime Error: Accessed None trying to read property GameMode from function: 'Get_WoodDisplay_Text_0' from node: Return Node in graph: Get_WoodDisplay_Text_0 in object: PlayerResourcesPanel with description: Accessed None trying to read property GameMode
[2017.02.23-03.58.10:866][292]LogScript:Warning: Accessed None trying to read property GameMode
	PlayerResourcesPanel_C /Engine/Transient.UnrealEdEngine_0:TDGameInstance_C_3.PlayerResourcesPanel_C_3
	Function /Game/TowerDefense/Blueprints/UI/PlayerResourcesPanel.PlayerResourcesPanel_C:Get_MetalDisplay_Text_0:003D
[2017.02.23-03.58.10:866][292]PIE:Error: Error Blueprint Runtime Error: Accessed None trying to read property GameMode from function: 'Get_MetalDisplay_Text_0' from node: Return Node in graph: Get_MetalDisplay_Text_0 in object: PlayerResourcesPanel with description: Accessed None trying to read property GameMode
[2017.02.23-03.58.49:469][998]BlueprintLog: New page: Compile Goal
[2017.02.23-03.58.50:206][ 46]LogPlayLevel: PlayLevel: No blueprints needed recompiling
[2017.02.23-03.58.50:206][ 46]PIE: New page: PIE session: SoullessLevel (Feb 22, 2017, 3:58:50 PM)
[2017.02.23-03.58.50:206][ 46]LogPlayLevel: Creating play world package: /Game/UEDPIE_0_SoullessLevel
[2017.02.23-03.58.50:214][ 46]LogPlayLevel: PIE: StaticDuplicateObject took: (0.007734s)
[2017.02.23-03.58.50:215][ 46]LogAIModule: Creating AISystem for world SoullessLevel
[2017.02.23-03.58.50:215][ 46]LogPlayLevel: PIE: World Init took: (0.000623s)
[2017.02.23-03.58.50:215][ 46]LogPlayLevel: PIE: Created PIE world by copying editor world from /Game/SoullessLevel.SoullessLevel to /Game/UEDPIE_0_SoullessLevel.SoullessLevel (0.008721s)
[2017.02.23-03.58.50:236][ 46]LogInit: XAudio2 using 'Speakers (Sound Blaster Recon3Di)' : 2 channels at 48 kHz using 32 bits per sample (channel mask 0x3)
[2017.02.23-03.58.50:243][ 46]LogInit: FAudioDevice initialized.
[2017.02.23-03.58.50:409][ 46]LogWorld: Game class is 'TDGameMode_C'
[2017.02.23-03.58.50:416][ 46]LogWorld: Bringing World /Game/UEDPIE_0_SoullessLevel.SoullessLevel up for play (max tick rate 0) at 2017.02.22-21.58.50
[2017.02.23-03.58.50:417][ 46]LogWorld: Bringing up level for play took: 0.006636
[2017.02.23-03.58.50:418][ 46]LogGameMode:Display: Match State Changed from EnteringMap to WaitingToStart
[2017.02.23-03.58.50:418][ 46]LogGameState: Match State Changed from EnteringMap to WaitingToStart
[2017.02.23-03.58.50:418][ 46]LogGameMode:Display: Match State Changed from WaitingToStart to InProgress
[2017.02.23-03.58.50:420][ 46]LogGameState: Match State Changed from WaitingToStart to InProgress
[2017.02.23-03.58.50:427][ 46]PIE: Info Play in editor start time for /Game/UEDPIE_0_SoullessLevel 0.262
[2017.02.23-03.58.50:441][ 46]LogScript:Warning: Accessed None trying to read property GameMode
	PlayerResourcesPanel_C /Engine/Transient.UnrealEdEngine_0:TDGameInstance_C_4.PlayerResourcesPanel_C_4
	Function /Game/TowerDefense/Blueprints/UI/PlayerResourcesPanel.PlayerResourcesPanel_C:Get_GoldDisplay_Text_0:003D
[2017.02.23-03.58.50:441][ 46]PIE:Error: Error Blueprint Runtime Error: Accessed None trying to read property GameMode from function: 'Get_GoldDisplay_Text_0' from node: Return Node in graph: Get_GoldDisplay_Text_0 in object: PlayerResourcesPanel with description: Accessed None trying to read property GameMode
[2017.02.23-03.58.50:441][ 46]LogScript:Warning: Accessed None trying to read property GameMode
	PlayerResourcesPanel_C /Engine/Transient.UnrealEdEngine_0:TDGameInstance_C_4.PlayerResourcesPanel_C_4
	Function /Game/TowerDefense/Blueprints/UI/PlayerResourcesPanel.PlayerResourcesPanel_C:Get_StoneDisplay_Text_0:003D
[2017.02.23-03.58.50:441][ 46]PIE:Error: Error Blueprint Runtime Error: Accessed None trying to read property GameMode from function: 'Get_StoneDisplay_Text_0' from node: Return Node in graph: Get_StoneDisplay_Text_0 in object: PlayerResourcesPanel with description: Accessed None trying to read property GameMode
[2017.02.23-03.58.50:442][ 46]LogScript:Warning: Accessed None trying to read property GameMode
	PlayerResourcesPanel_C /Engine/Transient.UnrealEdEngine_0:TDGameInstance_C_4.PlayerResourcesPanel_C_4
	Function /Game/TowerDefense/Blueprints/UI/PlayerResourcesPanel.PlayerResourcesPanel_C:Get_WoodDisplay_Text_0:003D
[2017.02.23-03.58.50:442][ 46]PIE:Error: Error Blueprint Runtime Error: Accessed None trying to read property GameMode from function: 'Get_WoodDisplay_Text_0' from node: Return Node in graph: Get_WoodDisplay_Text_0 in object: PlayerResourcesPanel with description: Accessed None trying to read property GameMode
[2017.02.23-03.58.50:442][ 46]LogScript:Warning: Accessed None trying to read property GameMode
	PlayerResourcesPanel_C /Engine/Transient.UnrealEdEngine_0:TDGameInstance_C_4.PlayerResourcesPanel_C_4
	Function /Game/TowerDefense/Blueprints/UI/PlayerResourcesPanel.PlayerResourcesPanel_C:Get_MetalDisplay_Text_0:003D
[2017.02.23-03.58.50:442][ 46]PIE:Error: Error Blueprint Runtime Error: Accessed None trying to read property GameMode from function: 'Get_MetalDisplay_Text_0' from node: Return Node in graph: Get_MetalDisplay_Text_0 in object: PlayerResourcesPanel with description: Accessed None trying to read property GameMode
[2017.02.23-03.59.10:496][329]LogEditorViewport: Clicking on Actor (LMB): Goal_C (Goal)
[2017.02.23-03.59.13:082][497]LogPlayLevel: PlayLevel: No blueprints needed recompiling
[2017.02.23-03.59.13:082][497]PIE: New page: PIE session: SoullessLevel (Feb 22, 2017, 3:59:13 PM)
[2017.02.23-03.59.13:082][497]LogPlayLevel: Creating play world package: /Game/UEDPIE_0_SoullessLevel
[2017.02.23-03.59.13:090][497]LogPlayLevel: PIE: StaticDuplicateObject took: (0.007869s)
[2017.02.23-03.59.13:091][497]LogAIModule: Creating AISystem for world SoullessLevel
[2017.02.23-03.59.13:091][497]LogPlayLevel: PIE: World Init took: (0.000882s)
[2017.02.23-03.59.13:091][497]LogPlayLevel: PIE: Created PIE world by copying editor world from /Game/SoullessLevel.SoullessLevel to /Game/UEDPIE_0_SoullessLevel.SoullessLevel (0.009214s)
[2017.02.23-03.59.13:113][497]LogInit: XAudio2 using 'Speakers (Sound Blaster Recon3Di)' : 2 channels at 48 kHz using 32 bits per sample (channel mask 0x3)
[2017.02.23-03.59.13:120][497]LogInit: FAudioDevice initialized.
[2017.02.23-03.59.13:292][497]LogWorld: Game class is 'TDGameMode_C'
[2017.02.23-03.59.13:300][497]LogWorld: Bringing World /Game/UEDPIE_0_SoullessLevel.SoullessLevel up for play (max tick rate 0) at 2017.02.22-21.59.13
[2017.02.23-03.59.13:301][497]LogWorld: Bringing up level for play took: 0.007586
[2017.02.23-03.59.13:302][497]LogGameMode:Display: Match State Changed from EnteringMap to WaitingToStart
[2017.02.23-03.59.13:302][497]LogGameState: Match State Changed from EnteringMap to WaitingToStart
[2017.02.23-03.59.13:302][497]LogGameMode:Display: Match State Changed from WaitingToStart to InProgress
[2017.02.23-03.59.13:304][497]LogGameState: Match State Changed from WaitingToStart to InProgress
[2017.02.23-03.59.13:311][497]PIE: Info Play in editor start time for /Game/UEDPIE_0_SoullessLevel 1.147
[2017.02.23-03.59.13:327][497]LogScript:Warning: Accessed None trying to read property GameMode
	PlayerResourcesPanel_C /Engine/Transient.UnrealEdEngine_0:TDGameInstance_C_5.PlayerResourcesPanel_C_5
	Function /Game/TowerDefense/Blueprints/UI/PlayerResourcesPanel.PlayerResourcesPanel_C:Get_GoldDisplay_Text_0:003D
[2017.02.23-03.59.13:328][497]PIE:Error: Error Blueprint Runtime Error: Accessed None trying to read property GameMode from function: 'Get_GoldDisplay_Text_0' from node: Return Node in graph: Get_GoldDisplay_Text_0 in object: PlayerResourcesPanel with description: Accessed None trying to read property GameMode
[2017.02.23-03.59.13:328][497]LogScript:Warning: Accessed None trying to read property GameMode
	PlayerResourcesPanel_C /Engine/Transient.UnrealEdEngine_0:TDGameInstance_C_5.PlayerResourcesPanel_C_5
	Function /Game/TowerDefense/Blueprints/UI/PlayerResourcesPanel.PlayerResourcesPanel_C:Get_StoneDisplay_Text_0:003D
[2017.02.23-03.59.13:328][497]PIE:Error: Error Blueprint Runtime Error: Accessed None trying to read property GameMode from function: 'Get_StoneDisplay_Text_0' from node: Return Node in graph: Get_StoneDisplay_Text_0 in object: PlayerResourcesPanel with description: Accessed None trying to read property GameMode
[2017.02.23-03.59.13:328][497]LogScript:Warning: Accessed None trying to read property GameMode
	PlayerResourcesPanel_C /Engine/Transient.UnrealEdEngine_0:TDGameInstance_C_5.PlayerResourcesPanel_C_5
	Function /Game/TowerDefense/Blueprints/UI/PlayerResourcesPanel.PlayerResourcesPanel_C:Get_WoodDisplay_Text_0:003D
[2017.02.23-03.59.13:328][497]PIE:Error: Error Blueprint Runtime Error: Accessed None trying to read property GameMode from function: 'Get_WoodDisplay_Text_0' from node: Return Node in graph: Get_WoodDisplay_Text_0 in object: PlayerResourcesPanel with description: Accessed None trying to read property GameMode
[2017.02.23-03.59.13:328][497]LogScript:Warning: Accessed None trying to read property GameMode
	PlayerResourcesPanel_C /Engine/Transient.UnrealEdEngine_0:TDGameInstance_C_5.PlayerResourcesPanel_C_5
	Function /Game/TowerDefense/Blueprints/UI/PlayerResourcesPanel.PlayerResourcesPanel_C:Get_MetalDisplay_Text_0:003D
[2017.02.23-03.59.13:329][497]PIE:Error: Error Blueprint Runtime Error: Accessed None trying to read property GameMode from function: 'Get_MetalDisplay_Text_0' from node: Return Node in graph: Get_MetalDisplay_Text_0 in object: PlayerResourcesPanel with description: Accessed None trying to read property GameMode
[2017.02.23-03.59.32:338][695]LogEditorViewport: Clicking on Actor (LMB): Goal_C (Goal)
[2017.02.23-03.59.59:724][870]BlueprintLog: New page: Compile Goal
[2017.02.23-04.00.06:095][323]LogEditorViewport: Clicking on Actor (LMB): SpawnPoint_C (SpawnPoint2)
[2017.02.23-04.00.07:992][464]LogPlayLevel: PlayLevel: No blueprints needed recompiling
[2017.02.23-04.00.07:992][464]PIE: New page: PIE session: SoullessLevel (Feb 22, 2017, 4:00:07 PM)
[2017.02.23-04.00.07:992][464]LogPlayLevel: Creating play world package: /Game/UEDPIE_0_SoullessLevel
[2017.02.23-04.00.08:001][464]LogPlayLevel: PIE: StaticDuplicateObject took: (0.008589s)
[2017.02.23-04.00.08:002][464]LogAIModule: Creating AISystem for world SoullessLevel
[2017.02.23-04.00.08:002][464]LogPlayLevel: PIE: World Init took: (0.000886s)
[2017.02.23-04.00.08:002][464]LogPlayLevel: PIE: Created PIE world by copying editor world from /Game/SoullessLevel.SoullessLevel to /Game/UEDPIE_0_SoullessLevel.SoullessLevel (0.009916s)
[2017.02.23-04.00.08:027][464]LogInit: XAudio2 using 'Speakers (Sound Blaster Recon3Di)' : 2 channels at 48 kHz using 32 bits per sample (channel mask 0x3)
[2017.02.23-04.00.08:035][464]LogInit: FAudioDevice initialized.
[2017.02.23-04.00.08:208][464]LogWorld: Game class is 'TDGameMode_C'
[2017.02.23-04.00.08:216][464]LogWorld: Bringing World /Game/UEDPIE_0_SoullessLevel.SoullessLevel up for play (max tick rate 0) at 2017.02.22-22.00.08
[2017.02.23-04.00.08:216][464]LogWorld: Bringing up level for play took: 0.006566
[2017.02.23-04.00.08:217][464]LogGameMode:Display: Match State Changed from EnteringMap to WaitingToStart
[2017.02.23-04.00.08:217][464]LogGameState: Match State Changed from EnteringMap to WaitingToStart
[2017.02.23-04.00.08:217][464]LogGameMode:Display: Match State Changed from WaitingToStart to InProgress
[2017.02.23-04.00.08:219][464]LogGameState: Match State Changed from WaitingToStart to InProgress
[2017.02.23-04.00.08:226][464]PIE: Info Play in editor start time for /Game/UEDPIE_0_SoullessLevel 0.061
[2017.02.23-04.00.08:237][464]LogScript:Warning: Accessed None trying to read property GameMode
	PlayerResourcesPanel_C /Engine/Transient.UnrealEdEngine_0:TDGameInstance_C_6.PlayerResourcesPanel_C_6
	Function /Game/TowerDefense/Blueprints/UI/PlayerResourcesPanel.PlayerResourcesPanel_C:Get_GoldDisplay_Text_0:003D
[2017.02.23-04.00.08:237][464]PIE:Error: Error Blueprint Runtime Error: Accessed None trying to read property GameMode from function: 'Get_GoldDisplay_Text_0' from node: Return Node in graph: Get_GoldDisplay_Text_0 in object: PlayerResourcesPanel with description: Accessed None trying to read property GameMode
[2017.02.23-04.00.08:237][464]LogScript:Warning: Accessed None trying to read property GameMode
	PlayerResourcesPanel_C /Engine/Transient.UnrealEdEngine_0:TDGameInstance_C_6.PlayerResourcesPanel_C_6
	Function /Game/TowerDefense/Blueprints/UI/PlayerResourcesPanel.PlayerResourcesPanel_C:Get_StoneDisplay_Text_0:003D
[2017.02.23-04.00.08:237][464]PIE:Error: Error Blueprint Runtime Error: Accessed None trying to read property GameMode from function: 'Get_StoneDisplay_Text_0' from node: Return Node in graph: Get_StoneDisplay_Text_0 in object: PlayerResourcesPanel with description: Accessed None trying to read property GameMode
[2017.02.23-04.00.08:238][464]LogScript:Warning: Accessed None trying to read property GameMode
	PlayerResourcesPanel_C /Engine/Transient.UnrealEdEngine_0:TDGameInstance_C_6.PlayerResourcesPanel_C_6
	Function /Game/TowerDefense/Blueprints/UI/PlayerResourcesPanel.PlayerResourcesPanel_C:Get_WoodDisplay_Text_0:003D
[2017.02.23-04.00.08:238][464]PIE:Error: Error Blueprint Runtime Error: Accessed None trying to read property GameMode from function: 'Get_WoodDisplay_Text_0' from node: Return Node in graph: Get_WoodDisplay_Text_0 in object: PlayerResourcesPanel with description: Accessed None trying to read property GameMode
[2017.02.23-04.00.08:238][464]LogScript:Warning: Accessed None trying to read property GameMode
	PlayerResourcesPanel_C /Engine/Transient.UnrealEdEngine_0:TDGameInstance_C_6.PlayerResourcesPanel_C_6
	Function /Game/TowerDefense/Blueprints/UI/PlayerResourcesPanel.PlayerResourcesPanel_C:Get_MetalDisplay_Text_0:003D
[2017.02.23-04.00.08:238][464]PIE:Error: Error Blueprint Runtime Error: Accessed None trying to read property GameMode from function: 'Get_MetalDisplay_Text_0' from node: Return Node in graph: Get_MetalDisplay_Text_0 in object: PlayerResourcesPanel with description: Accessed None trying to read property GameMode
[2017.02.23-04.00.16:614][975]LogEditorViewport: Clicking on Actor (LMB): Goal_C (Goal)
[2017.02.23-04.00.22:903][425]LogPlayLevel: PlayLevel: No blueprints needed recompiling
[2017.02.23-04.00.22:904][425]PIE: New page: PIE session: SoullessLevel (Feb 22, 2017, 4:00:22 PM)
[2017.02.23-04.00.22:904][425]LogPlayLevel: Creating play world package: /Game/UEDPIE_0_SoullessLevel
[2017.02.23-04.00.22:913][425]LogPlayLevel: PIE: StaticDuplicateObject took: (0.008681s)
[2017.02.23-04.00.22:914][425]LogAIModule: Creating AISystem for world SoullessLevel
[2017.02.23-04.00.22:914][425]LogPlayLevel: PIE: World Init took: (0.001380s)
[2017.02.23-04.00.22:915][425]LogPlayLevel: PIE: Created PIE world by copying editor world from /Game/SoullessLevel.SoullessLevel to /Game/UEDPIE_0_SoullessLevel.SoullessLevel (0.010673s)
[2017.02.23-04.00.22:937][425]LogInit: XAudio2 using 'Speakers (Sound Blaster Recon3Di)' : 2 channels at 48 kHz using 32 bits per sample (channel mask 0x3)
[2017.02.23-04.00.22:944][425]LogInit: FAudioDevice initialized.
[2017.02.23-04.00.23:112][425]LogWorld: Game class is 'TDGameMode_C'
[2017.02.23-04.00.23:119][425]LogWorld: Bringing World /Game/UEDPIE_0_SoullessLevel.SoullessLevel up for play (max tick rate 0) at 2017.02.22-22.00.23
[2017.02.23-04.00.23:120][425]LogWorld: Bringing up level for play took: 0.006360
[2017.02.23-04.00.23:121][425]LogGameMode:Display: Match State Changed from EnteringMap to WaitingToStart
[2017.02.23-04.00.23:121][425]LogGameState: Match State Changed from EnteringMap to WaitingToStart
[2017.02.23-04.00.23:121][425]LogGameMode:Display: Match State Changed from WaitingToStart to InProgress
[2017.02.23-04.00.23:123][425]LogGameState: Match State Changed from WaitingToStart to InProgress
[2017.02.23-04.00.23:129][425]PIE: Info Play in editor start time for /Game/UEDPIE_0_SoullessLevel 0.965
[2017.02.23-04.00.23:144][425]LogScript:Warning: Accessed None trying to read property GameMode
	PlayerResourcesPanel_C /Engine/Transient.UnrealEdEngine_0:TDGameInstance_C_7.PlayerResourcesPanel_C_7
	Function /Game/TowerDefense/Blueprints/UI/PlayerResourcesPanel.PlayerResourcesPanel_C:Get_GoldDisplay_Text_0:003D
[2017.02.23-04.00.23:145][425]PIE:Error: Error Blueprint Runtime Error: Accessed None trying to read property GameMode from function: 'Get_GoldDisplay_Text_0' from node: Return Node in graph: Get_GoldDisplay_Text_0 in object: PlayerResourcesPanel with description: Accessed None trying to read property GameMode
[2017.02.23-04.00.23:145][425]LogScript:Warning: Accessed None trying to read property GameMode
	PlayerResourcesPanel_C /Engine/Transient.UnrealEdEngine_0:TDGameInstance_C_7.PlayerResourcesPanel_C_7
	Function /Game/TowerDefense/Blueprints/UI/PlayerResourcesPanel.PlayerResourcesPanel_C:Get_StoneDisplay_Text_0:003D
[2017.02.23-04.00.23:145][425]PIE:Error: Error Blueprint Runtime Error: Accessed None trying to read property GameMode from function: 'Get_StoneDisplay_Text_0' from node: Return Node in graph: Get_StoneDisplay_Text_0 in object: PlayerResourcesPanel with description: Accessed None trying to read property GameMode
[2017.02.23-04.00.23:145][425]LogScript:Warning: Accessed None trying to read property GameMode
	PlayerResourcesPanel_C /Engine/Transient.UnrealEdEngine_0:TDGameInstance_C_7.PlayerResourcesPanel_C_7
	Function /Game/TowerDefense/Blueprints/UI/PlayerResourcesPanel.PlayerResourcesPanel_C:Get_WoodDisplay_Text_0:003D
[2017.02.23-04.00.23:145][425]PIE:Error: Error Blueprint Runtime Error: Accessed None trying to read property GameMode from function: 'Get_WoodDisplay_Text_0' from node: Return Node in graph: Get_WoodDisplay_Text_0 in object: PlayerResourcesPanel with description: Accessed None trying to read property GameMode
[2017.02.23-04.00.23:145][425]LogScript:Warning: Accessed None trying to read property GameMode
	PlayerResourcesPanel_C /Engine/Transient.UnrealEdEngine_0:TDGameInstance_C_7.PlayerResourcesPanel_C_7
	Function /Game/TowerDefense/Blueprints/UI/PlayerResourcesPanel.PlayerResourcesPanel_C:Get_MetalDisplay_Text_0:003D
[2017.02.23-04.00.23:146][425]PIE:Error: Error Blueprint Runtime Error: Accessed None trying to read property GameMode from function: 'Get_MetalDisplay_Text_0' from node: Return Node in graph: Get_MetalDisplay_Text_0 in object: PlayerResourcesPanel with description: Accessed None trying to read property GameMode
[2017.02.23-04.01.05:136][730]LogEditorViewport: Clicking on Actor (LMB): Base_C (Base)
[2017.02.23-04.01.05:901][790]LogEditorViewport: Clicking on Actor (LMB): Base_C (Base)
[2017.02.23-04.01.11:723][228]BlueprintLog: New page: Pre-Play auto-recompile
[2017.02.23-04.01.11:723][228]LogPlayLevel: [PlayLevel] Compiling Goal before play...
[2017.02.23-04.01.11:802][228]LogPlayLevel: PlayLevel: Blueprint regeneration took 79 ms (1 blueprints)
[2017.02.23-04.01.11:803][228]PIE: New page: PIE session: SoullessLevel (Feb 22, 2017, 4:01:11 PM)
[2017.02.23-04.01.11:803][228]LogPlayLevel: Creating play world package: /Game/UEDPIE_0_SoullessLevel
[2017.02.23-04.01.11:811][228]LogPlayLevel: PIE: StaticDuplicateObject took: (0.007867s)
[2017.02.23-04.01.11:812][228]LogAIModule: Creating AISystem for world SoullessLevel
[2017.02.23-04.01.11:812][228]LogPlayLevel: PIE: World Init took: (0.000833s)
[2017.02.23-04.01.11:812][228]LogPlayLevel: PIE: Created PIE world by copying editor world from /Game/SoullessLevel.SoullessLevel to /Game/UEDPIE_0_SoullessLevel.SoullessLevel (0.009097s)
[2017.02.23-04.01.11:836][228]LogInit: XAudio2 using 'Speakers (Sound Blaster Recon3Di)' : 2 channels at 48 kHz using 32 bits per sample (channel mask 0x3)
[2017.02.23-04.01.11:844][228]LogInit: FAudioDevice initialized.
[2017.02.23-04.01.12:009][228]LogWorld: Game class is 'TDGameMode_C'
[2017.02.23-04.01.12:015][228]LogWorld: Bringing World /Game/UEDPIE_0_SoullessLevel.SoullessLevel up for play (max tick rate 0) at 2017.02.22-22.01.12
[2017.02.23-04.01.12:016][228]LogWorld: Bringing up level for play took: 0.006070
[2017.02.23-04.01.12:017][228]LogGameMode:Display: Match State Changed from EnteringMap to WaitingToStart
[2017.02.23-04.01.12:017][228]LogGameState: Match State Changed from EnteringMap to WaitingToStart
[2017.02.23-04.01.12:017][228]LogGameMode:Display: Match State Changed from WaitingToStart to InProgress
[2017.02.23-04.01.12:019][228]LogGameState: Match State Changed from WaitingToStart to InProgress
[2017.02.23-04.01.12:025][228]PIE: Info Play in editor start time for /Game/UEDPIE_0_SoullessLevel -0.139
[2017.02.23-04.01.12:034][228]LogScript:Warning: Accessed None trying to read property GameMode
	PlayerResourcesPanel_C /Engine/Transient.UnrealEdEngine_0:TDGameInstance_C_8.PlayerResourcesPanel_C_8
	Function /Game/TowerDefense/Blueprints/UI/PlayerResourcesPanel.PlayerResourcesPanel_C:Get_GoldDisplay_Text_0:003D
[2017.02.23-04.01.12:034][228]PIE:Error: Error Blueprint Runtime Error: Accessed None trying to read property GameMode from function: 'Get_GoldDisplay_Text_0' from node: Return Node in graph: Get_GoldDisplay_Text_0 in object: PlayerResourcesPanel with description: Accessed None trying to read property GameMode
[2017.02.23-04.01.12:034][228]LogScript:Warning: Accessed None trying to read property GameMode
	PlayerResourcesPanel_C /Engine/Transient.UnrealEdEngine_0:TDGameInstance_C_8.PlayerResourcesPanel_C_8
	Function /Game/TowerDefense/Blueprints/UI/PlayerResourcesPanel.PlayerResourcesPanel_C:Get_StoneDisplay_Text_0:003D
[2017.02.23-04.01.12:034][228]PIE:Error: Error Blueprint Runtime Error: Accessed None trying to read property GameMode from function: 'Get_StoneDisplay_Text_0' from node: Return Node in graph: Get_StoneDisplay_Text_0 in object: PlayerResourcesPanel with description: Accessed None trying to read property GameMode
[2017.02.23-04.01.12:035][228]LogScript:Warning: Accessed None trying to read property GameMode
	PlayerResourcesPanel_C /Engine/Transient.UnrealEdEngine_0:TDGameInstance_C_8.PlayerResourcesPanel_C_8
	Function /Game/TowerDefense/Blueprints/UI/PlayerResourcesPanel.PlayerResourcesPanel_C:Get_WoodDisplay_Text_0:003D
[2017.02.23-04.01.12:035][228]PIE:Error: Error Blueprint Runtime Error: Accessed None trying to read property GameMode from function: 'Get_WoodDisplay_Text_0' from node: Return Node in graph: Get_WoodDisplay_Text_0 in object: PlayerResourcesPanel with description: Accessed None trying to read property GameMode
[2017.02.23-04.01.12:035][228]LogScript:Warning: Accessed None trying to read property GameMode
	PlayerResourcesPanel_C /Engine/Transient.UnrealEdEngine_0:TDGameInstance_C_8.PlayerResourcesPanel_C_8
	Function /Game/TowerDefense/Blueprints/UI/PlayerResourcesPanel.PlayerResourcesPanel_C:Get_MetalDisplay_Text_0:003D
[2017.02.23-04.01.12:035][228]PIE:Error: Error Blueprint Runtime Error: Accessed None trying to read property GameMode from function: 'Get_MetalDisplay_Text_0' from node: Return Node in graph: Get_MetalDisplay_Text_0 in object: PlayerResourcesPanel with description: Accessed None trying to read property GameMode
[2017.02.23-04.01.22:993][909]BlueprintLog: New page: Compile Goal
[2017.02.23-04.01.23:828][963]LogPlayLevel: PlayLevel: No blueprints needed recompiling
[2017.02.23-04.01.23:828][963]PIE: New page: PIE session: SoullessLevel (Feb 22, 2017, 4:01:23 PM)
[2017.02.23-04.01.23:829][963]LogPlayLevel: Creating play world package: /Game/UEDPIE_0_SoullessLevel
[2017.02.23-04.01.23:837][963]LogPlayLevel: PIE: StaticDuplicateObject took: (0.008547s)
[2017.02.23-04.01.23:838][963]LogAIModule: Creating AISystem for world SoullessLevel
[2017.02.23-04.01.23:838][963]LogPlayLevel: PIE: World Init took: (0.000691s)
[2017.02.23-04.01.23:838][963]LogPlayLevel: PIE: Created PIE world by copying editor world from /Game/SoullessLevel.SoullessLevel to /Game/UEDPIE_0_SoullessLevel.SoullessLevel (0.009672s)
[2017.02.23-04.01.23:859][963]LogInit: XAudio2 using 'Speakers (Sound Blaster Recon3Di)' : 2 channels at 48 kHz using 32 bits per sample (channel mask 0x3)
[2017.02.23-04.01.23:866][963]LogInit: FAudioDevice initialized.
[2017.02.23-04.01.24:034][963]LogWorld: Game class is 'TDGameMode_C'
[2017.02.23-04.01.24:041][963]LogWorld: Bringing World /Game/UEDPIE_0_SoullessLevel.SoullessLevel up for play (max tick rate 0) at 2017.02.22-22.01.24
[2017.02.23-04.01.24:041][963]LogWorld: Bringing up level for play took: 0.005940
[2017.02.23-04.01.24:042][963]LogGameMode:Display: Match State Changed from EnteringMap to WaitingToStart
[2017.02.23-04.01.24:042][963]LogGameState: Match State Changed from EnteringMap to WaitingToStart
[2017.02.23-04.01.24:042][963]LogGameMode:Display: Match State Changed from WaitingToStart to InProgress
[2017.02.23-04.01.24:044][963]LogGameState: Match State Changed from WaitingToStart to InProgress
[2017.02.23-04.01.24:050][963]PIE: Info Play in editor start time for /Game/UEDPIE_0_SoullessLevel -0.114
[2017.02.23-04.01.24:065][963]LogScript:Warning: Accessed None trying to read property GameMode
	PlayerResourcesPanel_C /Engine/Transient.UnrealEdEngine_0:TDGameInstance_C_9.PlayerResourcesPanel_C_9
	Function /Game/TowerDefense/Blueprints/UI/PlayerResourcesPanel.PlayerResourcesPanel_C:Get_GoldDisplay_Text_0:003D
[2017.02.23-04.01.24:065][963]PIE:Error: Error Blueprint Runtime Error: Accessed None trying to read property GameMode from function: 'Get_GoldDisplay_Text_0' from node: Return Node in graph: Get_GoldDisplay_Text_0 in object: PlayerResourcesPanel with description: Accessed None trying to read property GameMode
[2017.02.23-04.01.24:065][963]LogScript:Warning: Accessed None trying to read property GameMode
	PlayerResourcesPanel_C /Engine/Transient.UnrealEdEngine_0:TDGameInstance_C_9.PlayerResourcesPanel_C_9
	Function /Game/TowerDefense/Blueprints/UI/PlayerResourcesPanel.PlayerResourcesPanel_C:Get_StoneDisplay_Text_0:003D
[2017.02.23-04.01.24:066][963]PIE:Error: Error Blueprint Runtime Error: Accessed None trying to read property GameMode from function: 'Get_StoneDisplay_Text_0' from node: Return Node in graph: Get_StoneDisplay_Text_0 in object: PlayerResources