Log file open, 02/20/17 11:09:30
LogInit:Display: Running engine for game: TowerDefense
LogPlatformFile: Not using cached read wrapper
LogInit:Display: RandInit(1643660045) SRandInit(1643660046).
LogTaskGraph: Started task graph with 5 named threads and 8 total threads with 1 sets of task threads.
LogStats: Stats thread started at 0.102733
LogPluginManager: Loaded Plugin Paper2D, From C:/Program Files/Epic Games/UE_4.13/Engine/Plugins/2D/Paper2D/Paper2D.uplugin
LogPluginManager: Loaded Plugin LightPropagationVolume, From C:/Program Files/Epic Games/UE_4.13/Engine/Plugins/Blendables/LightPropagationVolume/LightPropagationVolume.uplugin
LogPluginManager: Loaded Plugin BlankPlugin, From C:/Program Files/Epic Games/UE_4.13/Engine/Plugins/Developer/BlankPlugin/BlankPlugin.uplugin
LogPluginManager: Loaded Plugin CodeLiteSourceCodeAccess, From C:/Program Files/Epic Games/UE_4.13/Engine/Plugins/Developer/CodeLiteSourceCodeAccess/CodeLiteSourceCodeAccess.uplugin
LogPluginManager: Loaded Plugin GitSourceControl, From C:/Program Files/Epic Games/UE_4.13/Engine/Plugins/Developer/GitSourceControl/GitSourceControl.uplugin
LogPluginManager: Loaded Plugin KDevelopSourceCodeAccess, From C:/Program Files/Epic Games/UE_4.13/Engine/Plugins/Developer/KDevelopSourceCodeAccess/KDevelopSourceCodeAccess.uplugin
LogPluginManager: Loaded Plugin NullSourceCodeAccess, From C:/Program Files/Epic Games/UE_4.13/Engine/Plugins/Developer/NullSourceCodeAccess/NullSourceCodeAccess.uplugin
LogPluginManager: Loaded Plugin OneSkyLocalizationService, From C:/Program Files/Epic Games/UE_4.13/Engine/Plugins/Developer/OneSkyLocalizationService/OneSkyLocalizationService.uplugin
LogPluginManager: Loaded Plugin PerforceSourceControl, From C:/Program Files/Epic Games/UE_4.13/Engine/Plugins/Developer/PerforceSourceControl/PerforceSourceControl.uplugin
LogPluginManager: Loaded Plugin SubversionSourceControl, From C:/Program Files/Epic Games/UE_4.13/Engine/Plugins/Developer/SubversionSourceControl/SubversionSourceControl.uplugin
LogPluginManager: Loaded Plugin UObjectPlugin, From C:/Program Files/Epic Games/UE_4.13/Engine/Plugins/Developer/UObjectPlugin/UObjectPlugin.uplugin
LogPluginManager: Loaded Plugin VisualStudioSourceCodeAccess, From C:/Program Files/Epic Games/UE_4.13/Engine/Plugins/Developer/VisualStudioSourceCodeAccess/VisualStudioSourceCodeAccess.uplugin
LogPluginManager: Loaded Plugin XCodeSourceCodeAccess, From C:/Program Files/Epic Games/UE_4.13/Engine/Plugins/Developer/XCodeSourceCodeAccess/XCodeSourceCodeAccess.uplugin
LogPluginManager: Loaded Plugin EpicSurvey, From C:/Program Files/Epic Games/UE_4.13/Engine/Plugins/Editor/EpicSurvey/EpicSurvey.uplugin
LogPluginManager: Loaded Plugin MacGraphicsSwitching, From C:/Program Files/Epic Games/UE_4.13/Engine/Plugins/Editor/MacGraphicsSwitching/MacGraphicsSwitching.uplugin
LogPluginManager: Loaded Plugin MobileLauncherProfileWizard, From C:/Program Files/Epic Games/UE_4.13/Engine/Plugins/Editor/MobileLauncherProfileWizard/MobileLauncherProfileWizard.uplugin
LogPluginManager: Loaded Plugin PluginBrowser, From C:/Program Files/Epic Games/UE_4.13/Engine/Plugins/Editor/PluginBrowser/PluginBrowser.uplugin
LogPluginManager: Loaded Plugin SpeedTreeImporter, From C:/Program Files/Epic Games/UE_4.13/Engine/Plugins/Editor/SpeedTreeImporter/SpeedTreeImporter.uplugin
LogPluginManager: Loaded Plugin SuperSearchEditor, From C:/Program Files/Epic Games/UE_4.13/Engine/Plugins/Editor/SuperSearchEditor/SuperSearchEditor.uplugin
LogPluginManager: Loaded Plugin AlembicImporter, From C:/Program Files/Epic Games/UE_4.13/Engine/Plugins/Experimental/AlembicImporter/AlembicImporter.uplugin
LogPluginManager: Loaded Plugin BlueprintStats, From C:/Program Files/Epic Games/UE_4.13/Engine/Plugins/Experimental/BlueprintStats/BlueprintStats.uplugin
LogPluginManager: Loaded Plugin CharacterAI, From C:/Program Files/Epic Games/UE_4.13/Engine/Plugins/Experimental/CharacterAI/CharacterAI.uplugin
LogPluginManager: Loaded Plugin CodeEditor, From C:/Program Files/Epic Games/UE_4.13/Engine/Plugins/Experimental/CodeEditor/CodeEditor.uplugin
LogPluginManager: Loaded Plugin CodeView, From C:/Program Files/Epic Games/UE_4.13/Engine/Plugins/Experimental/CodeView/CodeView.uplugin
LogPluginManager: Loaded Plugin HTML5Networking, From C:/Program Files/Epic Games/UE_4.13/Engine/Plugins/Experimental/HTML5Networking/HTML5Networking.uplugin
LogPluginManager: Loaded Plugin LiveEditor, From C:/Program Files/Epic Games/UE_4.13/Engine/Plugins/Experimental/LiveEditor/LiveEditor.uplugin
LogPluginManager: Loaded Plugin OSVR, From C:/Program Files/Epic Games/UE_4.13/Engine/Plugins/Experimental/OSVR/OSVR.uplugin
LogPluginManager: Loaded Plugin Phya, From C:/Program Files/Epic Games/UE_4.13/Engine/Plugins/Experimental/Phya/Phya.uplugin
LogPluginManager: Loaded Plugin SignificanceManager, From C:/Program Files/Epic Games/UE_4.13/Engine/Plugins/Experimental/SignificanceManager/SignificanceManager.uplugin
LogPluginManager: Loaded Plugin SimpleHMD, From C:/Program Files/Epic Games/UE_4.13/Engine/Plugins/Experimental/SimpleHMD/SimpleHMD.uplugin
LogPluginManager: Loaded Plugin StereoPanorama, From C:/Program Files/Epic Games/UE_4.13/Engine/Plugins/Experimental/StereoPanorama/StereoPanorama.uplugin
LogPluginManager: Loaded Plugin StructBox, From C:/Program Files/Epic Games/UE_4.13/Engine/Plugins/Experimental/StructBox/StructBox.uplugin
LogPluginManager: Loaded Plugin AndroidMedia, From C:/Program Files/Epic Games/UE_4.13/Engine/Plugins/Media/AndroidMedia/AndroidMedia.uplugin
LogPluginManager: Loaded Plugin AvfMedia, From C:/Program Files/Epic Games/UE_4.13/Engine/Plugins/Media/AvfMedia/AvfMedia.uplugin
LogPluginManager: Loaded Plugin MediaPlayerEditor, From C:/Program Files/Epic Games/UE_4.13/Engine/Plugins/Media/MediaPlayerEditor/MediaPlayerEditor.uplugin
LogPluginManager: Loaded Plugin WmfMedia, From C:/Program Files/Epic Games/UE_4.13/Engine/Plugins/Media/WmfMedia/WmfMedia.uplugin
LogPluginManager: Loaded Plugin MessagingDebugger, From C:/Program Files/Epic Games/UE_4.13/Engine/Plugins/Messaging/MessagingDebugger/MessagingDebugger.uplugin
LogPluginManager: Loaded Plugin TcpMessaging, From C:/Program Files/Epic Games/UE_4.13/Engine/Plugins/Messaging/TcpMessaging/TcpMessaging.uplugin
LogPluginManager: Loaded Plugin UdpMessaging, From C:/Program Files/Epic Games/UE_4.13/Engine/Plugins/Messaging/UdpMessaging/UdpMessaging.uplugin
LogPluginManager: Loaded Plugin LevelSequenceEditor, From C:/Program Files/Epic Games/UE_4.13/Engine/Plugins/MovieScene/LevelSequenceEditor/LevelSequenceEditor.uplugin
LogPluginManager: Loaded Plugin MatineeToLevelSequence, From C:/Program Files/Epic Games/UE_4.13/Engine/Plugins/MovieScene/MatineeToLevelSequence/MatineeToLevelSequence.uplugin
LogPluginManager: Loaded Plugin NetcodeUnitTest, From C:/Program Files/Epic Games/UE_4.13/Engine/Plugins/NetcodeUnitTest/NetcodeUnitTest/NetcodeUnitTest.uplugin
LogPluginManager: Loaded Plugin NUTUnrealEngine4, From C:/Program Files/Epic Games/UE_4.13/Engine/Plugins/NetcodeUnitTest/NUTUnrealEngine4/NUTUnrealEngine4.uplugin
LogPluginManager: Loaded Plugin OnlineSubsystemGooglePlay, From C:/Program Files/Epic Games/UE_4.13/Engine/Plugins/Online/Android/OnlineSubsystemGooglePlay/OnlineSubsystemGooglePlay.uplugin
LogPluginManager: Loaded Plugin OnlineSubsystemIOS, From C:/Program Files/Epic Games/UE_4.13/Engine/Plugins/Online/IOS/OnlineSubsystemIOS/OnlineSubsystemIOS.uplugin
LogPluginManager: Loaded Plugin OnlineFramework, From C:/Program Files/Epic Games/UE_4.13/Engine/Plugins/Online/OnlineFramework/OnlineFramework.uplugin
LogPluginManager: Loaded Plugin OnlineSubsystem, From C:/Program Files/Epic Games/UE_4.13/Engine/Plugins/Online/OnlineSubsystem/OnlineSubsystem.uplugin
LogPluginManager: Loaded Plugin OnlineSubsystemAmazon, From C:/Program Files/Epic Games/UE_4.13/Engine/Plugins/Online/OnlineSubsystemAmazon/OnlineSubsystemAmazon.uplugin
LogPluginManager: Loaded Plugin OnlineSubsystemFacebook, From C:/Program Files/Epic Games/UE_4.13/Engine/Plugins/Online/OnlineSubsystemFacebook/OnlineSubsystemFacebook.uplugin
LogPluginManager: Loaded Plugin OnlineSubsystemNull, From C:/Program Files/Epic Games/UE_4.13/Engine/Plugins/Online/OnlineSubsystemNull/OnlineSubsystemNull.uplugin
LogPluginManager: Loaded Plugin OnlineSubsystemOculus, From C:/Program Files/Epic Games/UE_4.13/Engine/Plugins/Online/OnlineSubsystemOculus/OnlineSubsystemOculus.uplugin
LogPluginManager: Loaded Plugin OnlineSubsystemSteam, From C:/Program Files/Epic Games/UE_4.13/Engine/Plugins/Online/OnlineSubsystemSteam/OnlineSubsystemSteam.uplugin
LogPluginManager: Loaded Plugin OnlineSubsystemUtils, From C:/Program Files/Epic Games/UE_4.13/Engine/Plugins/Online/OnlineSubsystemUtils/OnlineSubsystemUtils.uplugin
LogPluginManager: Loaded Plugin IOSTapJoy, From C:/Program Files/Epic Games/UE_4.13/Engine/Plugins/Runtime/Advertising/IOSTapJoy/IOSTapJoy.uplugin
LogPluginManager: Loaded Plugin AnalyticsBlueprintLibrary, From C:/Program Files/Epic Games/UE_4.13/Engine/Plugins/Runtime/Analytics/AnalyticsBlueprintLibrary/AnalyticsBlueprintLibrary.uplugin
LogPluginManager: Loaded Plugin AnalyticsMulticast, From C:/Program Files/Epic Games/UE_4.13/Engine/Plugins/Runtime/Analytics/AnalyticsMulticast/AnalyticsMulticast.uplugin
LogPluginManager: Loaded Plugin Apsalar, From C:/Program Files/Epic Games/UE_4.13/Engine/Plugins/Runtime/Analytics/Apsalar/Apsalar.uplugin
LogPluginManager: Loaded Plugin FileLogging, From C:/Program Files/Epic Games/UE_4.13/Engine/Plugins/Runtime/Analytics/FileLogging/FileLogging.uplugin
LogPluginManager: Loaded Plugin Flurry, From C:/Program Files/Epic Games/UE_4.13/Engine/Plugins/Runtime/Analytics/Flurry/Flurry.uplugin
LogPluginManager: Loaded Plugin AndroidDeviceProfileSelector, From C:/Program Files/Epic Games/UE_4.13/Engine/Plugins/Runtime/AndroidDeviceProfileSelector/AndroidDeviceProfileSelector.uplugin
LogPluginManager: Loaded Plugin AndroidMoviePlayer, From C:/Program Files/Epic Games/UE_4.13/Engine/Plugins/Runtime/AndroidMoviePlayer/AndroidMoviePlayer.uplugin
LogPluginManager: Loaded Plugin AppleMoviePlayer, From C:/Program Files/Epic Games/UE_4.13/Engine/Plugins/Runtime/AppleMoviePlayer/AppleMoviePlayer.uplugin
LogPluginManager: Loaded Plugin ArchVisCharacter, From C:/Program Files/Epic Games/UE_4.13/Engine/Plugins/Runtime/ArchVisCharacter/ArchVisCharacter.uplugin
LogPluginManager: Loaded Plugin CableComponent, From C:/Program Files/Epic Games/UE_4.13/Engine/Plugins/Runtime/CableComponent/CableComponent.uplugin
LogPluginManager: Loaded Plugin CustomMeshComponent, From C:/Program Files/Epic Games/UE_4.13/Engine/Plugins/Runtime/CustomMeshComponent/CustomMeshComponent.uplugin
LogPluginManager: Loaded Plugin ExampleDeviceProfileSelector, From C:/Program Files/Epic Games/UE_4.13/Engine/Plugins/Runtime/ExampleDeviceProfileSelector/ExampleDeviceProfileSelector.uplugin
LogPluginManager: Loaded Plugin GearVR, From C:/Program Files/Epic Games/UE_4.13/Engine/Plugins/Runtime/GearVR/GearVR.uplugin
LogPluginManager: Loaded Plugin GoogleVRController, From C:/Program Files/Epic Games/UE_4.13/Engine/Plugins/Runtime/GoogleVR/GoogleVRController/GoogleVRController.uplugin
LogPluginManager: Loaded Plugin GoogleVRHMD, From C:/Program Files/Epic Games/UE_4.13/Engine/Plugins/Runtime/GoogleVR/GoogleVRHMD/GoogleVRHMD.uplugin
LogPluginManager: Loaded Plugin IOSDeviceProfileSelector, From C:/Program Files/Epic Games/UE_4.13/Engine/Plugins/Runtime/IOSDeviceProfileSelector/IOSDeviceProfileSelector.uplugin
LogPluginManager: Loaded Plugin LeapMotion, From C:/Program Files/Epic Games/UE_4.13/Engine/Plugins/Runtime/LeapMotion/LeapMotion.uplugin
LogPluginManager: Loaded Plugin LinuxDeviceProfileSelector, From C:/Program Files/Epic Games/UE_4.13/Engine/Plugins/Runtime/LinuxDeviceProfileSelector/LinuxDeviceProfileSelector.uplugin
LogPluginManager: Loaded Plugin LiveEditorListenServer, From C:/Program Files/Epic Games/UE_4.13/Engine/Plugins/Runtime/LiveEditorListenServer/LiveEditorListenServer.uplugin
LogPluginManager: Loaded Plugin OculusAudio, From C:/Program Files/Epic Games/UE_4.13/Engine/Plugins/Runtime/OculusAudio/OculusAudio.uplugin
LogPluginManager: Loaded Plugin OculusInput, From C:/Program Files/Epic Games/UE_4.13/Engine/Plugins/Runtime/OculusInput/OculusInput.uplugin
LogPluginManager: Loaded Plugin OculusLibrary, From C:/Program Files/Epic Games/UE_4.13/Engine/Plugins/Runtime/OculusLibrary/OculusLibrary.uplugin
LogPluginManager: Loaded Plugin OculusRift, From C:/Program Files/Epic Games/UE_4.13/Engine/Plugins/Runtime/OculusRift/OculusRift.uplugin
LogPluginManager: Loaded Plugin Oodle, From C:/Program Files/Epic Games/UE_4.13/Engine/Plugins/Runtime/PacketHandlers/CompressionComponents/Oodle/Oodle.uplugin
LogPluginManager: Loaded Plugin ProceduralMeshComponent, From C:/Program Files/Epic Games/UE_4.13/Engine/Plugins/Runtime/ProceduralMeshComponent/ProceduralMeshComponent.uplugin
LogPluginManager: Loaded Plugin SoundMod, From C:/Program Files/Epic Games/UE_4.13/Engine/Plugins/Runtime/SoundMod/SoundMod.uplugin
LogPluginManager: Loaded Plugin SoundVisualizations, From C:/Program Files/Epic Games/UE_4.13/Engine/Plugins/Runtime/SoundVisualizations/SoundVisualizations.uplugin
LogPluginManager: Loaded Plugin SteamController, From C:/Program Files/Epic Games/UE_4.13/Engine/Plugins/Runtime/Steam/SteamController/SteamController.uplugin
LogPluginManager: Loaded Plugin SteamVR, From C:/Program Files/Epic Games/UE_4.13/Engine/Plugins/Runtime/Steam/SteamVR/SteamVR.uplugin
LogPluginManager: Loaded Plugin WebBrowserWidget, From C:/Program Files/Epic Games/UE_4.13/Engine/Plugins/Runtime/WebBrowserWidget/WebBrowserWidget.uplugin
LogPluginManager: Loaded Plugin WindowsDeviceProfileSelector, From C:/Program Files/Epic Games/UE_4.13/Engine/Plugins/Runtime/WindowsDeviceProfileSelector/WindowsDeviceProfileSelector.uplugin
LogPluginManager: Loaded Plugin WindowsMoviePlayer, From C:/Program Files/Epic Games/UE_4.13/Engine/Plugins/Runtime/WindowsMoviePlayer/WindowsMoviePlayer.uplugin
LogPluginManager: Loaded Plugin ScriptPlugin, From C:/Program Files/Epic Games/UE_4.13/Engine/Plugins/ScriptPlugin/ScriptPlugin.uplugin
LogPluginManager: Loaded Plugin SlateRemote, From C:/Program Files/Epic Games/UE_4.13/Engine/Plugins/Slate/SlateRemote/SlateRemote.uplugin
LogInit: Using libcurl 7.47.1
LogInit:  - built for x86_64-pc-win32
LogInit:  - supports SSL with WinSSL
LogInit:  - other features:
LogInit:      CURL_VERSION_SSL
LogInit:      CURL_VERSION_IPV6
LogInit:      CURL_VERSION_ASYNCHDNS
LogInit:      CURL_VERSION_LARGEFILE
LogInit:      CURL_VERSION_IDN
LogInit:  CurlRequestOptions (configurable via config and command line):
LogInit:  - bVerifyPeer = false  - Libcurl will NOT verify peer certificate
LogInit:  - bUseHttpProxy = false  - Libcurl will NOT use HTTP proxy
LogInit:  - bDontReuseConnections = false  - Libcurl will reuse connections
LogInit:  - CertBundlePath = nullptr  - Libcurl will use whatever was configured at build time.
LogInit: Build: ++UE4+Release-4.13-CL-3172292
LogInit: Engine Version: 4.13.2-3172292+++UE4+Release-4.13
LogInit: Compatible Engine Version: 4.13.0-3106830+++UE4+Release-4.13
LogInit: Net CL: 3172292
LogDevObjectVersion: Number of dev versions registered: 13
LogDevObjectVersion:   Dev-Blueprints (B0D832E4-1F89-4F0D-ACCF-7EB736FD4AA2): 5
LogDevObjectVersion:   Dev-Build (E1C64328-A22C-4D53-A36C-8E866417BD8C): 0
LogDevObjectVersion:   Dev-Core (375EC13C-06E4-48FB-B500-84F0262A717E): 1
LogDevObjectVersion:   Dev-Editor (E4B068ED-F494-42E9-A231-DA0B2E46BB41): 6
LogDevObjectVersion:   Dev-Framework (CFFC743F-43B0-4480-9391-14DF171D2073): 12
LogDevObjectVersion:   Dev-Mobile (B02B49B5-BB20-44E9-A304-32B752E40360): 0
LogDevObjectVersion:   Dev-Networking (A4E4105C-59A1-49B5-A7C5-40C4547EDFEE): 0
LogDevObjectVersion:   Dev-Online (39C831C9-5AE6-47DC-9A44-9C173E1C8E7C): 0
LogDevObjectVersion:   Dev-Physics (78F01B33-EBEA-4F98-B9B4-84EACCB95AA2): 0
LogDevObjectVersion:   Dev-Platform (6631380F-2D4D-43E0-8009-CF276956A95A): 0
LogDevObjectVersion:   Dev-Rendering (12F88B9F-8875-4AFC-A67C-D90C383ABD29): 4
LogDevObjectVersion:   Dev-Sequencer (7B5AE74C-D270-4C10-A958-57980B212A5A): 0
LogDevObjectVersion:   Dev-VR (D7296918-1DD6-4BDD-9DE2-64A83CC13884): 0
LogInit: Compiled (64-bit): Oct 24 2016 14:29:06
LogInit: Compiled with Visual C++: 19.00.23026.00
LogInit: Build Configuration: Development
LogInit: Branch Name: ++UE4+Release-4.13
LogInit: Command line:  
LogInit: Base directory: C:/Program Files/Epic Games/UE_4.13/Engine/Binaries/Win64/
LogInit: Installed Engine Build: 1
LogInit: Presizing for max 8388607 objects, including 0 objects not considered by GC, pre-allocating 0 bytes for permanent pool.
LogInit: Object subsystem initialized
[2017.02.20-16.09.30:894][  0]LogInit: Selected Device Profile: [Windows]
[2017.02.20-16.09.30:894][  0]LogInit: Applying CVar settings loaded from the selected device profile: [Windows]
[2017.02.20-16.09.30:907][  0]LogInit: Computer: ANIMUS
[2017.02.20-16.09.30:907][  0]LogInit: User: Jeremiah
[2017.02.20-16.09.30:907][  0]LogInit: CPU Page size=65536, Cores=4
[2017.02.20-16.09.30:907][  0]LogInit: High frequency timer resolution =2.435780 MHz
[2017.02.20-16.09.30:908][  0]LogMemory: Memory total: Physical=24.0GB (24GB approx)
[2017.02.20-16.09.30:908][  0]LogMemory: Platform Memory Stats for Windows
[2017.02.20-16.09.30:908][  0]LogMemory: Process Physical Memory: 255.27 MB used, 255.27 MB peak
[2017.02.20-16.09.30:908][  0]LogMemory: Process Virtual Memory: 260.82 MB used, 260.82 MB peak
[2017.02.20-16.09.30:908][  0]LogMemory: Physical Memory: 3085.82 MB used, 24525.11 MB total
[2017.02.20-16.09.30:908][  0]LogMemory: Virtual Memory: 615.36 MB used, 134217728.00 MB total
[2017.02.20-16.09.31:160][  0]LogTextLocalizationManager: No specific translations for ('en-US') exist, so ('en') translations will be used.
[2017.02.20-16.09.32:311][  0]LogD3D11RHI: D3D11 adapters:
[2017.02.20-16.09.32:859][  0]LogD3D11RHI:    0. 'NVIDIA GeForce GTX 970M' (Feature Level 11_0)
[2017.02.20-16.09.32:859][  0]LogD3D11RHI:       2941/0/12262 MB DedicatedVideo/DedicatedSystem/SharedSystem, Outputs:1, VendorId:0x10de
[2017.02.20-16.09.32:860][  0]LogD3D11RHI:    1. 'Microsoft Basic Render Driver' (Feature Level 11_0)
[2017.02.20-16.09.32:860][  0]LogD3D11RHI:       0/0/256 MB DedicatedVideo/DedicatedSystem/SharedSystem, Outputs:0, VendorId:0x1414
[2017.02.20-16.09.32:860][  0]LogD3D11RHI: Chosen D3D11 Adapter: 0
[2017.02.20-16.09.32:864][  0]LogD3D11RHI: Creating new Direct3DDevice
[2017.02.20-16.09.32:864][  0]LogD3D11RHI:     GPU DeviceId: 0x13d8 (for the marketing name, search the web for "GPU Device Id")
[2017.02.20-16.09.32:864][  0]LogWindows: EnumDisplayDevices:
[2017.02.20-16.09.32:864][  0]LogWindows:    0. 'NVIDIA GeForce GTX 970M' (P:1 D:1)
[2017.02.20-16.09.32:864][  0]LogWindows:    1. 'NVIDIA GeForce GTX 970M' (P:0 D:0)
[2017.02.20-16.09.32:864][  0]LogWindows:    2. 'NVIDIA GeForce GTX 970M' (P:0 D:0)
[2017.02.20-16.09.32:864][  0]LogWindows:    3. 'NVIDIA GeForce GTX 970M' (P:0 D:0)
[2017.02.20-16.09.32:864][  0]LogWindows: DebugString: FoundDriverCount:4 
[2017.02.20-16.09.32:864][  0]LogD3D11RHI:     Adapter Name: NVIDIA GeForce GTX 970M
[2017.02.20-16.09.32:864][  0]LogD3D11RHI:   Driver Version: 378.66 (internal:21.21.13.7866, unified:378.66)
[2017.02.20-16.09.32:864][  0]LogD3D11RHI:      Driver Date: 2-9-2017
[2017.02.20-16.09.32:864][  0]LogRHI: Texture pool is 1361 MB (70% of 1945 MB)
[2017.02.20-16.09.33:366][  0]LogD3D11RHI: Async texture creation enabled
[2017.02.20-16.09.33:495][  0]LogD3D11RHI: GPU Timing Frequency: 1000.000000 (Debug: 2 2)
[2017.02.20-16.09.33:495][  0]LogShaderCompilers: Guid format shader working directory is -22 characters bigger than the processId version (../../../../../../Users/Jeremiah/Documents/Unreal Projects/TowerDefense/Intermediate/Shaders/WorkingDirectory/5924/).
[2017.02.20-16.09.33:495][  0]LogShaderCompilers: Cleaned the shader compiler working directory 'C:/Users/Jeremiah/AppData/Local/Temp/UnrealShaderWorkingDir/55407B01436506C2AACCB287AC08735F/'.
[2017.02.20-16.09.33:495][  0]LogShaderCompilers:Display: Using Local Shader Compiler.
[2017.02.20-16.09.36:028][  0]LogTemp:Display: Loaded TP AllDesktopTargetPlatform
[2017.02.20-16.09.36:036][  0]LogTemp:Display: Loaded TP WindowsClientTargetPlatform
[2017.02.20-16.09.36:043][  0]LogTemp:Display: Loaded TP WindowsNoEditorTargetPlatform
[2017.02.20-16.09.36:051][  0]LogTemp:Display: Loaded TP WindowsServerTargetPlatform
[2017.02.20-16.09.36:058][  0]LogTemp:Display: Loaded TP WindowsTargetPlatform
[2017.02.20-16.09.36:066][  0]LogTemp:Display: Loaded TP AndroidTargetPlatform
[2017.02.20-16.09.36:072][  0]LogTemp:Display: Loaded TP Android_ASTCTargetPlatform
[2017.02.20-16.09.36:079][  0]LogTemp:Display: Loaded TP Android_ATCTargetPlatform
[2017.02.20-16.09.36:085][  0]LogTemp:Display: Loaded TP Android_DXTTargetPlatform
[2017.02.20-16.09.36:091][  0]LogTemp:Display: Loaded TP Android_ETC1TargetPlatform
[2017.02.20-16.09.36:097][  0]LogTemp:Display: Loaded TP Android_ETC2TargetPlatform
[2017.02.20-16.09.36:111][  0]LogTemp:Display: Loaded TP Android_MultiTargetPlatform
[2017.02.20-16.09.36:111][  0]LogTemp:Display: Loaded TP Android_PVRTCTargetPlatform
[2017.02.20-16.09.36:112][  0]LogTemp:Display: Loaded TP HTML5TargetPlatform
[2017.02.20-16.09.36:151][  0]LogTemp:Display: Loaded TP IOSTargetPlatform
[2017.02.20-16.09.36:157][  0]LogTemp:Display: Loaded TP TVOSTargetPlatform
[2017.02.20-16.09.36:163][  0]LogTemp:Display: Loaded TP LinuxClientTargetPlatform
[2017.02.20-16.09.36:169][  0]LogTemp:Display: Loaded TP LinuxNoEditorTargetPlatform
[2017.02.20-16.09.36:176][  0]LogTemp:Display: Loaded TP LinuxServerTargetPlatform
[2017.02.20-16.09.36:184][  0]LogTemp:Display: Loaded TP LinuxTargetPlatform
[2017.02.20-16.09.36:184][  0]LogTargetPlatformManager:Display: Building Assets For Windows
[2017.02.20-16.09.36:586][  0]LogDerivedDataCache:Display: Max Cache Size: 512 MB
[2017.02.20-16.09.37:205][  0]LogDerivedDataCache: Loaded boot cache 0.62s 79MB C:/Users/Jeremiah/AppData/Local/UnrealEngine/4.13/DerivedDataCache/Boot.ddc.
[2017.02.20-16.09.37:205][  0]LogDerivedDataCache:Display: Loaded Boot cache: C:/Users/Jeremiah/AppData/Local/UnrealEngine/4.13/DerivedDataCache/Boot.ddc
[2017.02.20-16.09.37:205][  0]LogDerivedDataCache: FDerivedDataBackendGraph:  Pak pak cache file ../../../../../../Users/Jeremiah/Documents/Unreal Projects/TowerDefense/DerivedDataCache/DDC.ddp not found, will not use a pak cache.
[2017.02.20-16.09.37:205][  0]LogDerivedDataCache: Unable to find inner node Pak for hierarchical cache Hierarchy.
[2017.02.20-16.09.37:205][  0]LogDerivedDataCache: FDerivedDataBackendGraph:  CompressedPak pak cache file ../../../../../../Users/Jeremiah/Documents/Unreal Projects/TowerDefense/DerivedDataCache/Compressed.ddp not found, will not use a pak cache.
[2017.02.20-16.09.37:205][  0]LogDerivedDataCache: Unable to find inner node CompressedPak for hierarchical cache Hierarchy.
[2017.02.20-16.09.37:285][  0]LogDerivedDataCache:Display: Pak cache opened for reading ../../../Engine/DerivedDataCache/Compressed.ddp.
[2017.02.20-16.09.37:297][  0]LogDerivedDataCache: Using Local data cache path C:/Users/Jeremiah/AppData/Local/UnrealEngine/Common/DerivedDataCache: Writable
[2017.02.20-16.09.42:432][  0]LogInit: Selected Device Profile: [Windows]
[2017.02.20-16.09.42:635][  0]LogContentStreaming: Texture pool size is 0.00 MB
[2017.02.20-16.09.42:762][  0]LogMeshUtilities: No automatic mesh reduction module available
[2017.02.20-16.09.42:762][  0]LogMeshUtilities: No automatic mesh merging module available
[2017.02.20-16.09.42:762][  0]LogMeshUtilities: No distributed automatic mesh merging module available
[2017.02.20-16.09.43:308][  0]LogMaterial: Uniform references updated for custom material expression Custom.
[2017.02.20-16.09.46:234][  0]LogNetVersion: GetLocalNetworkVersion: CL: 3106830, ProjectName: towerdefense, ProjectVersion: , EngineNetworkVersion: 1, GameNetworkVersion: 0, NetworkChecksum: 3219786773
[2017.02.20-16.09.46:335][  0]LogAssetRegistry: FAssetRegistry took 0.0227 seconds to start up
[2017.02.20-16.09.46:429][  0]LogPackageLocalizationCache: Processed 3 localized package path(s) for 2 prioritized culture(s) in 0.090364 seconds
[2017.02.20-16.09.46:435][  0]LogUObjectArray: 29782 objects as part of root set at end of initial load.
[2017.02.20-16.09.46:435][  0]LogUObjectAllocator: 6126776 out of 0 bytes used by permanent object pool.
[2017.02.20-16.09.46:435][  0]LogUObjectArray: CloseDisregardForGC: 0/0 objects in disregard for GC pool
[2017.02.20-16.09.46:442][  0]LogInit: WinSock: version 1.1 (2.2), MaxSocks=32767, MaxUdp=65467
[2017.02.20-16.09.48:566][  0]LogSlate: SlateFontCache - WITH_FREETYPE: 1, WITH_HARFBUZZ: 1
[2017.02.20-16.09.48:566][  0]LogSlate: SlateFontCache - WITH_FREETYPE: 1, WITH_HARFBUZZ: 1
[2017.02.20-16.10.09:981][  0]LogTcpMessaging: Initializing TcpMessaging bridge
[2017.02.20-16.10.10:017][  0]LogUdpMessaging: Initializing bridge on interface 0.0.0.0:0 to multicast group 230.0.0.1:6666.
[2017.02.20-16.10.10:849][  0]SourceControl: Info Source control is disabled
[2017.02.20-16.10.10:850][  0]SourceControl: Info Source control is disabled
[2017.02.20-16.10.10:912][  0]SourceControl: Info Source control is disabled
[2017.02.20-16.10.10:931][  0]SourceControl: Info Source control is disabled
[2017.02.20-16.10.12:156][  0]LogEngine: Initializing Engine...
[2017.02.20-16.10.12:157][  0]LogHMD: Failed to initialize OpenVR with code 110
[2017.02.20-16.10.12:829][  0]LogAIModule: Creating AISystem for world Untitled
[2017.02.20-16.10.12:859][  0]LogInit: XAudio2 using 'Speakers (Realtek High Definition Audio)' : 2 channels at 48 kHz using 32 bits per sample (channel mask 0x3)
[2017.02.20-16.10.13:320][  0]LogInit: FAudioDevice initialized.
[2017.02.20-16.10.13:352][  0]LogDerivedDataCache: Saved boot cache 0.03s 79MB C:/Users/Jeremiah/AppData/Local/UnrealEngine/4.13/DerivedDataCache/Boot.ddc.
[2017.02.20-16.10.13:358][  0]LogInit: Texture streaming: Enabled
[2017.02.20-16.10.13:378][  0]LogInit: Transaction tracking system initialized
[2017.02.20-16.10.13:399][  0]BlueprintLog: New page: Editor Load
[2017.02.20-16.10.13:518][  0]LocalizationService: Info Localization service is disabled
[2017.02.20-16.10.13:728][  0]LogConsoleResponse:Display: 
[2017.02.20-16.10.17:270][  0]LogCook:Display: Max memory allowance for cook 16384mb min free memory 0mb
[2017.02.20-16.10.17:270][  0]LogCook:Display: Mobile HDR setting 1
[2017.02.20-16.10.17:913][  0]LogFileCache: Scanning file cache for directory 'C:/Users/Jeremiah/Documents/Unreal Projects/TowerDefense/Content/' took 0.02s
[2017.02.20-16.10.18:195][  0]SourceControl: Info Source control is disabled
[2017.02.20-16.10.18:195][  0]Cmd: MAP LOAD FILE="../../../../../../Users/Jeremiah/Documents/Unreal Projects/TowerDefense/Content/TowerDefense/Levels/GameLevel.umap" TEMPLATE=0 SHOWPROGRESS=1 FEATURELEVEL=3
[2017.02.20-16.10.18:249][  0]LightingResults: New page: Lighting Build
[2017.02.20-16.10.18:252][  0]MapCheck: New page: Map Check
[2017.02.20-16.10.18:252][  0]LightingResults: New page: Lighting Build
[2017.02.20-16.10.22:603][  0]LogAIModule: Creating AISystem for world GameLevel
[2017.02.20-16.10.22:942][  0]LogEditorServer: Finished looking for orphan Actors (0.000 secs)
[2017.02.20-16.10.22:943][  0]Cmd: MAP CHECKDEP NOCLEARLOG
[2017.02.20-16.10.23:000][  0]MapCheck: Info Map check complete: 0 Error(s), 0 Warning(s), took 56.662ms to complete.
[2017.02.20-16.10.23:000][  0]LogFileHelpers: Loading map 'GameLevel' took 4.805
[2017.02.20-16.10.23:194][  0]LogCollectionManager: Loaded 0 collections in 0.002704 seconds
[2017.02.20-16.10.23:240][  0]LogFileCache: Scanning file cache for directory 'C:/Users/Jeremiah/Documents/Unreal Projects/TowerDefense/Saved/Collections/' took 0.01s
[2017.02.20-16.10.23:240][  0]LogFileCache: Scanning file cache for directory 'C:/Users/Jeremiah/Documents/Unreal Projects/TowerDefense/Content/Developers/Jeremiah/Collections/' took 0.01s
[2017.02.20-16.10.23:240][  0]LogFileCache: Scanning file cache for directory 'C:/Users/Jeremiah/Documents/Unreal Projects/TowerDefense/Content/Collections/' took 0.01s
[2017.02.20-16.10.23:240][  0]LogCollectionManager: Rebuilt the GUID cache for 0 collections in 0.000005 seconds
[2017.02.20-16.10.23:257][  0]LogContentBrowser: Native class hierarchy populated in 0.0168 seconds. Added 2141 classes and 415 folders.
[2017.02.20-16.10.23:263][  0]LogStats: UGameplayTagsManager::ConstructGameplayTagTree: Construct from data asset -  0.000 s
[2017.02.20-16.10.23:263][  0]LogStats: UGameplayTagsManager::ConstructGameplayTagTree: GameplayTagTreeChangedEvent.Broadcast -  0.000 s
[2017.02.20-16.10.23:264][  0]LogContentBrowser: Native class hierarchy updated for 'GameplayTags' in 0.0009 seconds. Added 12 classes and 0 folders.
[2017.02.20-16.10.23:270][  0]LogContentBrowser: Native class hierarchy updated for 'WidgetCarousel' in 0.0005 seconds. Added 0 classes and 0 folders.
[2017.02.20-16.10.24:007][  0]LogContentBrowser: Native class hierarchy updated for 'AddContentDialog' in 0.0005 seconds. Added 0 classes and 0 folders.
[2017.02.20-16.10.24:048][  0]LogContentBrowser: Native class hierarchy updated for 'SceneOutliner' in 0.0005 seconds. Added 1 classes and 2 folders.
[2017.02.20-16.10.24:143][  0]LogContentBrowser: Native class hierarchy updated for 'WorldBrowser' in 0.0004 seconds. Added 1 classes and 3 folders.
[2017.02.20-16.10.24:204][  0]LogCrashTracker: Crashtracker disabled due to settings.
[2017.02.20-16.10.24:209][  0]LogUObjectGlobals:Warning: Failed to find object 'Class None.'
[2017.02.20-16.10.24:240][  0]LogContentBrowser: Native class hierarchy updated for 'HierarchicalLODOutliner' in 0.0011 seconds. Added 1 classes and 2 folders.
[2017.02.20-16.10.24:240][  0]LogLoad: (Engine Initialization) Total time: 55.68 seconds
[2017.02.20-16.10.24:240][  0]LogLoad: (Engine Initialization) Total Blueprint compile time: 0.42 seconds
[2017.02.20-16.10.24:240][  0]LogExternalProfiler: No external profilers were discovered.  External profiling features will not be available.
[2017.02.20-16.10.24:258][  0]LogOcInput: OculusInput pre-init called
[2017.02.20-16.10.24:288][  0]LogContentStreaming: Texture pool size now 1000 MB
[2017.02.20-16.10.24:712][  0]LogRenderer: Reallocating scene render targets to support 916x724 (Frame:2).
[2017.02.20-16.10.24:785][  1]LogAssetRegistry: Asset discovery search completed in 38.4734 seconds
[2017.02.20-16.10.24:785][  1]LogCollectionManager: Rebuilt the object cache for 0 collections in 0.000000 seconds (found 0 objects)
[2017.02.20-16.10.24:785][  1]LogCollectionManager: Fixed up redirectors for 0 collections in 0.000018 seconds (updated 0 objects)
[2017.02.20-16.10.30:258][310]LogBlueprintUserMessages: Early PlayInEditor Detection: Level '/Game/TowerDefense/Levels/GameLevel.GameLevel:PersistentLevel' has LevelScriptBlueprint '/Game/TowerDefense/Levels/GameLevel.GameLevel:PersistentLevel.GameLevel' with GeneratedClass '/Game/TowerDefense/Levels/GameLevel.GameLevel_C' with ClassGeneratedBy '/Game/TowerDefense/Levels/GameLevel.GameLevel:PersistentLevel.GameLevel'
[2017.02.20-16.10.30:258][310]LogPlayLevel: PlayLevel: No blueprints needed recompiling
[2017.02.20-16.10.30:286][310]PIE: New page: PIE session: GameLevel (Feb 20, 2017, 6:10:30 AM)
[2017.02.20-16.10.30:288][310]LogPlayLevel: Creating play world package: /Game/TowerDefense/Levels/UEDPIE_0_GameLevel
[2017.02.20-16.10.30:299][310]LogPlayLevel: PIE: StaticDuplicateObject took: (0.010366s)
[2017.02.20-16.10.30:299][310]LogAIModule: Creating AISystem for world GameLevel
[2017.02.20-16.10.30:300][310]LogPlayLevel: PIE: World Init took: (0.000686s)
[2017.02.20-16.10.30:300][310]LogPlayLevel: PIE: Created PIE world by copying editor world from /Game/TowerDefense/Levels/GameLevel.GameLevel to /Game/TowerDefense/Levels/UEDPIE_0_GameLevel.GameLevel (0.011487s)
[2017.02.20-16.10.30:319][310]LogInit: XAudio2 using 'Speakers (Realtek High Definition Audio)' : 2 channels at 48 kHz using 32 bits per sample (channel mask 0x3)
[2017.02.20-16.10.30:324][310]LogInit: FAudioDevice initialized.
[2017.02.20-16.10.30:414][310]LogWorld: Game class is 'TDGameMode_C'
[2017.02.20-16.10.30:419][310]LogWorld: Bringing World /Game/TowerDefense/Levels/UEDPIE_0_GameLevel.GameLevel up for play (max tick rate 60) at 2017.02.20-11.10.30
[2017.02.20-16.10.30:421][310]LogWorld: Bringing up level for play took: 0.005682
[2017.02.20-16.10.30:424][310]LogContentBrowser: Native class hierarchy updated for 'MovieSceneCapture' in 0.0005 seconds. Added 11 classes and 0 folders.
[2017.02.20-16.10.30:425][310]LogGameMode:Display: Match State Changed from EnteringMap to WaitingToStart
[2017.02.20-16.10.30:425][310]LogGameState: Match State Changed from EnteringMap to WaitingToStart
[2017.02.20-16.10.30:425][310]LogGameMode:Display: Match State Changed from WaitingToStart to InProgress
[2017.02.20-16.10.30:426][310]LogGameState: Match State Changed from WaitingToStart to InProgress
[2017.02.20-16.10.30:426][310]PIE: Info Play in editor start time for /Game/TowerDefense/Levels/UEDPIE_0_GameLevel 0.602
[2017.02.20-16.10.30:426][310]LogBlueprintUserMessages: Late PlayInEditor Detection: Level '/Game/TowerDefense/Levels/GameLevel.GameLevel:PersistentLevel' has LevelScriptBlueprint '/Game/TowerDefense/Levels/GameLevel.GameLevel:PersistentLevel.GameLevel' with GeneratedClass '/Game/TowerDefense/Levels/GameLevel.GameLevel_C' with ClassGeneratedBy '/Game/TowerDefense/Levels/GameLevel.GameLevel:PersistentLevel.GameLevel'
[2017.02.20-16.10.37:371][722]LogBlueprintUserMessages: Early EndPlayMap Detection: Level '/Game/TowerDefense/Levels/GameLevel.GameLevel:PersistentLevel' has LevelScriptBlueprint '/Game/TowerDefense/Levels/GameLevel.GameLevel:PersistentLevel.GameLevel' with GeneratedClass '/Game/TowerDefense/Levels/GameLevel.GameLevel_C' with ClassGeneratedBy '/Game/TowerDefense/Levels/GameLevel.GameLevel:PersistentLevel.GameLevel'
[2017.02.20-16.10.37:435][722]LogBlueprintUserMessages: Late EndPlayMap Detection: Level '/Game/TowerDefense/Levels/GameLevel.GameLevel:PersistentLevel' has LevelScriptBlueprint '/Game/TowerDefense/Levels/GameLevel.GameLevel:PersistentLevel.GameLevel' with GeneratedClass '/Game/TowerDefense/Levels/GameLevel.GameLevel_C' with ClassGeneratedBy '/Game/TowerDefense/Levels/GameLevel.GameLevel:PersistentLevel.GameLevel'
[2017.02.20-17.13.19:622][296]LogSavePackage: Save=126.99ms
[2017.02.20-17.13.19:622][296]LogSavePackage: Moving '../../../../../../Users/Jeremiah/Documents/Unreal Projects/TowerDefense/Saved/GameLevelB28BDADB475E876B24F0A3A39416B6C4.tmp' to '../../../../../../Users/Jeremiah/Documents/Unreal Projects/TowerDefense/Content/TowerDefense/Levels/GameLevel.umap'
[2017.02.20-17.13.19:623][296]LogSavePackage:Display: Finished SavePackage ../../../../../../Users/Jeremiah/Documents/Unreal Projects/TowerDefense/Content/TowerDefense/Levels/GameLevel.umap
[2017.02.20-18.54.57:990][626]LogContentBrowser: Native class hierarchy updated for 'BlueprintGraph' in 0.0008 seconds. Added 112 classes and 0 folders.
[2017.02.20-18.55.03:628][901]LogRenderer: Reallocating scene render targets to support 1144x724 (Frame:614548).
[2017.02.20-18.55.39:387][979]LogSkeletalMesh: InitArticulated: Bodies already created (/Engine/Transient.DebugSkelMeshComponent_0) - call TermArticulated first.
[2017.02.20-18.55.39:830][979]LogRenderer: Reallocating scene render targets to support 1144x880 (Frame:621868).
[2017.02.20-18.57.04:433][ 20]LogWindowsTextInputMethodSystem:Display: IME system now deactivated.
[2017.02.20-18.57.04:621][ 21]Cmd: QUIT_EDITOR
[2017.02.20-18.57.04:737][ 21]LogExit: Preparing to exit.
[2017.02.20-18.57.05:170][ 21]LogDirectoryWatcher: A directory notification for 'C:/Users/Jeremiah/Documents/Unreal Projects/TowerDefense/Content/' was aborted.
[2017.02.20-18.57.05:203][ 21]LogExit: Editor shut down
[2017.02.20-18.57.05:204][ 21]LogExit: Transaction tracking system shut down
[2017.02.20-18.57.05:349][ 21]LogObj: Freed 0b from 0 cluster array pools.
[2017.02.20-18.57.05:349][ 21]LogExit: Object subsystem successfully closed.
[2017.02.20-18.57.05:363][ 21]LogD3D11RHI: Shutdown
[2017.02.20-18.57.05:363][ 21]LogD3D11RHI: CleanupD3DDevice
[2017.02.20-18.57.05:442][ 21]LogD3D11RHI: ~FD3D11DynamicRHI
[2017.02.20-18.57.05:453][ 21]LogModuleManager: Shutting down and abandoning module BlueprintGraph (237)
[2017.02.20-18.57.05:453][ 21]LogModuleManager: Shutting down and abandoning module BlueprintProfiler (236)
[2017.02.20-18.57.05:453][ 21]LogModuleManager: Shutting down and abandoning module MovieSceneCapture (235)
[2017.02.20-18.57.05:453][ 21]LogModuleManager: Shutting down and abandoning module HierarchicalLODOutliner (234)
[2017.02.20-18.57.05:453][ 21]LogModuleManager: Shutting down and abandoning module CrashTracker (233)
[2017.02.20-18.57.05:453][ 21]LogModuleManager: Shutting down and abandoning module WorldBrowser (232)
[2017.02.20-18.57.05:454][ 21]LogModuleManager: Shutting down and abandoning module SceneOutliner (231)
[2017.02.20-18.57.05:454][ 21]LogModuleManager: Shutting down and abandoning module WidgetCarousel (230)
[2017.02.20-18.57.05:454][ 21]LogModuleManager: Shutting down and abandoning module AddContentDialog (229)
[2017.02.20-18.57.05:454][ 21]LogDirectoryWatcher: A directory notification for 'C:/Program Files/Epic Games/UE_4.13/FeaturePacks/' was aborted.
[2017.02.20-18.57.05:455][ 21]LogModuleManager: Shutting down and abandoning module GameplayTags (228)
[2017.02.20-18.57.05:455][ 21]LogModuleManager: Shutting down and abandoning module EditorWidgets (227)
[2017.02.20-18.57.05:455][ 21]LogModuleManager: Shutting down and abandoning module CollectionManager (226)
[2017.02.20-18.57.05:455][ 21]LogDirectoryWatcher: A directory notification for 'C:/Users/Jeremiah/Documents/Unreal Projects/TowerDefense/Content/Collections/' was aborted.
[2017.02.20-18.57.05:455][ 21]LogDirectoryWatcher: A directory notification for 'C:/Users/Jeremiah/Documents/Unreal Projects/TowerDefense/Content/Developers/Jeremiah/Collections/' was aborted.
[2017.02.20-18.57.05:455][ 21]LogDirectoryWatcher: A directory notification for 'C:/Users/Jeremiah/Documents/Unreal Projects/TowerDefense/Saved/Collections/' was aborted.
[2017.02.20-18.57.05:455][ 21]LogModuleManager: Shutting down and abandoning module StatsViewer (225)
[2017.02.20-18.57.05:455][ 21]LogModuleManager: Shutting down and abandoning module FoliageEdit (224)
[2017.02.20-18.57.05:455][ 21]LogModuleManager: Shutting down and abandoning module LandscapeEditor (223)
[2017.02.20-18.57.05:455][ 21]LogModuleManager: Shutting down and abandoning module SceneDepthPickerMode (222)
[2017.02.20-18.57.05:455][ 21]LogModuleManager: Shutting down and abandoning module ActorPickerMode (221)
[2017.02.20-18.57.05:455][ 21]LogModuleManager: Shutting down and abandoning module GeometryMode (220)
[2017.02.20-18.57.05:455][ 21]LogModuleManager: Shutting down and abandoning module TextureAlignMode (219)
[2017.02.20-18.57.05:455][ 21]LogModuleManager: Shutting down and abandoning module BspMode (218)
[2017.02.20-18.57.05:455][ 21]LogModuleManager: Shutting down and abandoning module HardwareSurvey (217)
[2017.02.20-18.57.05:455][ 21]LogModuleManager: Shutting down and abandoning module SequenceRecorderSections (216)
[2017.02.20-18.57.05:455][ 21]LogModuleManager: Shutting down and abandoning module SequenceRecorder (215)
[2017.02.20-18.57.05:455][ 21]LogModuleManager: Shutting down and abandoning module AutomationWorker (214)
[2017.02.20-18.57.05:455][ 21]LogModuleManager: Shutting down and abandoning module MatineeToLevelSequence (213)
[2017.02.20-18.57.05:455][ 21]LogModuleManager: Shutting down and abandoning module PlacementMode (212)
[2017.02.20-18.57.05:455][ 21]LogModuleManager: Shutting down and abandoning module LevelSequenceEditor (211)
[2017.02.20-18.57.05:455][ 21]LogModuleManager: Shutting down and abandoning module WmfMediaFactory (210)
[2017.02.20-18.57.05:455][ 21]LogModuleManager: Shutting down and abandoning module WmfMediaEditor (209)
[2017.02.20-18.57.05:455][ 21]LogModuleManager: Shutting down and abandoning module AvfMediaFactory (208)
[2017.02.20-18.57.05:455][ 21]LogModuleManager: Shutting down and abandoning module AvfMediaEditor (207)
[2017.02.20-18.57.05:455][ 21]LogModuleManager: Shutting down and abandoning module Media (206)
[2017.02.20-18.57.05:455][ 21]LogModuleManager: Shutting down and abandoning module AndroidMediaFactory (205)
[2017.02.20-18.57.05:455][ 21]LogModuleManager: Shutting down and abandoning module AndroidMediaEditor (204)
[2017.02.20-18.57.05:455][ 21]LogModuleManager: Shutting down and abandoning module CharacterAI (203)
[2017.02.20-18.57.05:455][ 21]LogModuleManager: Shutting down and abandoning module SmartSnapping (202)
[2017.02.20-18.57.05:455][ 21]LogModuleManager: Shutting down and abandoning module SessionServices (201)
[2017.02.20-18.57.05:455][ 21]LogModuleManager: Shutting down and abandoning module ViewportSnapping (200)
[2017.02.20-18.57.05:455][ 21]LogModuleManager: Shutting down and abandoning module ViewportInteraction (199)
[2017.02.20-18.57.05:455][ 21]LogModuleManager: Shutting down and abandoning module LogVisualizer (198)
[2017.02.20-18.57.05:455][ 21]LogModuleManager: Shutting down and abandoning module GameProjectGeneration (197)
[2017.02.20-18.57.05:456][ 21]LogModuleManager: Shutting down and abandoning module IntroTutorials (196)
[2017.02.20-18.57.05:456][ 21]LogModuleManager: Shutting down and abandoning module EditorLiveStreaming (195)
[2017.02.20-18.57.05:456][ 21]LogModuleManager: Shutting down and abandoning module IOSPlatformEditor (194)
[2017.02.20-18.57.05:456][ 21]LogModuleManager: Shutting down and abandoning module HTML5PlatformEditor (193)
[2017.02.20-18.57.05:456][ 21]LogModuleManager: Shutting down and abandoning module AndroidDeviceDetection (192)
[2017.02.20-18.57.05:937][ 21]LogModuleManager: Shutting down and abandoning module AndroidPlatformEditor (191)
[2017.02.20-18.57.05:937][ 21]LogModuleManager: Shutting down and abandoning module IOSRuntimeSettings (190)
[2017.02.20-18.57.05:937][ 21]LogModuleManager: Shutting down and abandoning module AndroidRuntimeSettings (189)
[2017.02.20-18.57.05:937][ 21]LogModuleManager: Shutting down and abandoning module NiagaraEditor (188)
[2017.02.20-18.57.05:937][ 21]LogModuleManager: Shutting down and abandoning module MergeActors (187)
[2017.02.20-18.57.05:937][ 21]LogModuleManager: Shutting down and abandoning module SizeMap (186)
[2017.02.20-18.57.05:937][ 21]LogModuleManager: Shutting down and abandoning module TreeMap (185)
[2017.02.20-18.57.05:937][ 21]LogModuleManager: Shutting down and abandoning module ReferenceViewer (184)
[2017.02.20-18.57.05:937][ 21]LogModuleManager: Shutting down and abandoning module LocalizationService (183)
[2017.02.20-18.57.05:937][ 21]LogModuleManager: Shutting down and abandoning module LocalizationDashboard (182)
[2017.02.20-18.57.05:938][ 21]LogModuleManager: Shutting down and abandoning module HardwareTargeting (181)
[2017.02.20-18.57.05:938][ 21]LogModuleManager: Shutting down and abandoning module DeviceProfileEditor (180)
[2017.02.20-18.57.05:938][ 21]LogModuleManager: Shutting down and abandoning module UndoHistory (179)
[2017.02.20-18.57.05:938][ 21]LogModuleManager: Shutting down and abandoning module UserFeedback (178)
[2017.02.20-18.57.05:938][ 21]LogModuleManager: Shutting down and abandoning module XmlParser (177)
[2017.02.20-18.57.05:938][ 21]LogModuleManager: Shutting down and abandoning module Blutility (176)
[2017.02.20-18.57.05:938][ 21]LogModuleManager: Shutting down and abandoning module ProjectTargetPlatformEditor (175)
[2017.02.20-18.57.05:938][ 21]LogModuleManager: Shutting down and abandoning module ProjectSettingsViewer (174)
[2017.02.20-18.57.05:938][ 21]LogModuleManager: Shutting down and abandoning module InputBindingEditor (173)
[2017.02.20-18.57.05:939][ 21]LogModuleManager: Shutting down and abandoning module EditorSettingsViewer (172)
[2017.02.20-18.57.05:939][ 21]LogModuleManager: Shutting down and abandoning module SettingsEditor (171)
[2017.02.20-18.57.05:939][ 21]LogModuleManager: Shutting down and abandoning module ProjectLauncher (170)
[2017.02.20-18.57.05:939][ 21]LogModuleManager: Shutting down and abandoning module SessionFrontend (169)
[2017.02.20-18.57.05:939][ 21]LogModuleManager: Shutting down and abandoning module ProfilerClient (168)
[2017.02.20-18.57.05:939][ 21]LogModuleManager: Shutting down and abandoning module TargetDeviceServices (167)
[2017.02.20-18.57.05:939][ 21]LogModuleManager: Shutting down and abandoning module DeviceManager (166)
[2017.02.20-18.57.05:982][ 21]LogModuleManager: Shutting down and abandoning module AutomationController (165)
[2017.02.20-18.57.05:982][ 21]LogModuleManager: Shutting down and abandoning module AutomationWindow (164)
[2017.02.20-18.57.05:982][ 21]LogModuleManager: Shutting down and abandoning module Layers (163)
[2017.02.20-18.57.05:982][ 21]LogModuleManager: Shutting down and abandoning module ComponentVisualizers (162)
[2017.02.20-18.57.05:982][ 21]LogModuleManager: Shutting down and abandoning module DetailCustomizations (161)
[2017.02.20-18.57.05:982][ 21]LogModuleManager: Shutting down and abandoning module PackagesDialog (160)
[2017.02.20-18.57.05:982][ 21]LogModuleManager: Shutting down and abandoning module AnimGraph (159)
[2017.02.20-18.57.05:982][ 21]LogModuleManager: Shutting down and abandoning module Persona (158)
[2017.02.20-18.57.05:983][ 21]LogModuleManager: Shutting down and abandoning module Kismet (157)
[2017.02.20-18.57.05:997][ 21]LogModuleManager: Shutting down and abandoning module GraphEditor (156)
[2017.02.20-18.57.05:997][ 21]LogModuleManager: Shutting down and abandoning module ClassViewer (155)
[2017.02.20-18.57.05:997][ 21]LogModuleManager: Shutting down and abandoning module Toolbox (154)
[2017.02.20-18.57.05:997][ 21]LogModuleManager: Shutting down and abandoning module ModuleUI (153)
[2017.02.20-18.57.05:997][ 21]LogModuleManager: Shutting down and abandoning module MovieSceneTools (152)
[2017.02.20-18.57.05:997][ 21]LogModuleManager: Shutting down and abandoning module OutputLog (151)
[2017.02.20-18.57.05:997][ 21]LogModuleManager: Shutting down and abandoning module GammaUI (150)
[2017.02.20-18.57.05:997][ 21]LogModuleManager: Shutting down and abandoning module Documentation (149)
[2017.02.20-18.57.05:997][ 21]LogModuleManager: Shutting down and abandoning module Niagara (148)
[2017.02.20-18.57.05:997][ 21]LogModuleManager: Shutting down and abandoning module StreamingPauseRendering (147)
[2017.02.20-18.57.05:997][ 21]LogModuleManager: Shutting down and abandoning module AnalyticsET (146)
[2017.02.20-18.57.05:997][ 21]LogModuleManager: Shutting down and abandoning module PortalServices (145)
[2017.02.20-18.57.05:997][ 21]LogModuleManager: Shutting down and abandoning module PortalRpc (144)
[2017.02.20-18.57.05:997][ 21]LogModuleManager: Shutting down and abandoning module MessagingRpc (143)
[2017.02.20-18.57.05:997][ 21]LogModuleManager: Shutting down and abandoning module GameplayDebugger (142)
[2017.02.20-18.57.05:997][ 21]LogModuleManager: Shutting down and abandoning module AITestSuite (141)
[2017.02.20-18.57.05:997][ 21]LogModuleManager: Shutting down and abandoning module AIModule (140)
[2017.02.20-18.57.05:997][ 21]LogModuleManager: Shutting down and abandoning module ProfilerService (139)
[2017.02.20-18.57.06:079][ 21]LogModuleManager: Shutting down and abandoning module TaskGraph (138)
[2017.02.20-18.57.06:079][ 21]LogModuleManager: Shutting down and abandoning module SlateRemote (137)
[2017.02.20-18.57.06:079][ 21]LogModuleManager: Shutting down and abandoning module SteamVRController (136)
[2017.02.20-18.57.06:079][ 21]LogModuleManager: Shutting down and abandoning module SteamVR (135)
[2017.02.20-18.57.06:079][ 21]LogModuleManager: Shutting down and abandoning module ProceduralMeshComponentEditor (134)
[2017.02.20-18.57.06:079][ 21]LogModuleManager: Shutting down and abandoning module ProceduralMeshComponent (133)
[2017.02.20-18.57.06:079][ 21]LogModuleManager: Shutting down and abandoning module OculusLibrary (132)
[2017.02.20-18.57.06:079][ 21]LogModuleManager: Shutting down and abandoning module OculusInput (131)
[2017.02.20-18.57.06:079][ 21]LogModuleManager: Shutting down and abandoning module CustomMeshComponent (130)
[2017.02.20-18.57.06:079][ 21]LogModuleManager: Shutting down and abandoning module CableComponent (129)
[2017.02.20-18.57.06:079][ 21]LogModuleManager: Shutting down and abandoning module ArchVisCharacter (128)
[2017.02.20-18.57.06:079][ 21]LogModuleManager: Shutting down and abandoning module MediaPlayerEditor (126)
[2017.02.20-18.57.06:079][ 21]LogModuleManager: Shutting down and abandoning module HTML5Networking (125)
[2017.02.20-18.57.06:080][ 21]LogModuleManager: Shutting down and abandoning module GeometryCacheEd (124)
[2017.02.20-18.57.06:080][ 21]LogModuleManager: Shutting down and abandoning module GeometryCache (123)
[2017.02.20-18.57.06:080][ 21]LogModuleManager: Shutting down and abandoning module AlembicLibrary (122)
[2017.02.20-18.57.06:080][ 21]LogModuleManager: Shutting down and abandoning module AlembicImporter (121)
[2017.02.20-18.57.06:080][ 21]LogModuleManager: Shutting down and abandoning module SuperSearch (120)
[2017.02.20-18.57.06:080][ 21]LogModuleManager: Shutting down and abandoning module SuperSearchEditor (119)
[2017.02.20-18.57.06:080][ 21]LogModuleManager: Shutting down and abandoning module SpeedTreeImporter (118)
[2017.02.20-18.57.06:080][ 21]LogModuleManager: Shutting down and abandoning module PluginBrowser (117)
[2017.02.20-18.57.06:080][ 21]LogModuleManager: Shutting down and abandoning module MobileLauncherProfileWizard (116)
[2017.02.20-18.57.06:080][ 21]LogModuleManager: Shutting down and abandoning module EpicSurvey (115)
[2017.02.20-18.57.06:080][ 21]LogModuleManager: Shutting down and abandoning module DesktopPlatform (114)
[2017.02.20-18.57.06:080][ 21]LogModuleManager: Shutting down and abandoning module VisualStudioSourceCodeAccess (113)
[2017.02.20-18.57.06:080][ 21]LogModuleManager: Shutting down and abandoning module UObjectPlugin (112)
[2017.02.20-18.57.06:080][ 21]LogModuleManager: Shutting down and abandoning module SubversionSourceControl (111)
[2017.02.20-18.57.06:080][ 21]LogModuleManager: Shutting down and abandoning module PerforceSourceControl (110)
[2017.02.20-18.57.06:080][ 21]LogModuleManager: Shutting down and abandoning module SourceControl (109)
[2017.02.20-18.57.06:081][ 21]LogModuleManager: Shutting down and abandoning module GitSourceControl (108)
[2017.02.20-18.57.06:081][ 21]LogModuleManager: Shutting down and abandoning module LightPropagationVolumeEditor (107)
[2017.02.20-18.57.06:081][ 21]LogModuleManager: Shutting down and abandoning module PaperTiledImporter (106)
[2017.02.20-18.57.06:081][ 21]LogModuleManager: Shutting down and abandoning module PaperSpriteSheetImporter (105)
[2017.02.20-18.57.06:081][ 21]LogModuleManager: Shutting down and abandoning module MeshPaint (104)
[2017.02.20-18.57.06:081][ 21]LogModuleManager: Shutting down and abandoning module FbxAutomationBuilderModule (103)
[2017.02.20-18.57.06:081][ 21]LogModuleManager: Shutting down and abandoning module PixelInspectorModule (102)
[2017.02.20-18.57.06:081][ 21]LogModuleManager: Shutting down and abandoning module HotReload (101)
[2017.02.20-18.57.06:082][ 21]LogModuleManager: Shutting down and abandoning module MainFrame (100)
[2017.02.20-18.57.06:082][ 21]LogModuleManager: Shutting down and abandoning module LevelEditor (99)
[2017.02.20-18.57.06:084][ 21]LogModuleManager: Shutting down and abandoning module ContentBrowser (98)
[2017.02.20-18.57.06:086][ 21]LogModuleManager: Shutting down and abandoning module Paper2DEditor (97)
[2017.02.20-18.57.06:087][ 21]LogModuleManager: Shutting down and abandoning module UdpMessaging (96)
[2017.02.20-18.57.06:188][ 21]LogModuleManager: Shutting down and abandoning module TcpMessaging (95)
[2017.02.20-18.57.06:289][ 21]LogModuleManager: Shutting down and abandoning module LightPropagationVolumeRuntime (94)
[2017.02.20-18.57.06:289][ 21]LogModuleManager: Shutting down and abandoning module Paper2D (93)
[2017.02.20-18.57.06:289][ 21]LogModuleManager: Shutting down and abandoning module WindowsMoviePlayer (92)
[2017.02.20-18.57.06:289][ 21]LogModuleManager: Shutting down and abandoning module WmfMedia (91)
[2017.02.20-18.57.06:289][ 21]LogModuleManager: Shutting down and abandoning module MediaAssets (90)
[2017.02.20-18.57.06:289][ 21]LogModuleManager: Shutting down and abandoning module GameLiveStreaming (89)
[2017.02.20-18.57.06:290][ 21]LogModuleManager: Shutting down and abandoning module GameplayTagsEditor (88)
[2017.02.20-18.57.06:290][ 21]LogModuleManager: Shutting down and abandoning module VREditor (87)
[2017.02.20-18.57.06:290][ 21]LogModuleManager: Shutting down and abandoning module GameplayTasksEditor (86)
[2017.02.20-18.57.06:290][ 21]LogModuleManager: Shutting down and abandoning module PropertyEditor (85)
[2017.02.20-18.57.06:290][ 21]LogModuleManager: Shutting down and abandoning module BehaviorTreeEditor (84)
[2017.02.20-18.57.06:290][ 21]LogModuleManager: Shutting down and abandoning module FunctionalTesting (83)
[2017.02.20-18.57.06:290][ 21]LogModuleManager: Shutting down and abandoning module CollisionAnalyzer (82)
[2017.02.20-18.57.06:290][ 21]LogModuleManager: Shutting down and abandoning module Sequencer (81)
[2017.02.20-18.57.06:290][ 21]LogModuleManager: Shutting down and abandoning module WorkspaceMenuStructure (80)
[2017.02.20-18.57.06:290][ 21]LogModuleManager: Shutting down and abandoning module MessageLog (79)
[2017.02.20-18.57.06:290][ 21]LogModuleManager: Shutting down and abandoning module AssetTools (78)
[2017.02.20-18.57.06:290][ 21]LogModuleManager: Shutting down and abandoning module UMGEditor (77)
[2017.02.20-18.57.06:290][ 21]LogModuleManager: Shutting down and abandoning module UMG (76)
[2017.02.20-18.57.06:291][ 21]LogModuleManager: Shutting down and abandoning module SlateReflector (75)
[2017.02.20-18.57.06:291][ 21]LogModuleManager: Shutting down and abandoning module Slate (74)
[2017.02.20-18.57.06:291][ 21]LogModuleManager: Shutting down and abandoning module EditorStyle (73)
[2017.02.20-18.57.06:298][ 21]LogModuleManager: Shutting down and abandoning module SourceCodeAccess (72)
[2017.02.20-18.57.06:298][ 21]LogModuleManager: Shutting down and abandoning module HeadMountedDisplay (71)
[2017.02.20-18.57.06:298][ 21]LogModuleManager: Shutting down and abandoning module XAudio2 (70)
[2017.02.20-18.57.06:298][ 21]LogModuleManager: Shutting down and abandoning module Networking (68)
[2017.02.20-18.57.06:298][ 21]LogModuleManager: Shutting down and abandoning module Core (67)
[2017.02.20-18.57.06:298][ 21]LogModuleManager: Shutting down and abandoning module DirectoryWatcher (66)
[2017.02.20-18.57.06:298][ 21]LogDirectoryWatcher: A directory notification for '../../../Engine/Content/' was aborted.
[2017.02.20-18.57.06:298][ 21]LogDirectoryWatcher: A directory notification for '../../../../../../Users/Jeremiah/Documents/Unreal Projects/TowerDefense/Content/' was aborted.
[2017.02.20-18.57.06:299][ 21]LogDirectoryWatcher: A directory notification for '../../../Engine/Plugins/2D/Paper2D/Content/' was aborted.
[2017.02.20-18.57.06:300][ 21]LogModuleManager: Shutting down and abandoning module AssetRegistry (65)
[2017.02.20-18.57.06:409][ 21]LogModuleManager: Shutting down and abandoning module KismetCompiler (64)
[2017.02.20-18.57.06:409][ 21]LogModuleManager: Shutting down and abandoning module PhysXFormats (63)
[2017.02.20-18.57.06:409][ 21]LogModuleManager: Shutting down and abandoning module MeshUtilities (62)
[2017.02.20-18.57.06:409][ 21]LogModuleManager: Shutting down and abandoning module DerivedDataCache (61)
[2017.02.20-18.57.06:500][ 21]LogDerivedDataCache: Shutdown
[2017.02.20-18.57.06:500][ 21]LogModuleManager: Shutting down and abandoning module VulkanShaderFormat (60)
[2017.02.20-18.57.06:500][ 21]LogModuleManager: Shutting down and abandoning module ShaderFormatOpenGL (59)
[2017.02.20-18.57.06:500][ 21]LogModuleManager: Shutting down and abandoning module ShaderFormatD3D (58)
[2017.02.20-18.57.06:500][ 21]LogModuleManager: Shutting down and abandoning module MetalShaderFormat (57)
[2017.02.20-18.57.06:500][ 21]LogModuleManager: Shutting down and abandoning module TextureFormatUncompressed (56)
[2017.02.20-18.57.06:500][ 21]LogModuleManager: Shutting down and abandoning module TextureFormatPVR (55)
[2017.02.20-18.57.06:500][ 21]LogModuleManager: Shutting down and abandoning module TextureFormatDXT (54)
[2017.02.20-18.57.06:500][ 21]LogModuleManager: Shutting down and abandoning module TextureFormatIntelISPCTexComp (53)
[2017.02.20-18.57.06:502][ 21]LogModuleManager: Shutting down and abandoning module ImageWrapper (52)
[2017.02.20-18.57.06:502][ 21]LogModuleManager: Shutting down and abandoning module TextureFormatASTC (51)
[2017.02.20-18.57.06:502][ 21]LogModuleManager: Shutting down and abandoning module TextureFormatAndroid (50)
[2017.02.20-18.57.06:502][ 21]LogModuleManager: Shutting down and abandoning module AudioFormatOpus (49)
[2017.02.20-18.57.06:502][ 21]LogModuleManager: Shutting down and abandoning module AudioFormatOgg (48)
[2017.02.20-18.57.06:502][ 21]LogModuleManager: Shutting down and abandoning module AudioFormatADPCM (47)
[2017.02.20-18.57.06:502][ 21]LogModuleManager: Shutting down and abandoning module LinuxTargetPlatform (46)
[2017.02.20-18.57.06:502][ 21]LogModuleManager: Shutting down and abandoning module LinuxServerTargetPlatform (45)
[2017.02.20-18.57.06:502][ 21]LogModuleManager: Shutting down and abandoning module LinuxNoEditorTargetPlatform (44)
[2017.02.20-18.57.06:502][ 21]LogModuleManager: Shutting down and abandoning module LinuxClientTargetPlatform (43)
[2017.02.20-18.57.06:502][ 21]LogModuleManager: Shutting down and abandoning module TVOSTargetPlatform (42)
[2017.02.20-18.57.06:502][ 21]LogModuleManager: Shutting down and abandoning module Messaging (41)
[2017.02.20-18.57.06:502][ 21]LogModuleManager: Shutting down and abandoning module IOSTargetPlatform (40)
[2017.02.20-18.57.06:502][ 21]LogModuleManager: Shutting down and abandoning module HTML5TargetPlatform (39)
[2017.02.20-18.57.06:502][ 21]LogModuleManager: Shutting down and abandoning module Android_PVRTCTargetPlatform (38)
[2017.02.20-18.57.06:502][ 21]LogModuleManager: Shutting down and abandoning module Android_MultiTargetPlatform (37)
[2017.02.20-18.57.06:502][ 21]LogModuleManager: Shutting down and abandoning module Android_ETC2TargetPlatform (36)
[2017.02.20-18.57.06:502][ 21]LogModuleManager: Shutting down and abandoning module Android_ETC1TargetPlatform (35)
[2017.02.20-18.57.06:502][ 21]LogModuleManager: Shutting down and abandoning module Android_DXTTargetPlatform (34)
[2017.02.20-18.57.06:502][ 21]LogModuleManager: Shutting down and abandoning module Android_ATCTargetPlatform (33)
[2017.02.20-18.57.06:502][ 21]LogModuleManager: Shutting down and abandoning module Android_ASTCTargetPlatform (32)
[2017.02.20-18.57.06:503][ 21]LogModuleManager: Shutting down and abandoning module AndroidTargetPlatform (31)
[2017.02.20-18.57.06:503][ 21]LogModuleManager: Shutting down and abandoning module WindowsTargetPlatform (30)
[2017.02.20-18.57.06:503][ 21]LogModuleManager: Shutting down and abandoning module WindowsServerTargetPlatform (29)
[2017.02.20-18.57.06:503][ 21]LogModuleManager: Shutting down and abandoning module WindowsNoEditorTargetPlatform (28)
[2017.02.20-18.57.06:503][ 21]LogModuleManager: Shutting down and abandoning module WindowsClientTargetPlatform (27)
[2017.02.20-18.57.06:503][ 21]LogModuleManager: Shutting down and abandoning module AllDesktopTargetPlatform (26)
[2017.02.20-18.57.06:503][ 21]LogModuleManager: Shutting down and abandoning module TargetPlatform (25)
[2017.02.20-18.57.06:503][ 21]LogModuleManager: Shutting down and abandoning module InputCore (24)
[2017.02.20-18.57.06:503][ 21]LogModuleManager: Shutting down and abandoning module Settings (23)
[2017.02.20-18.57.06:503][ 21]LogModuleManager: Shutting down and abandoning module OculusRift (22)
[2017.02.20-18.57.06:503][ 21]LogModuleManager: Shutting down and abandoning module GearVR (21)
[2017.02.20-18.57.06:503][ 21]LogModuleManager: Shutting down and abandoning module ExampleDeviceProfileSelector (20)
[2017.02.20-18.57.06:503][ 21]LogModuleManager: Shutting down and abandoning module OnlineBlueprintSupport (19)
[2017.02.20-18.57.06:503][ 21]LogModuleManager: Shutting down and abandoning module OnlineSubsystem (17)
[2017.02.20-18.57.06:503][ 21]LogOnline:Display: Unloading online subsystem: NULL
[2017.02.20-18.57.06:503][ 21]LogModuleManager: Shutting down and abandoning module HTTP (16)
[2017.02.20-18.57.06:503][ 21]LogHttp:Display: Http module shutting down, but needs to wait on 1 outstanding Http requests:
[2017.02.20-18.57.06:503][ 21]LogHttp:Display: 	verb=[POST] url=[https://datarouter.ol.epicgames.com/datarouter/api/v1/public/data?SessionID=%7B321FB8F7-4151-CDB5-660C-B19AD87F2627%7D&AppID=UEEditor.Rocket.Release&AppVersion=4.13.2-3172292%2B%2B%2BUE4%2BRelease-4.13&UserID=dc8f8eeb4c6f12cebee100a10699f5cb%7Cbadb93d1a0a34b91b37a5c3307046088%7Cb14aa685-7962-40a3-8c8f-1a5bec551f96&AppEnvironment=datacollector-binary&UploadType=eteventstream] status=Processing
[2017.02.20-18.57.06:503][ 21]LogHttp:Display: Sleeping 0.5s to wait for 1 outstanding Http requests.
[2017.02.20-18.57.07:007][ 21]LogModuleManager: Shutting down and abandoning module XMPP (15)
[2017.02.20-18.57.07:007][ 21]LogModuleManager: Shutting down and abandoning module TextureCompressor (14)
[2017.02.20-18.57.07:007][ 21]LogModuleManager: Shutting down and abandoning module ShaderCore (13)
[2017.02.20-18.57.07:007][ 21]LogModuleManager: Shutting down and abandoning module Landscape (12)
[2017.02.20-18.57.07:007][ 21]LogModuleManager: Shutting down and abandoning module SlateRHIRenderer (11)
[2017.02.20-18.57.07:008][ 21]LogModuleManager: Shutting down and abandoning module OpenGLDrv (10)
[2017.02.20-18.57.07:008][ 21]LogModuleManager: Shutting down and abandoning module D3D11RHI (9)
[2017.02.20-18.57.07:008][ 21]LogModuleManager: Shutting down and abandoning module AnimGraphRuntime (8)
[2017.02.20-18.57.07:008][ 21]LogModuleManager: Shutting down and abandoning module Renderer (7)
[2017.02.20-18.57.07:008][ 21]LogModuleManager: Shutting down and abandoning module Engine (6)
[2017.02.20-18.57.07:008][ 21]LogModuleManager: Shutting down and abandoning module CoreUObject (5)
[2017.02.20-18.57.07:008][ 21]LogModuleManager: Shutting down and abandoning module NetworkFile (4)
[2017.02.20-18.57.07:008][ 21]LogModuleManager: Shutting down and abandoning module StreamingFile (3)
[2017.02.20-18.57.07:008][ 21]LogModuleManager: Shutting down and abandoning module SandboxFile (2)
[2017.02.20-18.57.07:008][ 21]LogModuleManager: Shutting down and abandoning module PakFile (1)
[2017.02.20-18.57.07:011][ 21]LogExit: Exiting.
[2017.02.20-18.57.07:015][ 21]Log file closed, 02/20/17 13:57:07
